#
# A fatal error has been detected by the Java Runtime Environment:
#
#  EXCEPTION_ACCESS_VIOLATION (0xc0000005) at pc=0x00007ff87aae9efe, pid=10164, tid=13040
#
# JRE version: Java(TM) SE Runtime Environment (14.0.1+7) (build 14.0.1+7)
# Java VM: Java HotSpot(TM) 64-Bit Server VM (14.0.1+7, mixed mode, sharing, tiered, compressed oops, g1 gc, windows-amd64)
# Problematic frame:
# V  [jvm.dll+0x299efe]
#
# No core dump will be written. Minidumps are not enabled by default on client versions of Windows
#
# If you would like to submit a bug report, please visit:
#   https://bugreport.java.com/bugreport/crash.jsp
#

---------------  S U M M A R Y ------------

Command Line: --add-opens=java.base/java.util=ALL-UNNAMED --add-opens=java.base/java.lang=ALL-UNNAMED --add-opens=java.base/java.lang.invoke=ALL-UNNAMED --add-opens=java.prefs/java.util.prefs=ALL-UNNAMED -XX:MaxMetaspaceSize=256m -XX:+HeapDumpOnOutOfMemoryError -Xms256m -Xmx512m -Dfile.encoding=windows-1252 -Duser.country=FR -Duser.language=fr -Duser.variant org.gradle.launcher.daemon.bootstrap.GradleDaemon 6.4.1

Host: Intel(R) Core(TM) i5-2500K CPU @ 3.30GHz, 4 cores, 7G,  Windows 10 , 64 bit Build 19041 (10.0.19041.546)
Time: Sun Nov 15 11:12:30 2020 Paris, Madrid elapsed time: 172 seconds (0d 0h 2m 52s)

---------------  T H R E A D  ---------------

Current thread (0x000001bfae740000):  ConcurrentGCThread "G1 Conc#0" [stack: 0x0000002b72800000,0x0000002b72900000] [id=13040]

Stack: [0x0000002b72800000,0x0000002b72900000],  sp=0x0000002b728ff430,  free space=1021k
Native frames: (J=compiled Java code, j=interpreted, Vv=VM code, C=native code)
V  [jvm.dll+0x299efe]
V  [jvm.dll+0x299c6f]
V  [jvm.dll+0x2983ed]
V  [jvm.dll+0x297ac1]
V  [jvm.dll+0x2abbc9]
V  [jvm.dll+0x2aa8e6]
V  [jvm.dll+0x2ac38c]
V  [jvm.dll+0x2ab184]
V  [jvm.dll+0x2aec86]
V  [jvm.dll+0x76e5d0]
V  [jvm.dll+0x6ff8ba]
V  [jvm.dll+0x5f72c6]
C  [ucrtbase.dll+0x214c2]
C  [KERNEL32.DLL+0x17034]
C  [ntdll.dll+0x4cec1]


siginfo: EXCEPTION_ACCESS_VIOLATION (0xc0000005), reading address 0x00000000000000f8


Register to memory mapping:

RIP=0x00007ff87aae9efe jvm.dll
RAX=0x000001bfae72be00 points into unknown readable memory: 00 00 00 00 00 00 00 00
RBX=0x000001bfae7416b0 points into unknown readable memory: 48 c5 09 7b f8 7f 00 00
RCX=0x0000000000000014 is an unknown value
RDX=0x0 is NULL
RSP=0x0000002b728ff430 points into unknown readable memory: 5a 62 02 00 00 00 00 00
RBP=0x000001bfae739ec0 points into unknown readable memory: 00 e8 73 ae bf 01 00 00
RSI=0x00000000e5faffd8 is an oop: org.gradle.api.internal.artifacts.transform.ConsumerVariantMatchResult$ConsumerVariant 
{0x00000000e5faffd8} - klass: 'org/gradle/api/internal/artifacts/transform/ConsumerVariantMatchResult$ConsumerVariant'
RDI=0x0000000000000010 is an unknown value
R8 =0x0000000000000010 is an unknown value
R9 =0x0 is NULL
R10=0x0000000000000043 is an unknown value
R11=0x346dc5d63886594b is an unknown value
R12=0x0 is NULL
R13=0x0000000000000001 is an unknown value
R14=0x000001bfae740530 points into unknown readable memory: 6f 72 67 2e 67 72 61 64
R15=0x0 is NULL


Registers:
RAX=0x000001bfae72be00, RBX=0x000001bfae7416b0, RCX=0x0000000000000014, RDX=0x0000000000000000
RSP=0x0000002b728ff430, RBP=0x000001bfae739ec0, RSI=0x00000000e5faffd8, RDI=0x0000000000000010
R8 =0x0000000000000010, R9 =0x0000000000000000, R10=0x0000000000000043, R11=0x346dc5d63886594b
R12=0x0000000000000000, R13=0x0000000000000001, R14=0x000001bfae740530, R15=0x0000000000000000
RIP=0x00007ff87aae9efe, EFLAGS=0x0000000000010246

Top of Stack: (sp=0x0000002b728ff430)
0x0000002b728ff430:   000000000002625a 00000000002d4cae
0x0000002b728ff440:   00000000e5fae578 00000000e5fae590
0x0000002b728ff450:   0000002b728ff5c0 0000000000000010
0x0000002b728ff460:   0000002b728ff600 00007ff87aae9c6f
0x0000002b728ff470:   000001bfae7416b0 00000000e5faffd8
0x0000002b728ff480:   000001bfae740530 000001bfae740530
0x0000002b728ff490:   0000002b728ff600 00007ff87aae83ed
0x0000002b728ff4a0:   00000000e5faffd8 00000000e5faec50
0x0000002b728ff4b0:   00000000e5fae590 000001bfae740530
0x0000002b728ff4c0:   00000008000108a8 00007ff87aae7ac1
0x0000002b728ff4d0:   0000000000000349 00000000e5fae590
0x0000002b728ff4e0:   000001bfae740530 000001bfae7416b0
0x0000002b728ff4f0:   000001bfae7416b0 00007ff87aafbbc9
0x0000002b728ff500:   00000000e5fae590 0000000000000000
0x0000002b728ff510:   0000000000000040 00007ff87ae4215c
0x0000002b728ff520:   0000000000d40000 00007ff87aafa8e6 

Instructions: (pc=0x00007ff87aae9efe)
0x00007ff87aae9dfe:   48 0b c7 48 3b c3 75 da 40 32 ed 4c 8b 74 24 58
0x00007ff87aae9e0e:   40 0f b6 c5 48 8b 6c 24 48 48 8b 7c 24 50 48 8b
0x00007ff87aae9e1e:   5c 24 40 48 83 c4 20 41 5f 41 5c 5e c3 80 3d af
0x00007ff87aae9e2e:   62 7a 00 00 40 b5 01 74 15 8b 56 08 8b 0d 60 55
0x00007ff87aae9e3e:   72 00 48 d3 e2 48 03 15 4e 55 72 00 eb 04 48 8b
0x00007ff87aae9e4e:   56 08 48 8b ce e8 58 73 ee ff 8b 0d 92 6c 7a 00
0x00007ff87aae9e5e:   4c 63 f0 49 8b 87 10 03 00 00 4a 8b 1c e0 48 8b
0x00007ff87aae9e6e:   43 18 8b 7b 68 48 8b 40 10 48 2b f0 48 d3 ee 8b
0x00007ff87aae9e7e:   f6 48 23 fe 48 c1 e7 04 48 03 7b 48 8b 07 3b c6
0x00007ff87aae9e8e:   74 30 48 8b 4f 08 48 85 c9 74 10 8b d0 48 8b 43
0x00007ff87aae9e9e:   38 48 8d 14 d0 ff 15 9f f1 73 00 48 c7 47 08 00
0x00007ff87aae9eae:   00 00 00 89 37 48 ff 43 60 4c 01 77 08 e9 49 ff
0x00007ff87aae9ebe:   ff ff 48 ff 43 58 4c 01 77 08 e9 3c ff ff ff cc
0x00007ff87aae9ece:   cc cc 40 55 57 41 57 48 83 ec 20 48 8b 41 08 48
0x00007ff87aae9ede:   8b e9 4d 8b c8 44 8b fa 49 8b f8 48 8b 80 00 01
0x00007ff87aae9eee:   00 00 8b 48 68 48 8b 40 58 49 d3 e9 4e 8b 0c c8
0x00007ff87aae9efe:   4d 3b 81 f8 00 00 00 72 0b 32 c0 48 83 c4 20 41
0x00007ff87aae9f0e:   5f 5f 5d c3 48 89 5c 24 40 48 8b d7 48 8b 9d a0
0x00007ff87aae9f1e:   00 00 00 48 89 74 24 48 48 8b cb 4c 89 74 24 50
0x00007ff87aae9f2e:   48 8b 03 ff 10 8b 4b 18 48 8b d7 48 2b 53 08 be
0x00007ff87aae9f3e:   01 00 00 00 48 8b 43 20 48 c1 ea 03 48 d3 ea 48
0x00007ff87aae9f4e:   8b ca 48 c1 e9 06 48 8b 1c c8 4c 8d 34 c8 0f b6
0x00007ff87aae9f5e:   ca 48 8b c3 80 e1 3f 48 d3 e6 48 0b c6 48 3b c3
0x00007ff87aae9f6e:   74 26 4c 8b 0d c1 f0 73 00 4c 8b c3 49 8b d6 48
0x00007ff87aae9f7e:   8b c8 41 ff d1 48 8b c8 48 3b c3 74 2a 48 8b d8
0x00007ff87aae9f8e:   48 0b c6 48 3b c3 75 da 40 32 f6 4c 8b 74 24 50
0x00007ff87aae9f9e:   40 0f b6 c6 48 8b 74 24 48 48 8b 5c 24 40 48 83
0x00007ff87aae9fae:   c4 20 41 5f 5f 5d c3 80 3d 25 61 7a 00 00 40 b6
0x00007ff87aae9fbe:   01 74 15 8b 57 08 8b 0d d6 53 72 00 48 d3 e2 48
0x00007ff87aae9fce:   03 15 c4 53 72 00 eb 04 48 8b 57 08 48 8b cf e8
0x00007ff87aae9fde:   ce 71 ee ff 8b 0d 08 6b 7a 00 4c 63 f0 48 8b 85
0x00007ff87aae9fee:   10 03 00 00 4a 8b 1c f8 48 8b 43 18 48 8b 40 10 


Stack slot to memory mapping:
stack at sp + 0 slots: 0x000000000002625a is an unknown value
stack at sp + 1 slots: 0x00000000002d4cae is an unknown value
stack at sp + 2 slots: 0x00000000e5fae578 is an oop: java.util.ArrayList 
{0x00000000e5fae578} - klass: 'java/util/ArrayList'
stack at sp + 3 slots: 0x00000000e5fae590 is an oop: [Ljava.lang.Object; 
{0x00000000e5fae590} - klass: 'java/lang/Object'[]
 - length: 1678
stack at sp + 4 slots: 0x0000002b728ff5c0 points into unknown readable memory: c0 9e 73 ae bf 01 00 00
stack at sp + 5 slots: 0x0000000000000010 is an unknown value
stack at sp + 6 slots: 0x0000002b728ff600 points into unknown readable memory: 68 c5 09 7b f8 7f 00 00
stack at sp + 7 slots: 0x00007ff87aae9c6f jvm.dll


---------------  P R O C E S S  ---------------

Threads class SMR info:
_java_thread_list=0x000001bfcc91d240, length=46, elements={
0x000001bfae710000, 0x000001bfc968d000, 0x000001bfc968e800, 0x000001bfc96a9000,
0x000001bfc96aa000, 0x000001bfc96af000, 0x000001bfc96b0000, 0x000001bfc96b1800,
0x000001bfc96c1000, 0x000001bfca133800, 0x000001bfca134800, 0x000001bfca132800,
0x000001bfca136000, 0x000001bfca136800, 0x000001bfcb568800, 0x000001bfcb56c800,
0x000001bfcb566800, 0x000001bfcb56d800, 0x000001bfcb56f800, 0x000001bfcb571800,
0x000001bfca31c800, 0x000001bfca321800, 0x000001bfca329000, 0x000001bfca329800,
0x000001bfca32a800, 0x000001bfca323000, 0x000001bfca31e000, 0x000001bfca322000,
0x000001bfca31f000, 0x000001bfca31d800, 0x000001bfca320800, 0x000001bfca324000,
0x000001bfca320000, 0x000001bfca327000, 0x000001bfca324800, 0x000001bfca328000,
0x000001bfca325800, 0x000001bfcb567800, 0x000001bfcb56f000, 0x000001bfcb569000,
0x000001bfcb56a000, 0x000001bfcb570800, 0x000001bfcb56b000, 0x000001bfcb56b800,
0x000001bfcb572000, 0x000001bfcb573000
}

Java Threads: ( => current thread )
  0x000001bfae710000 JavaThread "main" [_thread_blocked, id=13292, stack(0x0000002b72500000,0x0000002b72600000)]
  0x000001bfc968d000 JavaThread "Reference Handler" daemon [_thread_blocked, id=15832, stack(0x0000002b72c00000,0x0000002b72d00000)]
  0x000001bfc968e800 JavaThread "Finalizer" daemon [_thread_blocked, id=8336, stack(0x0000002b72d00000,0x0000002b72e00000)]
  0x000001bfc96a9000 JavaThread "Signal Dispatcher" daemon [_thread_blocked, id=8648, stack(0x0000002b72e00000,0x0000002b72f00000)]
  0x000001bfc96aa000 JavaThread "Attach Listener" daemon [_thread_blocked, id=6180, stack(0x0000002b72f00000,0x0000002b73000000)]
  0x000001bfc96af000 JavaThread "Service Thread" daemon [_thread_blocked, id=15820, stack(0x0000002b73000000,0x0000002b73100000)]
  0x000001bfc96b0000 JavaThread "C2 CompilerThread0" daemon [_thread_blocked, id=7496, stack(0x0000002b73100000,0x0000002b73200000)]
  0x000001bfc96b1800 JavaThread "C1 CompilerThread0" daemon [_thread_blocked, id=204, stack(0x0000002b73200000,0x0000002b73300000)]
  0x000001bfc96c1000 JavaThread "Sweeper thread" daemon [_thread_blocked, id=10528, stack(0x0000002b73300000,0x0000002b73400000)]
  0x000001bfca133800 JavaThread "Common-Cleaner" daemon [_thread_blocked, id=9940, stack(0x0000002b73400000,0x0000002b73500000)]
  0x000001bfca134800 JavaThread "Notification Thread" daemon [_thread_blocked, id=6800, stack(0x0000002b73500000,0x0000002b73600000)]
  0x000001bfca132800 JavaThread "Daemon health stats" [_thread_blocked, id=9152, stack(0x0000002b73700000,0x0000002b73800000)]
  0x000001bfca136000 JavaThread "Incoming local TCP Connector on port 64926" [_thread_in_native, id=14072, stack(0x0000002b73d00000,0x0000002b73e00000)]
  0x000001bfca136800 JavaThread "Daemon periodic checks" [_thread_blocked, id=15900, stack(0x0000002b73e00000,0x0000002b73f00000)]
  0x000001bfcb568800 JavaThread "Cache worker for journal cache (C:\Users\Aboth\.gradle\caches\journal-1)" [_thread_blocked, id=10988, stack(0x0000002b74600000,0x0000002b74700000)]
  0x000001bfcb56c800 JavaThread "File lock request listener" [_thread_in_native, id=10220, stack(0x0000002b74700000,0x0000002b74800000)]
  0x000001bfcb566800 JavaThread "Cache worker for file hash cache (C:\Users\Aboth\.gradle\caches\6.4.1\fileHashes)" [_thread_blocked, id=13724, stack(0x0000002b74800000,0x0000002b74900000)]
  0x000001bfcb56d800 JavaThread "File watcher consumer" daemon [_thread_blocked, id=4880, stack(0x0000002b74900000,0x0000002b74a00000)]
  0x000001bfcb56f800 JavaThread "Cache worker for execution history cache (C:\Users\Aboth\.gradle\caches\6.4.1\executionHistory)" [_thread_blocked, id=3952, stack(0x0000002b74e00000,0x0000002b74f00000)]
  0x000001bfcb571800 JavaThread "Cache worker for file content cache (C:\Users\Aboth\.gradle\caches\6.4.1\fileContent)" [_thread_blocked, id=6056, stack(0x0000002b74f00000,0x0000002b75000000)]
  0x000001bfca31c800 JavaThread "Memory manager" [_thread_blocked, id=14280, stack(0x0000002b75800000,0x0000002b75900000)]
  0x000001bfca321800 JavaThread "Monitor" [_thread_in_native, id=15072, stack(0x0000002b76100000,0x0000002b76200000)]
  0x000001bfca329000 JavaThread "Device List Monitor" [_thread_in_native, id=12000, stack(0x0000002b76200000,0x0000002b76300000)]
  0x000001bfca329800 JavaThread "Java2D Disposer" daemon [_thread_blocked, id=1192, stack(0x0000002b76000000,0x0000002b76100000)]
  0x000001bfca32a800 JavaThread "AWT-Windows" daemon [_thread_in_native, id=11040, stack(0x0000002b76500000,0x0000002b76600000)]
  0x000001bfca323000 JavaThread "Daemon Thread 2" [_thread_blocked, id=7552, stack(0x0000002b72200000,0x0000002b72300000)]
  0x000001bfca31e000 JavaThread "Handler for socket connection from /127.0.0.1:64926 to /127.0.0.1:64983" [_thread_in_native, id=15088, stack(0x0000002b72300000,0x0000002b72400000)]
  0x000001bfca322000 JavaThread "Cancel handler" [_thread_blocked, id=8800, stack(0x0000002b72400000,0x0000002b72500000)]
  0x000001bfca31f000 JavaThread "Daemon worker Thread 2" [_thread_in_native, id=9472, stack(0x0000002b73c00000,0x0000002b73d00000)]
  0x000001bfca31d800 JavaThread "Asynchronous log dispatcher for DefaultDaemonConnection: socket connection from /127.0.0.1:64926 to /127.0.0.1:64983" [_thread_blocked, id=5508, stack(0x0000002b73f00000,0x0000002b74000000)]
  0x000001bfca320800 JavaThread "Stdin handler" [_thread_blocked, id=1968, stack(0x0000002b74000000,0x0000002b74100000)]
  0x000001bfca324000 JavaThread "Thread-38" [_thread_blocked, id=11892, stack(0x0000002b74100000,0x0000002b74200000)]
  0x000001bfca320000 JavaThread "Cache worker for file hash cache (C:\Apotheose\SwordBloody\android\.gradle\6.4.1\fileHashes)" [_thread_blocked, id=1772, stack(0x0000002b74200000,0x0000002b74300000)]
  0x000001bfca327000 JavaThread "Cache worker for checksums cache (C:\Apotheose\SwordBloody\android\.gradle\checksums)" [_thread_blocked, id=15496, stack(0x0000002b74300000,0x0000002b74400000)]
  0x000001bfca324800 JavaThread "Cache worker for cache directory md-supplier (C:\Users\Aboth\.gradle\caches\6.4.1\md-supplier)" [_thread_blocked, id=15672, stack(0x0000002b74400000,0x0000002b74500000)]
  0x000001bfca328000 JavaThread "Cache worker for cache directory md-rule (C:\Users\Aboth\.gradle\caches\6.4.1\md-rule)" [_thread_blocked, id=16260, stack(0x0000002b74500000,0x0000002b74600000)]
  0x000001bfca325800 JavaThread "Build operations" [_thread_blocked, id=8444, stack(0x0000002b74b00000,0x0000002b74c00000)]
  0x000001bfcb567800 JavaThread "Build operations Thread 2" [_thread_blocked, id=4492, stack(0x0000002b74c00000,0x0000002b74d00000)]
  0x000001bfcb56f000 JavaThread "Build operations Thread 3" [_thread_blocked, id=12396, stack(0x0000002b74d00000,0x0000002b74e00000)]
  0x000001bfcb569000 JavaThread "Build operations Thread 4" [_thread_blocked, id=12952, stack(0x0000002b75100000,0x0000002b75200000)]
  0x000001bfcb56a000 JavaThread "Cache worker for Build Output Cleanup Cache (C:\Apotheose\SwordBloody\android\.gradle\buildOutputCleanup)" [_thread_blocked, id=13536, stack(0x0000002b75200000,0x0000002b75300000)]
  0x000001bfcb570800 JavaThread "C2 CompilerThread1" daemon [_thread_blocked, id=14252, stack(0x0000002b74a00000,0x0000002b74b00000)]
  0x000001bfcb56b000 JavaThread "Cache worker for file content cache (C:\Apotheose\SwordBloody\android\.gradle\6.4.1\fileContent)" [_thread_blocked, id=8756, stack(0x0000002b75300000,0x0000002b75400000)]
  0x000001bfcb56b800 JavaThread "Execution worker for ':'" [_thread_blocked, id=11876, stack(0x0000002b75400000,0x0000002b75500000)]
  0x000001bfcb572000 JavaThread "Execution worker for ':' Thread 2" [_thread_blocked, id=5292, stack(0x0000002b75500000,0x0000002b75600000)]
  0x000001bfcb573000 JavaThread "Execution worker for ':' Thread 3" [_thread_in_native, id=10788, stack(0x0000002b75900000,0x0000002b75a00000)]

Other Threads:
  0x000001bfc968a000 VMThread "VM Thread" [stack: 0x0000002b72b00000,0x0000002b72c00000] [id=10216]
  0x000001bfca141800 WatcherThread [stack: 0x0000002b73600000,0x0000002b73700000] [id=5516]
  0x000001bfae739000 GCTaskThread "GC Thread#0" [stack: 0x0000002b72600000,0x0000002b72700000] [id=7780]
  0x000001bfca4ec800 GCTaskThread "GC Thread#1" [stack: 0x0000002b73800000,0x0000002b73900000] [id=8160]
  0x000001bfca73b000 GCTaskThread "GC Thread#2" [stack: 0x0000002b73900000,0x0000002b73a00000] [id=3748]
  0x000001bfca680000 GCTaskThread "GC Thread#3" [stack: 0x0000002b73a00000,0x0000002b73b00000] [id=4140]
  0x000001bfae73e800 ConcurrentGCThread "G1 Main Marker" [stack: 0x0000002b72700000,0x0000002b72800000] [id=9116]
=>0x000001bfae740000 ConcurrentGCThread "G1 Conc#0" [stack: 0x0000002b72800000,0x0000002b72900000] [id=13040]
  0x000001bfae7ee000 ConcurrentGCThread "G1 Refine#0" [stack: 0x0000002b72900000,0x0000002b72a00000] [id=11532]
  0x000001bfcb703800 ConcurrentGCThread "G1 Refine#1" [stack: 0x0000002b75000000,0x0000002b75100000] [id=2008]
  0x000001bfcaa03800 ConcurrentGCThread "G1 Refine#2" [stack: 0x0000002b75600000,0x0000002b75700000] [id=3656]
  0x000001bfca545800 ConcurrentGCThread "G1 Refine#3" [stack: 0x0000002b75700000,0x0000002b75800000] [id=3768]
  0x000001bfc953a800 ConcurrentGCThread "G1 Young RemSet Sampling" [stack: 0x0000002b72a00000,0x0000002b72b00000] [id=10936]

Threads with active compile tasks:

VM state:not at safepoint (normal execution)

VM Mutex/Monitor currently owned by a thread: None

Heap address: 0x00000000e0000000, size: 512 MB, Compressed Oops mode: 32-bit
Narrow klass base: 0x0000000800000000, Narrow klass shift: 3
Compressed class space size: 260046848 Address: 0x0000000800b30000

Heap:
 garbage-first heap   total 262144K, used 179654K [0x00000000e0000000, 0x0000000100000000)
  region size 1024K, 44 young (45056K), 11 survivors (11264K)
 Metaspace       used 79825K, capacity 83355K, committed 83576K, reserved 327680K
  class space    used 10389K, capacity 11630K, committed 11724K, reserved 253952K
Heap Regions: E=young(eden), S=young(survivor), O=old, HS=humongous(starts), HC=humongous(continues), CS=collection set, F=free, OA=open archive, CA=closed archive, TAMS=top-at-mark-start (previous, next)
|   0|0x00000000e0000000, 0x00000000e0100000, 0x00000000e0100000|100%| O|  |TAMS 0x00000000e0100000, 0x00000000e0100000| Untracked 
|   1|0x00000000e0100000, 0x00000000e0200000, 0x00000000e0200000|100%| O|  |TAMS 0x00000000e0200000, 0x00000000e0200000| Untracked 
|   2|0x00000000e0200000, 0x00000000e0300000, 0x00000000e0300000|100%| O|  |TAMS 0x00000000e0300000, 0x00000000e0300000| Untracked 
|   3|0x00000000e0300000, 0x00000000e0400000, 0x00000000e0400000|100%|HS|  |TAMS 0x00000000e0400000, 0x00000000e0400000| Complete 
|   4|0x00000000e0400000, 0x00000000e0500000, 0x00000000e0500000|100%|HC|  |TAMS 0x00000000e0500000, 0x00000000e0500000| Complete 
|   5|0x00000000e0500000, 0x00000000e0600000, 0x00000000e0600000|100%|HC|  |TAMS 0x00000000e0600000, 0x00000000e0600000| Complete 
|   6|0x00000000e0600000, 0x00000000e0700000, 0x00000000e0700000|100%| O|  |TAMS 0x00000000e0700000, 0x00000000e0700000| Untracked 
|   7|0x00000000e0700000, 0x00000000e0800000, 0x00000000e0800000|100%| O|  |TAMS 0x00000000e0800000, 0x00000000e0800000| Untracked 
|   8|0x00000000e0800000, 0x00000000e0900000, 0x00000000e0900000|100%| O|  |TAMS 0x00000000e0900000, 0x00000000e0900000| Untracked 
|   9|0x00000000e0900000, 0x00000000e0a00000, 0x00000000e0a00000|100%| O|  |TAMS 0x00000000e0a00000, 0x00000000e0a00000| Untracked 
|  10|0x00000000e0a00000, 0x00000000e0b00000, 0x00000000e0b00000|100%|HS|  |TAMS 0x00000000e0b00000, 0x00000000e0b00000| Complete 
|  11|0x00000000e0b00000, 0x00000000e0c00000, 0x00000000e0c00000|100%|HC|  |TAMS 0x00000000e0c00000, 0x00000000e0c00000| Complete 
|  12|0x00000000e0c00000, 0x00000000e0d00000, 0x00000000e0d00000|100%| O|  |TAMS 0x00000000e0c00000, 0x00000000e0d00000| Untracked 
|  13|0x00000000e0d00000, 0x00000000e0e00000, 0x00000000e0e00000|100%| O|  |TAMS 0x00000000e0e00000, 0x00000000e0e00000| Untracked 
|  14|0x00000000e0e00000, 0x00000000e0f00000, 0x00000000e0f00000|100%| O|  |TAMS 0x00000000e0f00000, 0x00000000e0f00000| Untracked 
|  15|0x00000000e0f00000, 0x00000000e1000000, 0x00000000e1000000|100%| O|  |TAMS 0x00000000e1000000, 0x00000000e1000000| Untracked 
|  16|0x00000000e1000000, 0x00000000e1100000, 0x00000000e1100000|100%| O|  |TAMS 0x00000000e1100000, 0x00000000e1100000| Untracked 
|  17|0x00000000e1100000, 0x00000000e1200000, 0x00000000e1200000|100%| O|  |TAMS 0x00000000e1200000, 0x00000000e1200000| Untracked 
|  18|0x00000000e1200000, 0x00000000e1300000, 0x00000000e1300000|100%| O|  |TAMS 0x00000000e1300000, 0x00000000e1300000| Untracked 
|  19|0x00000000e1300000, 0x00000000e1400000, 0x00000000e1400000|100%| O|  |TAMS 0x00000000e1400000, 0x00000000e1400000| Untracked 
|  20|0x00000000e1400000, 0x00000000e1500000, 0x00000000e1500000|100%| O|  |TAMS 0x00000000e1500000, 0x00000000e1500000| Untracked 
|  21|0x00000000e1500000, 0x00000000e1600000, 0x00000000e1600000|100%| O|  |TAMS 0x00000000e1600000, 0x00000000e1600000| Untracked 
|  22|0x00000000e1600000, 0x00000000e1700000, 0x00000000e1700000|100%| O|  |TAMS 0x00000000e1682200, 0x00000000e1700000| Untracked 
|  23|0x00000000e1700000, 0x00000000e1800000, 0x00000000e1800000|100%| O|  |TAMS 0x00000000e1700000, 0x00000000e1800000| Untracked 
|  24|0x00000000e1800000, 0x00000000e1900000, 0x00000000e1900000|100%| O|  |TAMS 0x00000000e1800000, 0x00000000e1900000| Untracked 
|  25|0x00000000e1900000, 0x00000000e1a00000, 0x00000000e1a00000|100%| O|  |TAMS 0x00000000e1900000, 0x00000000e1a00000| Untracked 
|  26|0x00000000e1a00000, 0x00000000e1b00000, 0x00000000e1b00000|100%| O|  |TAMS 0x00000000e1a00000, 0x00000000e1b00000| Untracked 
|  27|0x00000000e1b00000, 0x00000000e1c00000, 0x00000000e1c00000|100%| O|  |TAMS 0x00000000e1b00000, 0x00000000e1c00000| Untracked 
|  28|0x00000000e1c00000, 0x00000000e1d00000, 0x00000000e1d00000|100%| O|  |TAMS 0x00000000e1c00000, 0x00000000e1d00000| Untracked 
|  29|0x00000000e1d00000, 0x00000000e1e00000, 0x00000000e1e00000|100%| O|  |TAMS 0x00000000e1d00000, 0x00000000e1e00000| Untracked 
|  30|0x00000000e1e00000, 0x00000000e1f00000, 0x00000000e1f00000|100%| O|  |TAMS 0x00000000e1e00000, 0x00000000e1f00000| Untracked 
|  31|0x00000000e1f00000, 0x00000000e2000000, 0x00000000e2000000|100%| O|  |TAMS 0x00000000e1f00000, 0x00000000e2000000| Untracked 
|  32|0x00000000e2000000, 0x00000000e2100000, 0x00000000e2100000|100%| O|  |TAMS 0x00000000e2000000, 0x00000000e2100000| Untracked 
|  33|0x00000000e2100000, 0x00000000e2200000, 0x00000000e2200000|100%| O|  |TAMS 0x00000000e2100000, 0x00000000e2200000| Untracked 
|  34|0x00000000e2200000, 0x00000000e2300000, 0x00000000e2300000|100%| O|  |TAMS 0x00000000e2200000, 0x00000000e2300000| Untracked 
|  35|0x00000000e2300000, 0x00000000e2400000, 0x00000000e2400000|100%| O|  |TAMS 0x00000000e2300000, 0x00000000e2400000| Untracked 
|  36|0x00000000e2400000, 0x00000000e2500000, 0x00000000e2500000|100%| O|  |TAMS 0x00000000e2400000, 0x00000000e2500000| Untracked 
|  37|0x00000000e2500000, 0x00000000e2600000, 0x00000000e2600000|100%| O|  |TAMS 0x00000000e2500000, 0x00000000e2600000| Untracked 
|  38|0x00000000e2600000, 0x00000000e2700000, 0x00000000e2700000|100%| O|  |TAMS 0x00000000e2600000, 0x00000000e2700000| Untracked 
|  39|0x00000000e2700000, 0x00000000e2800000, 0x00000000e2800000|100%| O|  |TAMS 0x00000000e2700000, 0x00000000e2800000| Untracked 
|  40|0x00000000e2800000, 0x00000000e2900000, 0x00000000e2900000|100%| O|  |TAMS 0x00000000e2800000, 0x00000000e2900000| Untracked 
|  41|0x00000000e2900000, 0x00000000e2a00000, 0x00000000e2a00000|100%| O|  |TAMS 0x00000000e2900000, 0x00000000e2a00000| Untracked 
|  42|0x00000000e2a00000, 0x00000000e2b00000, 0x00000000e2b00000|100%| O|  |TAMS 0x00000000e2a00000, 0x00000000e2b00000| Untracked 
|  43|0x00000000e2b00000, 0x00000000e2c00000, 0x00000000e2c00000|100%|HS|  |TAMS 0x00000000e2b00000, 0x00000000e2c00000| Complete 
|  44|0x00000000e2c00000, 0x00000000e2d00000, 0x00000000e2d00000|100%|HC|  |TAMS 0x00000000e2c00000, 0x00000000e2d00000| Complete 
|  45|0x00000000e2d00000, 0x00000000e2e00000, 0x00000000e2e00000|100%|HC|  |TAMS 0x00000000e2d00000, 0x00000000e2e00000| Complete 
|  46|0x00000000e2e00000, 0x00000000e2f00000, 0x00000000e2f00000|100%| O|  |TAMS 0x00000000e2e00000, 0x00000000e2f00000| Untracked 
|  47|0x00000000e2f00000, 0x00000000e3000000, 0x00000000e3000000|100%| O|  |TAMS 0x00000000e2f00000, 0x00000000e3000000| Untracked 
|  48|0x00000000e3000000, 0x00000000e3100000, 0x00000000e3100000|100%| O|  |TAMS 0x00000000e3000000, 0x00000000e3100000| Untracked 
|  49|0x00000000e3100000, 0x00000000e3200000, 0x00000000e3200000|100%| O|  |TAMS 0x00000000e3100000, 0x00000000e3200000| Untracked 
|  50|0x00000000e3200000, 0x00000000e3300000, 0x00000000e3300000|100%| O|  |TAMS 0x00000000e3200000, 0x00000000e3300000| Untracked 
|  51|0x00000000e3300000, 0x00000000e3400000, 0x00000000e3400000|100%| O|  |TAMS 0x00000000e3300000, 0x00000000e3400000| Untracked 
|  52|0x00000000e3400000, 0x00000000e3500000, 0x00000000e3500000|100%| O|  |TAMS 0x00000000e3400000, 0x00000000e3500000| Untracked 
|  53|0x00000000e3500000, 0x00000000e3600000, 0x00000000e3600000|100%| O|  |TAMS 0x00000000e3500000, 0x00000000e3600000| Untracked 
|  54|0x00000000e3600000, 0x00000000e3700000, 0x00000000e3700000|100%| O|  |TAMS 0x00000000e3600000, 0x00000000e3700000| Untracked 
|  55|0x00000000e3700000, 0x00000000e3800000, 0x00000000e3800000|100%| O|  |TAMS 0x00000000e3700000, 0x00000000e3800000| Untracked 
|  56|0x00000000e3800000, 0x00000000e3900000, 0x00000000e3900000|100%| O|  |TAMS 0x00000000e3800000, 0x00000000e3900000| Untracked 
|  57|0x00000000e3900000, 0x00000000e3a00000, 0x00000000e3a00000|100%| O|  |TAMS 0x00000000e3900000, 0x00000000e3a00000| Untracked 
|  58|0x00000000e3a00000, 0x00000000e3b00000, 0x00000000e3b00000|100%| O|  |TAMS 0x00000000e3a00000, 0x00000000e3b00000| Untracked 
|  59|0x00000000e3b00000, 0x00000000e3c00000, 0x00000000e3c00000|100%| O|  |TAMS 0x00000000e3b00000, 0x00000000e3c00000| Untracked 
|  60|0x00000000e3c00000, 0x00000000e3d00000, 0x00000000e3d00000|100%| O|  |TAMS 0x00000000e3c00000, 0x00000000e3d00000| Untracked 
|  61|0x00000000e3d00000, 0x00000000e3e00000, 0x00000000e3e00000|100%| O|  |TAMS 0x00000000e3d00000, 0x00000000e3e00000| Untracked 
|  62|0x00000000e3e00000, 0x00000000e3f00000, 0x00000000e3f00000|100%| O|  |TAMS 0x00000000e3e00000, 0x00000000e3f00000| Untracked 
|  63|0x00000000e3f00000, 0x00000000e4000000, 0x00000000e4000000|100%| O|  |TAMS 0x00000000e3f00000, 0x00000000e4000000| Untracked 
|  64|0x00000000e4000000, 0x00000000e4100000, 0x00000000e4100000|100%| O|  |TAMS 0x00000000e4000000, 0x00000000e4100000| Untracked 
|  65|0x00000000e4100000, 0x00000000e4200000, 0x00000000e4200000|100%| O|  |TAMS 0x00000000e4100000, 0x00000000e4200000| Untracked 
|  66|0x00000000e4200000, 0x00000000e4300000, 0x00000000e4300000|100%| O|  |TAMS 0x00000000e4200000, 0x00000000e4300000| Untracked 
|  67|0x00000000e4300000, 0x00000000e4400000, 0x00000000e4400000|100%| O|  |TAMS 0x00000000e4300000, 0x00000000e4400000| Untracked 
|  68|0x00000000e4400000, 0x00000000e4500000, 0x00000000e4500000|100%| O|  |TAMS 0x00000000e4400000, 0x00000000e4500000| Untracked 
|  69|0x00000000e4500000, 0x00000000e4600000, 0x00000000e4600000|100%| O|  |TAMS 0x00000000e4500000, 0x00000000e4600000| Untracked 
|  70|0x00000000e4600000, 0x00000000e4700000, 0x00000000e4700000|100%| O|  |TAMS 0x00000000e4600000, 0x00000000e4700000| Untracked 
|  71|0x00000000e4700000, 0x00000000e4800000, 0x00000000e4800000|100%| O|  |TAMS 0x00000000e4700000, 0x00000000e4800000| Untracked 
|  72|0x00000000e4800000, 0x00000000e4900000, 0x00000000e4900000|100%| O|  |TAMS 0x00000000e4800000, 0x00000000e4900000| Untracked 
|  73|0x00000000e4900000, 0x00000000e4a00000, 0x00000000e4a00000|100%| O|  |TAMS 0x00000000e4900000, 0x00000000e4a00000| Untracked 
|  74|0x00000000e4a00000, 0x00000000e4b00000, 0x00000000e4b00000|100%| O|  |TAMS 0x00000000e4a00000, 0x00000000e4b00000| Untracked 
|  75|0x00000000e4b00000, 0x00000000e4c00000, 0x00000000e4c00000|100%| O|  |TAMS 0x00000000e4b00000, 0x00000000e4c00000| Untracked 
|  76|0x00000000e4c00000, 0x00000000e4d00000, 0x00000000e4d00000|100%| O|  |TAMS 0x00000000e4c00000, 0x00000000e4d00000| Untracked 
|  77|0x00000000e4d00000, 0x00000000e4e00000, 0x00000000e4e00000|100%| O|  |TAMS 0x00000000e4d00000, 0x00000000e4e00000| Untracked 
|  78|0x00000000e4e00000, 0x00000000e4f00000, 0x00000000e4f00000|100%| O|  |TAMS 0x00000000e4e00000, 0x00000000e4f00000| Untracked 
|  79|0x00000000e4f00000, 0x00000000e5000000, 0x00000000e5000000|100%| O|  |TAMS 0x00000000e4f00000, 0x00000000e5000000| Untracked 
|  80|0x00000000e5000000, 0x00000000e5100000, 0x00000000e5100000|100%| O|  |TAMS 0x00000000e5000000, 0x00000000e5100000| Untracked 
|  81|0x00000000e5100000, 0x00000000e5200000, 0x00000000e5200000|100%| O|  |TAMS 0x00000000e5100000, 0x00000000e5200000| Untracked 
|  82|0x00000000e5200000, 0x00000000e5300000, 0x00000000e5300000|100%| O|  |TAMS 0x00000000e5200000, 0x00000000e5300000| Untracked 
|  83|0x00000000e5300000, 0x00000000e5400000, 0x00000000e5400000|100%| O|  |TAMS 0x00000000e5300000, 0x00000000e5400000| Untracked 
|  84|0x00000000e5400000, 0x00000000e5500000, 0x00000000e5500000|100%| O|  |TAMS 0x00000000e5400000, 0x00000000e5500000| Untracked 
|  85|0x00000000e5500000, 0x00000000e5600000, 0x00000000e5600000|100%| O|  |TAMS 0x00000000e5500000, 0x00000000e5600000| Untracked 
|  86|0x00000000e5600000, 0x00000000e5700000, 0x00000000e5700000|100%| O|  |TAMS 0x00000000e5600000, 0x00000000e5700000| Untracked 
|  87|0x00000000e5700000, 0x00000000e5800000, 0x00000000e5800000|100%| O|  |TAMS 0x00000000e5700000, 0x00000000e5800000| Untracked 
|  88|0x00000000e5800000, 0x00000000e5900000, 0x00000000e5900000|100%| O|  |TAMS 0x00000000e5800000, 0x00000000e5900000| Untracked 
|  89|0x00000000e5900000, 0x00000000e5a00000, 0x00000000e5a00000|100%| O|  |TAMS 0x00000000e5900000, 0x00000000e5a00000| Untracked 
|  90|0x00000000e5a00000, 0x00000000e5b00000, 0x00000000e5b00000|100%| O|  |TAMS 0x00000000e5a00000, 0x00000000e5b00000| Untracked 
|  91|0x00000000e5b00000, 0x00000000e5c00000, 0x00000000e5c00000|100%| O|  |TAMS 0x00000000e5b00000, 0x00000000e5c00000| Untracked 
|  92|0x00000000e5c00000, 0x00000000e5d00000, 0x00000000e5d00000|100%| O|  |TAMS 0x00000000e5c00000, 0x00000000e5d00000| Untracked 
|  93|0x00000000e5d00000, 0x00000000e5e00000, 0x00000000e5e00000|100%| O|  |TAMS 0x00000000e5d00000, 0x00000000e5e00000| Untracked 
|  94|0x00000000e5e00000, 0x00000000e5f00000, 0x00000000e5f00000|100%| O|  |TAMS 0x00000000e5e00000, 0x00000000e5f00000| Untracked 
|  95|0x00000000e5f00000, 0x00000000e6000000, 0x00000000e6000000|100%| O|  |TAMS 0x00000000e5f00000, 0x00000000e6000000| Untracked 
|  96|0x00000000e6000000, 0x00000000e6100000, 0x00000000e6100000|100%| O|  |TAMS 0x00000000e6000000, 0x00000000e6100000| Untracked 
|  97|0x00000000e6100000, 0x00000000e6200000, 0x00000000e6200000|100%| O|  |TAMS 0x00000000e6100000, 0x00000000e6200000| Untracked 
|  98|0x00000000e6200000, 0x00000000e6300000, 0x00000000e6300000|100%| O|  |TAMS 0x00000000e6200000, 0x00000000e6300000| Untracked 
|  99|0x00000000e6300000, 0x00000000e6400000, 0x00000000e6400000|100%| O|  |TAMS 0x00000000e6300000, 0x00000000e6400000| Untracked 
| 100|0x00000000e6400000, 0x00000000e6500000, 0x00000000e6500000|100%| O|  |TAMS 0x00000000e6400000, 0x00000000e6500000| Untracked 
| 101|0x00000000e6500000, 0x00000000e6600000, 0x00000000e6600000|100%| O|  |TAMS 0x00000000e6500000, 0x00000000e6600000| Untracked 
| 102|0x00000000e6600000, 0x00000000e6700000, 0x00000000e6700000|100%| O|  |TAMS 0x00000000e6600000, 0x00000000e6700000| Untracked 
| 103|0x00000000e6700000, 0x00000000e6800000, 0x00000000e6800000|100%| O|  |TAMS 0x00000000e6700000, 0x00000000e6800000| Untracked 
| 104|0x00000000e6800000, 0x00000000e6900000, 0x00000000e6900000|100%| O|  |TAMS 0x00000000e6800000, 0x00000000e6900000| Untracked 
| 105|0x00000000e6900000, 0x00000000e6a00000, 0x00000000e6a00000|100%| O|  |TAMS 0x00000000e6900000, 0x00000000e6a00000| Untracked 
| 106|0x00000000e6a00000, 0x00000000e6b00000, 0x00000000e6b00000|100%| O|  |TAMS 0x00000000e6a00000, 0x00000000e6b00000| Untracked 
| 107|0x00000000e6b00000, 0x00000000e6c00000, 0x00000000e6c00000|100%| O|  |TAMS 0x00000000e6b00000, 0x00000000e6c00000| Untracked 
| 108|0x00000000e6c00000, 0x00000000e6d00000, 0x00000000e6d00000|100%| O|  |TAMS 0x00000000e6c00000, 0x00000000e6d00000| Untracked 
| 109|0x00000000e6d00000, 0x00000000e6e00000, 0x00000000e6e00000|100%| O|  |TAMS 0x00000000e6d00000, 0x00000000e6e00000| Untracked 
| 110|0x00000000e6e00000, 0x00000000e6f00000, 0x00000000e6f00000|100%| O|  |TAMS 0x00000000e6e00000, 0x00000000e6f00000| Untracked 
| 111|0x00000000e6f00000, 0x00000000e7000000, 0x00000000e7000000|100%| O|  |TAMS 0x00000000e6f00000, 0x00000000e7000000| Untracked 
| 112|0x00000000e7000000, 0x00000000e7100000, 0x00000000e7100000|100%| O|  |TAMS 0x00000000e7000000, 0x00000000e7100000| Untracked 
| 113|0x00000000e7100000, 0x00000000e7200000, 0x00000000e7200000|100%| O|  |TAMS 0x00000000e7100000, 0x00000000e7200000| Untracked 
| 114|0x00000000e7200000, 0x00000000e7300000, 0x00000000e7300000|100%| O|  |TAMS 0x00000000e7200000, 0x00000000e7300000| Untracked 
| 115|0x00000000e7300000, 0x00000000e7400000, 0x00000000e7400000|100%| O|  |TAMS 0x00000000e7300000, 0x00000000e73b0c00| Untracked 
| 116|0x00000000e7400000, 0x00000000e7500000, 0x00000000e7500000|100%| O|  |TAMS 0x00000000e7400000, 0x00000000e7400000| Untracked 
| 117|0x00000000e7500000, 0x00000000e7600000, 0x00000000e7600000|100%| O|  |TAMS 0x00000000e7500000, 0x00000000e7500000| Untracked 
| 118|0x00000000e7600000, 0x00000000e7700000, 0x00000000e7700000|100%| O|  |TAMS 0x00000000e7600000, 0x00000000e7600000| Untracked 
| 119|0x00000000e7700000, 0x00000000e7800000, 0x00000000e7800000|100%| O|  |TAMS 0x00000000e7700000, 0x00000000e7700000| Untracked 
| 120|0x00000000e7800000, 0x00000000e7900000, 0x00000000e7900000|100%| O|  |TAMS 0x00000000e7800000, 0x00000000e7800000| Untracked 
| 121|0x00000000e7900000, 0x00000000e7a00000, 0x00000000e7a00000|100%| O|  |TAMS 0x00000000e7900000, 0x00000000e7900000| Untracked 
| 122|0x00000000e7a00000, 0x00000000e7b00000, 0x00000000e7b00000|100%| O|  |TAMS 0x00000000e7a00000, 0x00000000e7a00000| Untracked 
| 123|0x00000000e7b00000, 0x00000000e7c00000, 0x00000000e7c00000|100%| O|  |TAMS 0x00000000e7b00000, 0x00000000e7b00000| Untracked 
| 124|0x00000000e7c00000, 0x00000000e7d00000, 0x00000000e7d00000|100%| O|  |TAMS 0x00000000e7c00000, 0x00000000e7c00000| Untracked 
| 125|0x00000000e7d00000, 0x00000000e7e00000, 0x00000000e7e00000|100%| O|  |TAMS 0x00000000e7d00000, 0x00000000e7d00000| Untracked 
| 126|0x00000000e7e00000, 0x00000000e7f00000, 0x00000000e7f00000|100%| O|  |TAMS 0x00000000e7e00000, 0x00000000e7e00000| Untracked 
| 127|0x00000000e7f00000, 0x00000000e8000000, 0x00000000e8000000|100%| O|  |TAMS 0x00000000e7f00000, 0x00000000e7f00000| Untracked 
| 128|0x00000000e8000000, 0x00000000e8100000, 0x00000000e8100000|100%| O|  |TAMS 0x00000000e8000000, 0x00000000e8000000| Untracked 
| 129|0x00000000e8100000, 0x00000000e8200000, 0x00000000e8200000|100%| O|  |TAMS 0x00000000e8100000, 0x00000000e8100000| Untracked 
| 130|0x00000000e8200000, 0x00000000e8300000, 0x00000000e8300000|100%| O|  |TAMS 0x00000000e8200000, 0x00000000e8200000| Untracked 
| 131|0x00000000e8300000, 0x00000000e8400000, 0x00000000e8400000|100%| O|  |TAMS 0x00000000e8300000, 0x00000000e8300000| Untracked 
| 132|0x00000000e8400000, 0x00000000e8500000, 0x00000000e8500000|100%| O|  |TAMS 0x00000000e8400000, 0x00000000e8400000| Untracked 
| 133|0x00000000e8500000, 0x00000000e8571a00, 0x00000000e8600000| 44%| O|  |TAMS 0x00000000e8500000, 0x00000000e8500000| Untracked 
| 134|0x00000000e8600000, 0x00000000e8600000, 0x00000000e8700000|  0%| F|  |TAMS 0x00000000e8600000, 0x00000000e8600000| Untracked 
| 135|0x00000000e8700000, 0x00000000e8700000, 0x00000000e8800000|  0%| F|  |TAMS 0x00000000e8700000, 0x00000000e8700000| Untracked 
| 136|0x00000000e8800000, 0x00000000e8800000, 0x00000000e8900000|  0%| F|  |TAMS 0x00000000e8800000, 0x00000000e8800000| Untracked 
| 137|0x00000000e8900000, 0x00000000e8900000, 0x00000000e8a00000|  0%| F|  |TAMS 0x00000000e8900000, 0x00000000e8900000| Untracked 
| 138|0x00000000e8a00000, 0x00000000e8a00000, 0x00000000e8b00000|  0%| F|  |TAMS 0x00000000e8a00000, 0x00000000e8a00000| Untracked 
| 139|0x00000000e8b00000, 0x00000000e8b00000, 0x00000000e8c00000|  0%| F|  |TAMS 0x00000000e8b00000, 0x00000000e8b00000| Untracked 
| 140|0x00000000e8c00000, 0x00000000e8c00000, 0x00000000e8d00000|  0%| F|  |TAMS 0x00000000e8c00000, 0x00000000e8c00000| Untracked 
| 141|0x00000000e8d00000, 0x00000000e8d00000, 0x00000000e8e00000|  0%| F|  |TAMS 0x00000000e8d00000, 0x00000000e8d00000| Untracked 
| 142|0x00000000e8e00000, 0x00000000e8e00000, 0x00000000e8f00000|  0%| F|  |TAMS 0x00000000e8e00000, 0x00000000e8e00000| Untracked 
| 143|0x00000000e8f00000, 0x00000000e8f00000, 0x00000000e9000000|  0%| F|  |TAMS 0x00000000e8f00000, 0x00000000e8f00000| Untracked 
| 144|0x00000000e9000000, 0x00000000e9000000, 0x00000000e9100000|  0%| F|  |TAMS 0x00000000e9000000, 0x00000000e9000000| Untracked 
| 145|0x00000000e9100000, 0x00000000e9100000, 0x00000000e9200000|  0%| F|  |TAMS 0x00000000e9100000, 0x00000000e9100000| Untracked 
| 146|0x00000000e9200000, 0x00000000e9200000, 0x00000000e9300000|  0%| F|  |TAMS 0x00000000e9200000, 0x00000000e9200000| Untracked 
| 147|0x00000000e9300000, 0x00000000e9300000, 0x00000000e9400000|  0%| F|  |TAMS 0x00000000e9300000, 0x00000000e9300000| Untracked 
| 148|0x00000000e9400000, 0x00000000e9400000, 0x00000000e9500000|  0%| F|  |TAMS 0x00000000e9400000, 0x00000000e9400000| Untracked 
| 149|0x00000000e9500000, 0x00000000e9500000, 0x00000000e9600000|  0%| F|  |TAMS 0x00000000e9500000, 0x00000000e9500000| Untracked 
| 150|0x00000000e9600000, 0x00000000e9600000, 0x00000000e9700000|  0%| F|  |TAMS 0x00000000e9600000, 0x00000000e9600000| Untracked 
| 151|0x00000000e9700000, 0x00000000e9700000, 0x00000000e9800000|  0%| F|  |TAMS 0x00000000e9700000, 0x00000000e9700000| Untracked 
| 152|0x00000000e9800000, 0x00000000e9800000, 0x00000000e9900000|  0%| F|  |TAMS 0x00000000e9800000, 0x00000000e9800000| Untracked 
| 153|0x00000000e9900000, 0x00000000e9900000, 0x00000000e9a00000|  0%| F|  |TAMS 0x00000000e9900000, 0x00000000e9900000| Untracked 
| 154|0x00000000e9a00000, 0x00000000e9a00000, 0x00000000e9b00000|  0%| F|  |TAMS 0x00000000e9a00000, 0x00000000e9a00000| Untracked 
| 155|0x00000000e9b00000, 0x00000000e9b00000, 0x00000000e9c00000|  0%| F|  |TAMS 0x00000000e9b00000, 0x00000000e9b00000| Untracked 
| 156|0x00000000e9c00000, 0x00000000e9c00000, 0x00000000e9d00000|  0%| F|  |TAMS 0x00000000e9c00000, 0x00000000e9c00000| Untracked 
| 157|0x00000000e9d00000, 0x00000000e9d00000, 0x00000000e9e00000|  0%| F|  |TAMS 0x00000000e9d00000, 0x00000000e9d00000| Untracked 
| 158|0x00000000e9e00000, 0x00000000e9e00000, 0x00000000e9f00000|  0%| F|  |TAMS 0x00000000e9e00000, 0x00000000e9e00000| Untracked 
| 159|0x00000000e9f00000, 0x00000000e9f00000, 0x00000000ea000000|  0%| F|  |TAMS 0x00000000e9f00000, 0x00000000e9f00000| Untracked 
| 160|0x00000000ea000000, 0x00000000ea000000, 0x00000000ea100000|  0%| F|  |TAMS 0x00000000ea000000, 0x00000000ea000000| Untracked 
| 161|0x00000000ea100000, 0x00000000ea100000, 0x00000000ea200000|  0%| F|  |TAMS 0x00000000ea100000, 0x00000000ea100000| Untracked 
| 162|0x00000000ea200000, 0x00000000ea200000, 0x00000000ea300000|  0%| F|  |TAMS 0x00000000ea200000, 0x00000000ea200000| Untracked 
| 163|0x00000000ea300000, 0x00000000ea300000, 0x00000000ea400000|  0%| F|  |TAMS 0x00000000ea300000, 0x00000000ea300000| Untracked 
| 164|0x00000000ea400000, 0x00000000ea400000, 0x00000000ea500000|  0%| F|  |TAMS 0x00000000ea400000, 0x00000000ea400000| Untracked 
| 165|0x00000000ea500000, 0x00000000ea500000, 0x00000000ea600000|  0%| F|  |TAMS 0x00000000ea500000, 0x00000000ea500000| Untracked 
| 166|0x00000000ea600000, 0x00000000ea600000, 0x00000000ea700000|  0%| F|  |TAMS 0x00000000ea600000, 0x00000000ea600000| Untracked 
| 167|0x00000000ea700000, 0x00000000ea700000, 0x00000000ea800000|  0%| F|  |TAMS 0x00000000ea700000, 0x00000000ea700000| Untracked 
| 168|0x00000000ea800000, 0x00000000ea800000, 0x00000000ea900000|  0%| F|  |TAMS 0x00000000ea800000, 0x00000000ea800000| Untracked 
| 169|0x00000000ea900000, 0x00000000ea900000, 0x00000000eaa00000|  0%| F|  |TAMS 0x00000000ea900000, 0x00000000ea900000| Untracked 
| 170|0x00000000eaa00000, 0x00000000eab00000, 0x00000000eab00000|100%| S|CS|TAMS 0x00000000eaa00000, 0x00000000eaa00000| Complete 
| 171|0x00000000eab00000, 0x00000000eac00000, 0x00000000eac00000|100%| S|CS|TAMS 0x00000000eab00000, 0x00000000eab00000| Complete 
| 172|0x00000000eac00000, 0x00000000ead00000, 0x00000000ead00000|100%| S|CS|TAMS 0x00000000eac00000, 0x00000000eac00000| Complete 
| 173|0x00000000ead00000, 0x00000000eae00000, 0x00000000eae00000|100%| S|CS|TAMS 0x00000000ead00000, 0x00000000ead00000| Complete 
| 174|0x00000000eae00000, 0x00000000eaf00000, 0x00000000eaf00000|100%| S|CS|TAMS 0x00000000eae00000, 0x00000000eae00000| Complete 
| 175|0x00000000eaf00000, 0x00000000eb000000, 0x00000000eb000000|100%| S|CS|TAMS 0x00000000eaf00000, 0x00000000eaf00000| Complete 
| 176|0x00000000eb000000, 0x00000000eb100000, 0x00000000eb100000|100%| S|CS|TAMS 0x00000000eb000000, 0x00000000eb000000| Complete 
| 177|0x00000000eb100000, 0x00000000eb200000, 0x00000000eb200000|100%| S|CS|TAMS 0x00000000eb100000, 0x00000000eb100000| Complete 
| 178|0x00000000eb200000, 0x00000000eb300000, 0x00000000eb300000|100%| S|CS|TAMS 0x00000000eb200000, 0x00000000eb200000| Complete 
| 179|0x00000000eb300000, 0x00000000eb400000, 0x00000000eb400000|100%| S|CS|TAMS 0x00000000eb300000, 0x00000000eb300000| Complete 
| 180|0x00000000eb400000, 0x00000000eb500000, 0x00000000eb500000|100%| S|CS|TAMS 0x00000000eb400000, 0x00000000eb400000| Complete 
| 181|0x00000000eb500000, 0x00000000eb500000, 0x00000000eb600000|  0%| F|  |TAMS 0x00000000eb500000, 0x00000000eb500000| Untracked 
| 182|0x00000000eb600000, 0x00000000eb600000, 0x00000000eb700000|  0%| F|  |TAMS 0x00000000eb600000, 0x00000000eb600000| Untracked 
| 183|0x00000000eb700000, 0x00000000eb700000, 0x00000000eb800000|  0%| F|  |TAMS 0x00000000eb700000, 0x00000000eb700000| Untracked 
| 184|0x00000000eb800000, 0x00000000eb800000, 0x00000000eb900000|  0%| F|  |TAMS 0x00000000eb800000, 0x00000000eb800000| Untracked 
| 185|0x00000000eb900000, 0x00000000eb900000, 0x00000000eba00000|  0%| F|  |TAMS 0x00000000eb900000, 0x00000000eb900000| Untracked 
| 186|0x00000000eba00000, 0x00000000eba00000, 0x00000000ebb00000|  0%| F|  |TAMS 0x00000000eba00000, 0x00000000eba00000| Untracked 
| 187|0x00000000ebb00000, 0x00000000ebb00000, 0x00000000ebc00000|  0%| F|  |TAMS 0x00000000ebb00000, 0x00000000ebb00000| Untracked 
| 188|0x00000000ebc00000, 0x00000000ebc00000, 0x00000000ebd00000|  0%| F|  |TAMS 0x00000000ebc00000, 0x00000000ebc00000| Untracked 
| 189|0x00000000ebd00000, 0x00000000ebd00000, 0x00000000ebe00000|  0%| F|  |TAMS 0x00000000ebd00000, 0x00000000ebd00000| Untracked 
| 190|0x00000000ebe00000, 0x00000000ebe00000, 0x00000000ebf00000|  0%| F|  |TAMS 0x00000000ebe00000, 0x00000000ebe00000| Untracked 
| 191|0x00000000ebf00000, 0x00000000ebf00000, 0x00000000ec000000|  0%| F|  |TAMS 0x00000000ebf00000, 0x00000000ebf00000| Untracked 
| 192|0x00000000ec000000, 0x00000000ec000000, 0x00000000ec100000|  0%| F|  |TAMS 0x00000000ec000000, 0x00000000ec000000| Untracked 
| 193|0x00000000ec100000, 0x00000000ec100000, 0x00000000ec200000|  0%| F|  |TAMS 0x00000000ec100000, 0x00000000ec100000| Untracked 
| 194|0x00000000ec200000, 0x00000000ec200000, 0x00000000ec300000|  0%| F|  |TAMS 0x00000000ec200000, 0x00000000ec200000| Untracked 
| 195|0x00000000ec300000, 0x00000000ec300000, 0x00000000ec400000|  0%| F|  |TAMS 0x00000000ec300000, 0x00000000ec300000| Untracked 
| 196|0x00000000ec400000, 0x00000000ec400000, 0x00000000ec500000|  0%| F|  |TAMS 0x00000000ec400000, 0x00000000ec400000| Untracked 
| 197|0x00000000ec500000, 0x00000000ec500000, 0x00000000ec600000|  0%| F|  |TAMS 0x00000000ec500000, 0x00000000ec500000| Untracked 
| 198|0x00000000ec600000, 0x00000000ec600000, 0x00000000ec700000|  0%| F|  |TAMS 0x00000000ec600000, 0x00000000ec600000| Untracked 
| 199|0x00000000ec700000, 0x00000000ec700000, 0x00000000ec800000|  0%| F|  |TAMS 0x00000000ec700000, 0x00000000ec700000| Untracked 
| 200|0x00000000ec800000, 0x00000000ec800000, 0x00000000ec900000|  0%| F|  |TAMS 0x00000000ec800000, 0x00000000ec800000| Untracked 
| 201|0x00000000ec900000, 0x00000000ec900000, 0x00000000eca00000|  0%| F|  |TAMS 0x00000000ec900000, 0x00000000ec900000| Untracked 
| 202|0x00000000eca00000, 0x00000000eca00000, 0x00000000ecb00000|  0%| F|  |TAMS 0x00000000eca00000, 0x00000000eca00000| Untracked 
| 203|0x00000000ecb00000, 0x00000000ecb00000, 0x00000000ecc00000|  0%| F|  |TAMS 0x00000000ecb00000, 0x00000000ecb00000| Untracked 
| 204|0x00000000ecc00000, 0x00000000ecc00000, 0x00000000ecd00000|  0%| F|  |TAMS 0x00000000ecc00000, 0x00000000ecc00000| Untracked 
| 205|0x00000000ecd00000, 0x00000000ecd00000, 0x00000000ece00000|  0%| F|  |TAMS 0x00000000ecd00000, 0x00000000ecd00000| Untracked 
| 206|0x00000000ece00000, 0x00000000ece00000, 0x00000000ecf00000|  0%| F|  |TAMS 0x00000000ece00000, 0x00000000ece00000| Untracked 
| 207|0x00000000ecf00000, 0x00000000ecf00000, 0x00000000ed000000|  0%| F|  |TAMS 0x00000000ecf00000, 0x00000000ecf00000| Untracked 
| 208|0x00000000ed000000, 0x00000000ed000000, 0x00000000ed100000|  0%| F|  |TAMS 0x00000000ed000000, 0x00000000ed000000| Untracked 
| 209|0x00000000ed100000, 0x00000000ed100000, 0x00000000ed200000|  0%| F|  |TAMS 0x00000000ed100000, 0x00000000ed100000| Untracked 
| 210|0x00000000ed200000, 0x00000000ed200000, 0x00000000ed300000|  0%| F|  |TAMS 0x00000000ed200000, 0x00000000ed200000| Untracked 
| 211|0x00000000ed300000, 0x00000000ed300000, 0x00000000ed400000|  0%| F|  |TAMS 0x00000000ed300000, 0x00000000ed300000| Untracked 
| 212|0x00000000ed400000, 0x00000000ed400000, 0x00000000ed500000|  0%| F|  |TAMS 0x00000000ed400000, 0x00000000ed400000| Untracked 
| 213|0x00000000ed500000, 0x00000000ed500000, 0x00000000ed600000|  0%| F|  |TAMS 0x00000000ed500000, 0x00000000ed500000| Untracked 
| 214|0x00000000ed600000, 0x00000000ed600000, 0x00000000ed700000|  0%| F|  |TAMS 0x00000000ed600000, 0x00000000ed600000| Untracked 
| 215|0x00000000ed700000, 0x00000000ed700000, 0x00000000ed800000|  0%| F|  |TAMS 0x00000000ed700000, 0x00000000ed700000| Untracked 
| 216|0x00000000ed800000, 0x00000000ed800000, 0x00000000ed900000|  0%| F|  |TAMS 0x00000000ed800000, 0x00000000ed800000| Untracked 
| 217|0x00000000ed900000, 0x00000000ed900000, 0x00000000eda00000|  0%| F|  |TAMS 0x00000000ed900000, 0x00000000ed900000| Untracked 
| 218|0x00000000eda00000, 0x00000000eda00000, 0x00000000edb00000|  0%| F|  |TAMS 0x00000000eda00000, 0x00000000eda00000| Untracked 
| 219|0x00000000edb00000, 0x00000000edb00000, 0x00000000edc00000|  0%| F|  |TAMS 0x00000000edb00000, 0x00000000edb00000| Untracked 
| 220|0x00000000edc00000, 0x00000000edc00000, 0x00000000edd00000|  0%| F|  |TAMS 0x00000000edc00000, 0x00000000edc00000| Untracked 
| 221|0x00000000edd00000, 0x00000000edd00000, 0x00000000ede00000|  0%| F|  |TAMS 0x00000000edd00000, 0x00000000edd00000| Untracked 
| 222|0x00000000ede00000, 0x00000000ede13650, 0x00000000edf00000|  7%| E|  |TAMS 0x00000000ede00000, 0x00000000ede00000| Complete 
| 223|0x00000000edf00000, 0x00000000ee000000, 0x00000000ee000000|100%| E|CS|TAMS 0x00000000edf00000, 0x00000000edf00000| Complete 
| 224|0x00000000ee000000, 0x00000000ee100000, 0x00000000ee100000|100%| E|CS|TAMS 0x00000000ee000000, 0x00000000ee000000| Complete 
| 225|0x00000000ee100000, 0x00000000ee200000, 0x00000000ee200000|100%| E|CS|TAMS 0x00000000ee100000, 0x00000000ee100000| Complete 
| 226|0x00000000ee200000, 0x00000000ee300000, 0x00000000ee300000|100%| E|CS|TAMS 0x00000000ee200000, 0x00000000ee200000| Complete 
| 227|0x00000000ee300000, 0x00000000ee400000, 0x00000000ee400000|100%| E|CS|TAMS 0x00000000ee300000, 0x00000000ee300000| Complete 
| 228|0x00000000ee400000, 0x00000000ee500000, 0x00000000ee500000|100%| E|CS|TAMS 0x00000000ee400000, 0x00000000ee400000| Complete 
| 229|0x00000000ee500000, 0x00000000ee600000, 0x00000000ee600000|100%| E|CS|TAMS 0x00000000ee500000, 0x00000000ee500000| Complete 
| 230|0x00000000ee600000, 0x00000000ee700000, 0x00000000ee700000|100%| E|CS|TAMS 0x00000000ee600000, 0x00000000ee600000| Complete 
| 231|0x00000000ee700000, 0x00000000ee800000, 0x00000000ee800000|100%| E|CS|TAMS 0x00000000ee700000, 0x00000000ee700000| Complete 
| 232|0x00000000ee800000, 0x00000000ee900000, 0x00000000ee900000|100%| E|CS|TAMS 0x00000000ee800000, 0x00000000ee800000| Complete 
| 233|0x00000000ee900000, 0x00000000eea00000, 0x00000000eea00000|100%| E|  |TAMS 0x00000000ee900000, 0x00000000ee900000| Complete 
| 234|0x00000000eea00000, 0x00000000eeb00000, 0x00000000eeb00000|100%| E|CS|TAMS 0x00000000eea00000, 0x00000000eea00000| Complete 
| 235|0x00000000eeb00000, 0x00000000eec00000, 0x00000000eec00000|100%| E|CS|TAMS 0x00000000eeb00000, 0x00000000eeb00000| Complete 
| 236|0x00000000eec00000, 0x00000000eed00000, 0x00000000eed00000|100%| E|CS|TAMS 0x00000000eec00000, 0x00000000eec00000| Complete 
| 237|0x00000000eed00000, 0x00000000eee00000, 0x00000000eee00000|100%| E|CS|TAMS 0x00000000eed00000, 0x00000000eed00000| Complete 
| 238|0x00000000eee00000, 0x00000000eef00000, 0x00000000eef00000|100%| E|CS|TAMS 0x00000000eee00000, 0x00000000eee00000| Complete 
| 239|0x00000000eef00000, 0x00000000ef000000, 0x00000000ef000000|100%| E|CS|TAMS 0x00000000eef00000, 0x00000000eef00000| Complete 
| 240|0x00000000ef000000, 0x00000000ef100000, 0x00000000ef100000|100%| E|CS|TAMS 0x00000000ef000000, 0x00000000ef000000| Complete 
| 241|0x00000000ef100000, 0x00000000ef200000, 0x00000000ef200000|100%| E|CS|TAMS 0x00000000ef100000, 0x00000000ef100000| Complete 
| 242|0x00000000ef200000, 0x00000000ef300000, 0x00000000ef300000|100%| E|CS|TAMS 0x00000000ef200000, 0x00000000ef200000| Complete 
| 243|0x00000000ef300000, 0x00000000ef400000, 0x00000000ef400000|100%| E|CS|TAMS 0x00000000ef300000, 0x00000000ef300000| Complete 
| 244|0x00000000ef400000, 0x00000000ef500000, 0x00000000ef500000|100%| E|CS|TAMS 0x00000000ef400000, 0x00000000ef400000| Complete 
| 245|0x00000000ef500000, 0x00000000ef600000, 0x00000000ef600000|100%| E|CS|TAMS 0x00000000ef500000, 0x00000000ef500000| Complete 
| 246|0x00000000ef600000, 0x00000000ef700000, 0x00000000ef700000|100%| E|CS|TAMS 0x00000000ef600000, 0x00000000ef600000| Complete 
| 247|0x00000000ef700000, 0x00000000ef800000, 0x00000000ef800000|100%| E|CS|TAMS 0x00000000ef700000, 0x00000000ef700000| Complete 
| 248|0x00000000ef800000, 0x00000000ef900000, 0x00000000ef900000|100%| E|CS|TAMS 0x00000000ef800000, 0x00000000ef800000| Complete 
| 249|0x00000000ef900000, 0x00000000efa00000, 0x00000000efa00000|100%| E|CS|TAMS 0x00000000ef900000, 0x00000000ef900000| Complete 
| 250|0x00000000efa00000, 0x00000000efb00000, 0x00000000efb00000|100%| E|CS|TAMS 0x00000000efa00000, 0x00000000efa00000| Complete 
| 251|0x00000000efb00000, 0x00000000efc00000, 0x00000000efc00000|100%| E|CS|TAMS 0x00000000efb00000, 0x00000000efb00000| Complete 
| 252|0x00000000efc00000, 0x00000000efd00000, 0x00000000efd00000|100%| E|CS|TAMS 0x00000000efc00000, 0x00000000efc00000| Complete 
| 253|0x00000000efd00000, 0x00000000efe00000, 0x00000000efe00000|100%| E|CS|TAMS 0x00000000efd00000, 0x00000000efd00000| Complete 
| 254|0x00000000efe00000, 0x00000000eff00000, 0x00000000eff00000|100%| E|CS|TAMS 0x00000000efe00000, 0x00000000efe00000| Complete 
| 255|0x00000000eff00000, 0x00000000f0000000, 0x00000000f0000000|100%| E|CS|TAMS 0x00000000eff00000, 0x00000000eff00000| Complete 

Card table byte_map: [0x000001bfc5ec0000,0x000001bfc5fc0000] _byte_map_base: 0x000001bfc57c0000

Marking Bits (Prev, Next): (CMBitMap*) 0x000001bfae739f18, (CMBitMap*) 0x000001bfae739ed8
 Prev Bits: [0x000001bfc68c0000, 0x000001bfc70c0000)
 Next Bits: [0x000001bfc60c0000, 0x000001bfc68c0000)

Polling page: 0x000001bfac690000

Metaspace:

Usage:
  Non-class:     70.04 MB capacity,    67.81 MB ( 97%) used,     1.97 MB (  3%) free+waste,   271.56 KB ( <1%) overhead. 
      Class:     11.36 MB capacity,    10.15 MB ( 89%) used,     1.09 MB ( 10%) free+waste,   127.06 KB (  1%) overhead. 
       Both:     81.40 MB capacity,    77.95 MB ( 96%) used,     3.06 MB (  4%) free+waste,   398.63 KB ( <1%) overhead. 

Virtual space:
  Non-class space:       72.00 MB reserved,      70.17 MB ( 97%) committed 
      Class space:      248.00 MB reserved,      11.45 MB (  5%) committed 
             Both:      320.00 MB reserved,      81.62 MB ( 26%) committed 

Chunk freelists:
   Non-Class:  0 bytes
       Class:  0 bytes
        Both:  0 bytes

MaxMetaspaceSize: 256.00 MB
CompressedClassSpaceSize: 248.00 MB

CodeHeap 'non-profiled nmethods': size=120000Kb used=9289Kb max_used=9289Kb free=110710Kb
 bounds [0x000001bfbe990000, 0x000001bfbf2b0000, 0x000001bfc5ec0000]
CodeHeap 'profiled nmethods': size=120000Kb used=25837Kb max_used=25837Kb free=94162Kb
 bounds [0x000001bfb7460000, 0x000001bfb8da0000, 0x000001bfbe990000]
CodeHeap 'non-nmethods': size=5760Kb used=2426Kb max_used=2489Kb free=3333Kb
 bounds [0x000001bfb6ec0000, 0x000001bfb7140000, 0x000001bfb7460000]
 total_blobs=19882 nmethods=12239 adapters=830
 compilation: enabled
              stopped_count=0, restarted_count=0
 full_count=0

Compilation events (20 events):
Event: 172.580 Thread 0x000001bfc96b1800 nmethod 14441 0x000001bfb8d96990 code [0x000001bfb8d96b40, 0x000001bfb8d96e38]
Event: 172.582 Thread 0x000001bfc96b1800 14442       3       org.gradle.api.internal.artifacts.ivyservice.modulecache.artifacts.DefaultModuleArtifactCache::lookup (14 bytes)
Event: 172.582 Thread 0x000001bfc96b1800 nmethod 14442 0x000001bfb8d96f10 code [0x000001bfb8d970e0, 0x000001bfb8d97558]
Event: 172.582 Thread 0x000001bfc96b1800 14443       3       org.gradle.internal.resource.cached.AbstractCachedIndex::lookup (55 bytes)
Event: 172.583 Thread 0x000001bfc96b1800 nmethod 14443 0x000001bfb8d97690 code [0x000001bfb8d97920, 0x000001bfb8d98828]
Event: 172.583 Thread 0x000001bfc96b1800 14444       3       org.gradle.internal.resource.cached.AbstractCachedIndex$$Lambda$303/0x0000000801030840::get$Lambda (10 bytes)
Event: 172.583 Thread 0x000001bfc96b1800 nmethod 14444 0x000001bfb8d98c90 code [0x000001bfb8d98e40, 0x000001bfb8d990f8]
Event: 172.583 Thread 0x000001bfc96b1800 14445       3       org.gradle.internal.resource.cached.AbstractCachedIndex$$Lambda$303/0x0000000801030840::create (12 bytes)
Event: 172.583 Thread 0x000001bfc96b1800 nmethod 14445 0x000001bfb8d99210 code [0x000001bfb8d993c0, 0x000001bfb8d99528]
Event: 172.583 Thread 0x000001bfcb570800 14448       4       org.gradle.internal.execution.history.changes.SortedMapDiffUtil::diff (360 bytes)
Event: 172.583 Thread 0x000001bfc96b1800 14446       3       org.gradle.internal.resource.cached.AbstractCachedIndex::lambda$lookup$0 (50 bytes)
Event: 172.584 Thread 0x000001bfc96b1800 nmethod 14446 0x000001bfb8d99610 code [0x000001bfb8d99880, 0x000001bfb8d9a5b8]
Event: 172.584 Thread 0x000001bfc96b1800 14447       3       org.gradle.internal.resource.cached.AbstractCachedIndex::getPersistentCache (20 bytes)
Event: 172.584 Thread 0x000001bfc96b1800 nmethod 14447 0x000001bfb8d9a990 code [0x000001bfb8d9ab40, 0x000001bfb8d9ae48]
Event: 172.587 Thread 0x000001bfc96b1800 14450       3       java.nio.ByteBuffer::get (55 bytes)
Event: 172.587 Thread 0x000001bfc96b1800 nmethod 14450 0x000001bfb8d9af90 code [0x000001bfb8d9b180, 0x000001bfb8d9b788]
Event: 172.587 Thread 0x000001bfc96b0000 nmethod 14440 0x000001bfbf286410 code [0x000001bfbf2866e0, 0x000001bfbf2877b8]
Event: 172.587 Thread 0x000001bfc96b0000 14449       4       org.gradle.internal.fingerprint.impl.DefaultCurrentFileCollectionFingerprint$1::visitFile (21 bytes)
Event: 172.598 Thread 0x000001bfc96b0000 nmethod 14449 0x000001bfbf287d90 code [0x000001bfbf2880a0, 0x000001bfbf288b98]
Event: 172.598 Thread 0x000001bfc96b0000 14451       4       org.gradle.internal.logging.sink.ProgressLogEventGenerator$Operation::complete (415 bytes)

GC Heap History (20 events):
Event: 19.934 GC heap before
{Heap before GC invocations=5 (full 0):
 garbage-first heap   total 262144K, used 153322K [0x00000000e0000000, 0x0000000100000000)
  region size 1024K, 140 young (143360K), 9 survivors (9216K)
 Metaspace       used 34755K, capacity 35766K, committed 35840K, reserved 284672K
  class space    used 4797K, capacity 5174K, committed 5248K, reserved 253952K
}
Event: 19.956 GC heap after
{Heap after GC invocations=6 (full 0):
 garbage-first heap   total 262144K, used 27805K [0x00000000e0000000, 0x0000000100000000)
  region size 1024K, 18 young (18432K), 18 survivors (18432K)
 Metaspace       used 34755K, capacity 35766K, committed 35840K, reserved 284672K
  class space    used 4797K, capacity 5174K, committed 5248K, reserved 253952K
}
Event: 28.039 GC heap before
{Heap before GC invocations=7 (full 0):
 garbage-first heap   total 262144K, used 168093K [0x00000000e0000000, 0x0000000100000000)
  region size 1024K, 153 young (156672K), 18 survivors (18432K)
 Metaspace       used 51571K, capacity 53125K, committed 53376K, reserved 301056K
  class space    used 6933K, capacity 7530K, committed 7552K, reserved 253952K
}
Event: 28.062 GC heap after
{Heap after GC invocations=8 (full 0):
 garbage-first heap   total 262144K, used 42504K [0x00000000e0000000, 0x0000000100000000)
  region size 1024K, 20 young (20480K), 20 survivors (20480K)
 Metaspace       used 51571K, capacity 53125K, committed 53376K, reserved 301056K
  class space    used 6933K, capacity 7530K, committed 7552K, reserved 253952K
}
Event: 33.441 GC heap before
{Heap before GC invocations=8 (full 0):
 garbage-first heap   total 262144K, used 142856K [0x00000000e0000000, 0x0000000100000000)
  region size 1024K, 119 young (121856K), 20 survivors (20480K)
 Metaspace       used 58118K, capacity 59869K, committed 59948K, reserved 307200K
  class space    used 7862K, capacity 8567K, committed 8576K, reserved 253952K
}
Event: 33.465 GC heap after
{Heap after GC invocations=9 (full 0):
 garbage-first heap   total 262144K, used 54344K [0x00000000e0000000, 0x0000000100000000)
  region size 1024K, 11 young (11264K), 11 survivors (11264K)
 Metaspace       used 58118K, capacity 59869K, committed 59948K, reserved 307200K
  class space    used 7862K, capacity 8567K, committed 8576K, reserved 253952K
}
Event: 38.138 GC heap before
{Heap before GC invocations=10 (full 0):
 garbage-first heap   total 262144K, used 200776K [0x00000000e0000000, 0x0000000100000000)
  region size 1024K, 152 young (155648K), 11 survivors (11264K)
 Metaspace       used 65426K, capacity 68184K, committed 68216K, reserved 313344K
  class space    used 8900K, capacity 9901K, committed 9932K, reserved 253952K
}
Event: 38.165 GC heap after
{Heap after GC invocations=11 (full 0):
 garbage-first heap   total 262144K, used 78848K [0x00000000e0000000, 0x0000000100000000)
  region size 1024K, 19 young (19456K), 19 survivors (19456K)
 Metaspace       used 65426K, capacity 68184K, committed 68216K, reserved 313344K
  class space    used 8900K, capacity 9901K, committed 9932K, reserved 253952K
}
Event: 41.006 GC heap before
{Heap before GC invocations=11 (full 0):
 garbage-first heap   total 262144K, used 200704K [0x00000000e0000000, 0x0000000100000000)
  region size 1024K, 138 young (141312K), 19 survivors (19456K)
 Metaspace       used 69172K, capacity 72164K, committed 72312K, reserved 317440K
  class space    used 9318K, capacity 10389K, committed 10444K, reserved 253952K
}
Event: 41.040 GC heap after
{Heap after GC invocations=12 (full 0):
 garbage-first heap   total 262144K, used 101376K [0x00000000e0000000, 0x0000000100000000)
  region size 1024K, 18 young (18432K), 18 survivors (18432K)
 Metaspace       used 69172K, capacity 72164K, committed 72312K, reserved 317440K
  class space    used 9318K, capacity 10389K, committed 10444K, reserved 253952K
}
Event: 45.460 GC heap before
{Heap before GC invocations=12 (full 0):
 garbage-first heap   total 262144K, used 199680K [0x00000000e0000000, 0x0000000100000000)
  region size 1024K, 115 young (117760K), 18 survivors (18432K)
 Metaspace       used 72294K, capacity 75410K, committed 75512K, reserved 319488K
  class space    used 9707K, capacity 10815K, committed 10828K, reserved 253952K
}
Event: 45.481 GC heap after
{Heap after GC invocations=13 (full 0):
 garbage-first heap   total 262144K, used 108032K [0x00000000e0000000, 0x0000000100000000)
  region size 1024K, 6 young (6144K), 6 survivors (6144K)
 Metaspace       used 72294K, capacity 75410K, committed 75512K, reserved 319488K
  class space    used 9707K, capacity 10815K, committed 10828K, reserved 253952K
}
Event: 49.321 GC heap before
{Heap before GC invocations=13 (full 0):
 garbage-first heap   total 262144K, used 204288K [0x00000000e0000000, 0x0000000100000000)
  region size 1024K, 101 young (103424K), 6 survivors (6144K)
 Metaspace       used 72912K, capacity 76078K, committed 76152K, reserved 319488K
  class space    used 9773K, capacity 10899K, committed 10956K, reserved 253952K
}
Event: 49.332 GC heap after
{Heap after GC invocations=14 (full 0):
 garbage-first heap   total 262144K, used 113053K [0x00000000e0000000, 0x0000000100000000)
  region size 1024K, 11 young (11264K), 11 survivors (11264K)
 Metaspace       used 72912K, capacity 76078K, committed 76152K, reserved 319488K
  class space    used 9773K, capacity 10899K, committed 10956K, reserved 253952K
}
Event: 50.445 GC heap before
{Heap before GC invocations=14 (full 0):
 garbage-first heap   total 262144K, used 208285K [0x00000000e0000000, 0x0000000100000000)
  region size 1024K, 105 young (107520K), 11 survivors (11264K)
 Metaspace       used 73162K, capacity 76391K, committed 76536K, reserved 319488K
  class space    used 9794K, capacity 10978K, committed 11084K, reserved 253952K
}
Event: 50.459 GC heap after
{Heap after GC invocations=15 (full 0):
 garbage-first heap   total 262144K, used 117691K [0x00000000e0000000, 0x0000000100000000)
  region size 1024K, 10 young (10240K), 10 survivors (10240K)
 Metaspace       used 73162K, capacity 76391K, committed 76536K, reserved 319488K
  class space    used 9794K, capacity 10978K, committed 11084K, reserved 253952K
}
Event: 171.674 GC heap before
{Heap before GC invocations=15 (full 0):
 garbage-first heap   total 262144K, used 211899K [0x00000000e0000000, 0x0000000100000000)
  region size 1024K, 103 young (105472K), 10 survivors (10240K)
 Metaspace       used 79421K, capacity 82885K, committed 83064K, reserved 325632K
  class space    used 10375K, capacity 11607K, committed 11724K, reserved 253952K
}
Event: 171.698 GC heap after
{Heap after GC invocations=16 (full 0):
 garbage-first heap   total 262144K, used 131779K [0x00000000e0000000, 0x0000000100000000)
  region size 1024K, 13 young (13312K), 13 survivors (13312K)
 Metaspace       used 79421K, capacity 82885K, committed 83064K, reserved 325632K
  class space    used 10375K, capacity 11607K, committed 11724K, reserved 253952K
}
Event: 172.339 GC heap before
{Heap before GC invocations=16 (full 0):
 garbage-first heap   total 262144K, used 208579K [0x00000000e0000000, 0x0000000100000000)
  region size 1024K, 88 young (90112K), 13 survivors (13312K)
 Metaspace       used 79751K, capacity 83312K, committed 83576K, reserved 327680K
  class space    used 10386K, capacity 11625K, committed 11724K, reserved 253952K
}
Event: 172.373 GC heap after
{Heap after GC invocations=17 (full 0):
 garbage-first heap   total 262144K, used 147910K [0x00000000e0000000, 0x0000000100000000)
  region size 1024K, 11 young (11264K), 11 survivors (11264K)
 Metaspace       used 79751K, capacity 83312K, committed 83576K, reserved 327680K
  class space    used 10386K, capacity 11625K, committed 11724K, reserved 253952K
}

Deoptimization events (20 events):
Event: 171.885 Thread 0x000001bfca31f000 DEOPT PACKING pc=0x000001bfbee8767c sp=0x0000002b73cfbcc0
Event: 171.885 Thread 0x000001bfca31f000 DEOPT UNPACKING pc=0x000001bfb6f0912f sp=0x0000002b73cfbc08 mode 2
Event: 172.051 Thread 0x000001bfca31f000 Uncommon trap: trap_request=0xffffffbe fr.pc=0x000001bfbf22aba8 relative=0x0000000000001188
Event: 172.051 Thread 0x000001bfca31f000 Uncommon trap: reason=profile_predicate action=maybe_recompile pc=0x000001bfbf22aba8 method=org.gradle.api.internal.artifacts.configurations.Configurations.getNames(Ljava/util/Collection;)Lcom/google/common/collect/ImmutableSet; @ 67 c2
Event: 172.051 Thread 0x000001bfca31f000 DEOPT PACKING pc=0x000001bfbf22aba8 sp=0x0000002b73cf9980
Event: 172.051 Thread 0x000001bfca31f000 DEOPT UNPACKING pc=0x000001bfb6f0912f sp=0x0000002b73cf9940 mode 2
Event: 172.051 Thread 0x000001bfca31f000 Uncommon trap: trap_request=0xffffffbe fr.pc=0x000001bfbf22aba8 relative=0x0000000000001188
Event: 172.051 Thread 0x000001bfca31f000 Uncommon trap: reason=profile_predicate action=maybe_recompile pc=0x000001bfbf22aba8 method=org.gradle.api.internal.artifacts.configurations.Configurations.getNames(Ljava/util/Collection;)Lcom/google/common/collect/ImmutableSet; @ 67 c2
Event: 172.051 Thread 0x000001bfca31f000 DEOPT PACKING pc=0x000001bfbf22aba8 sp=0x0000002b73cf9980
Event: 172.051 Thread 0x000001bfca31f000 DEOPT UNPACKING pc=0x000001bfb6f0912f sp=0x0000002b73cf9940 mode 2
Event: 172.051 Thread 0x000001bfca31f000 Uncommon trap: trap_request=0xffffffbe fr.pc=0x000001bfbf22aba8 relative=0x0000000000001188
Event: 172.051 Thread 0x000001bfca31f000 Uncommon trap: reason=profile_predicate action=maybe_recompile pc=0x000001bfbf22aba8 method=org.gradle.api.internal.artifacts.configurations.Configurations.getNames(Ljava/util/Collection;)Lcom/google/common/collect/ImmutableSet; @ 67 c2
Event: 172.051 Thread 0x000001bfca31f000 DEOPT PACKING pc=0x000001bfbf22aba8 sp=0x0000002b73cf9980
Event: 172.051 Thread 0x000001bfca31f000 DEOPT UNPACKING pc=0x000001bfb6f0912f sp=0x0000002b73cf9940 mode 2
Event: 172.051 Thread 0x000001bfca31f000 Uncommon trap: trap_request=0xffffffbe fr.pc=0x000001bfbf22aba8 relative=0x0000000000001188
Event: 172.051 Thread 0x000001bfca31f000 Uncommon trap: reason=profile_predicate action=maybe_recompile pc=0x000001bfbf22aba8 method=org.gradle.api.internal.artifacts.configurations.Configurations.getNames(Ljava/util/Collection;)Lcom/google/common/collect/ImmutableSet; @ 67 c2
Event: 172.051 Thread 0x000001bfca31f000 DEOPT PACKING pc=0x000001bfbf22aba8 sp=0x0000002b73cf9980
Event: 172.051 Thread 0x000001bfca31f000 DEOPT UNPACKING pc=0x000001bfb6f0912f sp=0x0000002b73cf9940 mode 2
Event: 172.483 Thread 0x000001bfca31f000 DEOPT PACKING pc=0x000001bfb8893950 sp=0x0000002b73cfc450
Event: 172.483 Thread 0x000001bfca31f000 DEOPT UNPACKING pc=0x000001bfb6f0964e sp=0x0000002b73cfb868 mode 0

Classes unloaded (0 events):
No events

Classes redefined (0 events):
No events

Internal exceptions (20 events):
Event: 75.301 Thread 0x000001bfcb569000 Exception <a 'sun/nio/fs/WindowsException'{0x00000000ee87b1b0}> (0x00000000ee87b1b0) 
thrown [./open/src/hotspot/share/prims/jni.cpp, line 599]
Event: 75.303 Thread 0x000001bfcb569000 Exception <a 'sun/nio/fs/WindowsException'{0x00000000ee87c248}> (0x00000000ee87c248) 
thrown [./open/src/hotspot/share/prims/jni.cpp, line 599]
Event: 75.306 Thread 0x000001bfcb569000 Exception <a 'sun/nio/fs/WindowsException'{0x00000000ee87fad0}> (0x00000000ee87fad0) 
thrown [./open/src/hotspot/share/prims/jni.cpp, line 599]
Event: 75.308 Thread 0x000001bfcb569000 Exception <a 'sun/nio/fs/WindowsException'{0x00000000ee880b60}> (0x00000000ee880b60) 
thrown [./open/src/hotspot/share/prims/jni.cpp, line 599]
Event: 75.309 Thread 0x000001bfcb569000 Exception <a 'sun/nio/fs/WindowsException'{0x00000000ee881bc0}> (0x00000000ee881bc0) 
thrown [./open/src/hotspot/share/prims/jni.cpp, line 599]
Event: 75.310 Thread 0x000001bfcb569000 Exception <a 'sun/nio/fs/WindowsException'{0x00000000ee882c40}> (0x00000000ee882c40) 
thrown [./open/src/hotspot/share/prims/jni.cpp, line 599]
Event: 75.312 Thread 0x000001bfcb569000 Exception <a 'sun/nio/fs/WindowsException'{0x00000000ee883ca0}> (0x00000000ee883ca0) 
thrown [./open/src/hotspot/share/prims/jni.cpp, line 599]
Event: 75.313 Thread 0x000001bfcb569000 Exception <a 'sun/nio/fs/WindowsException'{0x00000000ee884d00}> (0x00000000ee884d00) 
thrown [./open/src/hotspot/share/prims/jni.cpp, line 599]
Event: 75.314 Thread 0x000001bfcb569000 Exception <a 'sun/nio/fs/WindowsException'{0x00000000ee885d50}> (0x00000000ee885d50) 
thrown [./open/src/hotspot/share/prims/jni.cpp, line 599]
Event: 75.316 Thread 0x000001bfcb569000 Exception <a 'sun/nio/fs/WindowsException'{0x00000000ee886dc0}> (0x00000000ee886dc0) 
thrown [./open/src/hotspot/share/prims/jni.cpp, line 599]
Event: 75.317 Thread 0x000001bfcb569000 Exception <a 'sun/nio/fs/WindowsException'{0x00000000ee898058}> (0x00000000ee898058) 
thrown [./open/src/hotspot/share/prims/jni.cpp, line 599]
Event: 75.326 Thread 0x000001bfcb569000 Implicit null exception at 0x000001bfbef90c44 to 0x000001bfbef91e1c
Event: 164.324 Thread 0x000001bfca31f000 Implicit null exception at 0x000001bfbf08840b to 0x000001bfbf08ae7c
Event: 164.324 Thread 0x000001bfca31f000 Implicit null exception at 0x000001bfbed9387c to 0x000001bfbed93900
Event: 164.324 Thread 0x000001bfca31f000 Implicit null exception at 0x000001bfbf00a4a4 to 0x000001bfbf00fd54
Event: 171.309 Thread 0x000001bfca31f000 Implicit null exception at 0x000001bfbed67227 to 0x000001bfbed6739c
Event: 171.532 Thread 0x000001bfca31f000 Implicit null exception at 0x000001bfb7c3872f to 0x000001bfb7c38ddb
Event: 171.532 Thread 0x000001bfca31f000 Exception <a 'java/lang/NullPointerException'{0x00000000eaf26fc8}> (0x00000000eaf26fc8) 
thrown [./open/src/hotspot/share/runtime/sharedRuntime.cpp, line 584]
Event: 171.619 Thread 0x000001bfca31f000 Implicit null exception at 0x000001bfb7c3872f to 0x000001bfb7c38ddb
Event: 171.619 Thread 0x000001bfca31f000 Exception <a 'java/lang/NullPointerException'{0x00000000ea9c1ad0}> (0x00000000ea9c1ad0) 
thrown [./open/src/hotspot/share/runtime/sharedRuntime.cpp, line 584]

Events (20 events):
Event: 171.763 Executing VM operation: HandshakeOneThread done
Event: 171.850 Executing VM operation: HandshakeOneThread
Event: 171.850 Executing VM operation: HandshakeOneThread done
Event: 171.858 Executing VM operation: HandshakeOneThread
Event: 171.858 Executing VM operation: HandshakeOneThread done
Event: 172.003 Executing VM operation: ICBufferFull
Event: 172.003 Executing VM operation: ICBufferFull done
Event: 172.339 Executing VM operation: G1CollectForAllocation
Event: 172.378 Executing VM operation: G1CollectForAllocation done
Event: 172.492 Thread 0x000001bfcb56b800 Thread added: 0x000001bfcb56b800
Event: 172.492 Thread 0x000001bfcb572000 Thread added: 0x000001bfcb572000
Event: 172.492 Thread 0x000001bfcb573000 Thread added: 0x000001bfcb573000
Event: 172.506 Executing VM operation: HandshakeOneThread
Event: 172.509 Executing VM operation: HandshakeOneThread done
Event: 172.509 Executing VM operation: HandshakeOneThread
Event: 172.509 Executing VM operation: HandshakeOneThread done
Event: 172.600 Executing VM operation: HandshakeOneThread
Event: 172.608 Executing VM operation: HandshakeOneThread done
Event: 172.608 Executing VM operation: HandshakeOneThread
Event: 172.642 Executing VM operation: HandshakeOneThread done


Dynamic libraries:
0x00007ff6ce690000 - 0x00007ff6ce69f000 	C:\Program Files\Java\jdk-14.0.1\bin\java.exe
0x00007ff8b3d30000 - 0x00007ff8b3f26000 	C:\WINDOWS\SYSTEM32\ntdll.dll
0x00007ff8b2bb0000 - 0x00007ff8b2c6d000 	C:\WINDOWS\System32\KERNEL32.DLL
0x00007ff8b14d0000 - 0x00007ff8b1798000 	C:\WINDOWS\System32\KERNELBASE.dll
0x00007ff8b17a0000 - 0x00007ff8b18a0000 	C:\WINDOWS\System32\ucrtbase.dll
0x00007ff8ab360000 - 0x00007ff8ab378000 	C:\Program Files\Java\jdk-14.0.1\bin\jli.dll
0x00007ff8a3e00000 - 0x00007ff8a3e15000 	C:\Program Files\Java\jdk-14.0.1\bin\VCRUNTIME140.dll
0x00007ff8b2a50000 - 0x00007ff8b2afc000 	C:\WINDOWS\System32\ADVAPI32.dll
0x00007ff8b1f60000 - 0x00007ff8b1ffe000 	C:\WINDOWS\System32\msvcrt.dll
0x00007ff8b2e40000 - 0x00007ff8b2edb000 	C:\WINDOWS\System32\sechost.dll
0x00007ff8b2470000 - 0x00007ff8b2594000 	C:\WINDOWS\System32\RPCRT4.dll
0x00007ff8b2c70000 - 0x00007ff8b2e10000 	C:\WINDOWS\System32\USER32.dll
0x00007ff8b14a0000 - 0x00007ff8b14c2000 	C:\WINDOWS\System32\win32u.dll
0x00007ff8b3c60000 - 0x00007ff8b3c8a000 	C:\WINDOWS\System32\GDI32.dll
0x00007ff8b1940000 - 0x00007ff8b1a49000 	C:\WINDOWS\System32\gdi32full.dll
0x00007ff898d80000 - 0x00007ff89901b000 	C:\WINDOWS\WinSxS\amd64_microsoft.windows.common-controls_6595b64144ccf1df_6.0.19041.488_none_ca04af081b815d21\COMCTL32.dll
0x00007ff8b18a0000 - 0x00007ff8b193d000 	C:\WINDOWS\System32\msvcp_win.dll
0x00007ff8a8cd0000 - 0x00007ff8a8cda000 	C:\WINDOWS\SYSTEM32\VERSION.dll
0x00007ff8b2e10000 - 0x00007ff8b2e40000 	C:\WINDOWS\System32\IMM32.DLL
0x00007ff88a570000 - 0x00007ff88a60b000 	C:\Program Files\Java\jdk-14.0.1\bin\msvcp140.dll
0x00007ff87a850000 - 0x00007ff87b36e000 	C:\Program Files\Java\jdk-14.0.1\bin\server\jvm.dll
0x00007ff8b2750000 - 0x00007ff8b2758000 	C:\WINDOWS\System32\PSAPI.DLL
0x00007ff8a51d0000 - 0x00007ff8a51d9000 	C:\WINDOWS\SYSTEM32\WSOCK32.dll
0x00007ff8a7e70000 - 0x00007ff8a7e97000 	C:\WINDOWS\SYSTEM32\WINMM.dll
0x00007ff8b33b0000 - 0x00007ff8b341b000 	C:\WINDOWS\System32\WS2_32.dll
0x00007ff8af3e0000 - 0x00007ff8af3f2000 	C:\WINDOWS\SYSTEM32\kernel.appcore.dll
0x00007ff8acee0000 - 0x00007ff8aceea000 	C:\Program Files\Java\jdk-14.0.1\bin\jimage.dll
0x00007ff8ac610000 - 0x00007ff8ac7f4000 	C:\WINDOWS\SYSTEM32\DBGHELP.DLL
0x00007ff8ac5e0000 - 0x00007ff8ac60c000 	C:\WINDOWS\SYSTEM32\dbgcore.DLL
0x00007ff8b1b00000 - 0x00007ff8b1b7f000 	C:\WINDOWS\System32\bcryptPrimitives.dll
0x00007ff896640000 - 0x00007ff896665000 	C:\Program Files\Java\jdk-14.0.1\bin\java.dll
0x00007ff8a3de0000 - 0x00007ff8a3df6000 	C:\Program Files\Java\jdk-14.0.1\bin\zip.dll
0x00007ff8b3420000 - 0x00007ff8b3b61000 	C:\WINDOWS\System32\SHELL32.dll
0x00007ff8af5e0000 - 0x00007ff8afd75000 	C:\WINDOWS\SYSTEM32\windows.storage.dll
0x00007ff8b3050000 - 0x00007ff8b33a5000 	C:\WINDOWS\System32\combase.dll
0x00007ff8b0ee0000 - 0x00007ff8b0f0c000 	C:\WINDOWS\SYSTEM32\Wldp.dll
0x00007ff8b2b00000 - 0x00007ff8b2bae000 	C:\WINDOWS\System32\SHCORE.dll
0x00007ff8b3c90000 - 0x00007ff8b3ce5000 	C:\WINDOWS\System32\shlwapi.dll
0x00007ff8b13a0000 - 0x00007ff8b13c6000 	C:\WINDOWS\SYSTEM32\profapi.dll
0x00007ff8a2910000 - 0x00007ff8a2929000 	C:\Program Files\Java\jdk-14.0.1\bin\net.dll
0x00007ff8a9e30000 - 0x00007ff8a9f30000 	C:\WINDOWS\SYSTEM32\WINHTTP.dll
0x00007ff8b0c60000 - 0x00007ff8b0cca000 	C:\WINDOWS\system32\mswsock.dll
0x00007ff899610000 - 0x00007ff899622000 	C:\Program Files\Java\jdk-14.0.1\bin\nio.dll
0x00007ff8ac850000 - 0x00007ff8ac860000 	C:\Program Files\Java\jdk-14.0.1\bin\verify.dll
0x00007ff893790000 - 0x00007ff8937b7000 	C:\Users\Aboth\.gradle\native\481b90ef2c2b5ab96622bab5346fdaaafe5c91895d4d4de1c4fe4b2e89a8011f\windows-amd64\native-platform.dll
0x00007ff8a4680000 - 0x00007ff8a4689000 	C:\Program Files\Java\jdk-14.0.1\bin\management.dll
0x00007ff8a3d90000 - 0x00007ff8a3d9b000 	C:\Program Files\Java\jdk-14.0.1\bin\management_ext.dll
0x00007ff8b0e30000 - 0x00007ff8b0e48000 	C:\WINDOWS\SYSTEM32\CRYPTSP.dll
0x00007ff8b0580000 - 0x00007ff8b05b4000 	C:\WINDOWS\system32\rsaenh.dll
0x00007ff8b1470000 - 0x00007ff8b1497000 	C:\WINDOWS\System32\bcrypt.dll
0x00007ff8b1360000 - 0x00007ff8b138e000 	C:\WINDOWS\SYSTEM32\USERENV.dll
0x00007ff8b0e50000 - 0x00007ff8b0e5c000 	C:\WINDOWS\SYSTEM32\CRYPTBASE.dll
0x00007ff8b0900000 - 0x00007ff8b093b000 	C:\WINDOWS\SYSTEM32\IPHLPAPI.DLL
0x00007ff8b1f50000 - 0x00007ff8b1f58000 	C:\WINDOWS\System32\NSI.dll
0x00007ff8ac170000 - 0x00007ff8ac187000 	C:\WINDOWS\SYSTEM32\dhcpcsvc6.DLL
0x00007ff8ac150000 - 0x00007ff8ac16d000 	C:\WINDOWS\SYSTEM32\dhcpcsvc.DLL
0x00007ff8b0940000 - 0x00007ff8b0a0b000 	C:\WINDOWS\SYSTEM32\DNSAPI.dll
0x00007ff8ac200000 - 0x00007ff8ac20b000 	C:\WINDOWS\SYSTEM32\WINNSI.DLL
0x00007ff88a3d0000 - 0x00007ff88a568000 	C:\Program Files\Java\jdk-14.0.1\bin\awt.dll
0x00007ff8b2860000 - 0x00007ff8b292d000 	C:\WINDOWS\System32\OLEAUT32.dll
0x00007ff8aed60000 - 0x00007ff8aedf0000 	C:\WINDOWS\SYSTEM32\apphelp.dll
0x00007ff8aef00000 - 0x00007ff8aef9e000 	C:\WINDOWS\system32\uxtheme.dll
0x00007ff8b2930000 - 0x00007ff8b2a45000 	C:\WINDOWS\System32\MSCTF.dll
0x00007ff8b1e20000 - 0x00007ff8b1f4a000 	C:\WINDOWS\System32\ole32.dll

dbghelp: loaded successfully - version: 4.0.5 - missing functions: none
symbol engine: initialized successfully - sym options: 0x614 - pdb path: .;C:\Program Files\Java\jdk-14.0.1\bin;C:\WINDOWS\SYSTEM32;C:\WINDOWS\WinSxS\amd64_microsoft.windows.common-controls_6595b64144ccf1df_6.0.19041.488_none_ca04af081b815d21;C:\Program Files\Java\jdk-14.0.1\bin\server;C:\Users\Aboth\.gradle\native\481b90ef2c2b5ab96622bab5346fdaaafe5c91895d4d4de1c4fe4b2e89a8011f\windows-amd64

VM Arguments:
jvm_args: --add-opens=java.base/java.util=ALL-UNNAMED --add-opens=java.base/java.lang=ALL-UNNAMED --add-opens=java.base/java.lang.invoke=ALL-UNNAMED --add-opens=java.prefs/java.util.prefs=ALL-UNNAMED -XX:MaxMetaspaceSize=256m -XX:+HeapDumpOnOutOfMemoryError -Xms256m -Xmx512m -Dfile.encoding=windows-1252 -Duser.country=FR -Duser.language=fr -Duser.variant 
java_command: org.gradle.launcher.daemon.bootstrap.GradleDaemon 6.4.1
java_class_path (initial): C:\Users\Aboth\.gradle\wrapper\dists\gradle-6.4.1-all\13imxtezgn9nwzqt8rgtkunh1\gradle-6.4.1\lib\gradle-launcher-6.4.1.jar
Launcher Type: SUN_STANDARD

[Global flags]
     intx CICompilerCount                          = 3                                         {product} {ergonomic}
   size_t CompressedClassSpaceSize                 = 260046848                                 {product} {ergonomic}
     uint ConcGCThreads                            = 1                                         {product} {ergonomic}
     uint G1ConcRefinementThreads                  = 4                                         {product} {ergonomic}
   size_t G1HeapRegionSize                         = 1048576                                   {product} {ergonomic}
    uintx GCDrainStackTargetSize                   = 64                                        {product} {ergonomic}
     bool HeapDumpOnOutOfMemoryError               = true                                   {manageable} {command line}
   size_t InitialHeapSize                          = 268435456                                 {product} {command line}
   size_t MarkStackSize                            = 4194304                                   {product} {ergonomic}
   size_t MaxHeapSize                              = 536870912                                 {product} {command line}
   size_t MaxMetaspaceSize                         = 268435456                                 {product} {command line}
   size_t MaxNewSize                               = 321912832                                 {product} {ergonomic}
   size_t MinHeapDeltaBytes                        = 1048576                                   {product} {ergonomic}
   size_t MinHeapSize                              = 268435456                                 {product} {command line}
    uintx NonNMethodCodeHeapSize                   = 5832780                                {pd product} {ergonomic}
    uintx NonProfiledCodeHeapSize                  = 122912730                              {pd product} {ergonomic}
    uintx ProfiledCodeHeapSize                     = 122912730                              {pd product} {ergonomic}
    uintx ReservedCodeCacheSize                    = 251658240                              {pd product} {ergonomic}
     bool SegmentedCodeCache                       = true                                      {product} {ergonomic}
   size_t SoftMaxHeapSize                          = 536870912                              {manageable} {ergonomic}
     bool UseCompressedClassPointers               = true                                 {lp64_product} {ergonomic}
     bool UseCompressedOops                        = true                                 {lp64_product} {ergonomic}
     bool UseG1GC                                  = true                                      {product} {ergonomic}
     bool UseLargePagesIndividualAllocation        = false                                  {pd product} {ergonomic}

Logging:
Log output configuration:
 #0: stdout all=warning uptime,level,tags
 #1: stderr all=off uptime,level,tags

Environment Variables:
JAVA_HOME=C:\Program Files\Java\jdk-14.0.1
CLASSPATH=C:\Apotheose\SwordBloody\android\\gradle\wrapper\gradle-wrapper.jar
PATH=C:\Apotheose\SwordBloody\android\node_modules\.bin;C:\Apotheose\SwordBloody\node_modules\.bin;C:\Apotheose\node_modules\.bin;C:\node_modules\.bin;C:\Program Files\nodejs;C:\Apotheose\SwordBloody\node_modules\.bin;C:\Python27\;C:\Python27\Scripts;C:\Program Files\Common Files\Microsoft Shared\Windows Live;C:\Program Files (x86)\Common Files\Microsoft Shared\Windows Live;C:\Windows\system32;C:\Windows;C:\Windows\System32\Wbem;C:\Windows\System32\WindowsPowerShell\v1.0\;C:\Program Files (x86)\Windows Live\Shared;C:\Program Files (x86)\QuickTime\QTSystem\;C:\Program Files (x86)\Calibre2\;C:\Program Files (x86)\NVIDIA Corporation\PhysX\Common;C:\Program Files\Git\cmd;C:\xampp2\php;C:\ProgramData\ComposerSetup\bin;C:\WINDOWS\system32;C:\WINDOWS;C:\WINDOWS\System32\Wbem;C:\WINDOWS\System32\WindowsPowerShell\v1.0\;C:\WINDOWS\System32\OpenSSH\;C:\ProgramData\chocolatey\bin;C:\Program Files\Java\jdk1.8.0_211\bin;C:\Program Files (x86)\Yarn\bin\;c:\sonar-scanner-4.2.0.1873-windows\bin;c:\Programmes\Java\jdk-14.0.1\bin;C:\Program Files\PuTTY\;C:\Program Files\nodejs\;c:\Users\Aboth\AppData\Local\Android\Sdk\platform-tools;C:\Users\Aboth\AppData\Local\Programs\Microsoft VS Code\bin;c:\Users\Aboth\AppData\Local\Programs\Microsoft VS Code\bin;c:\sonar-scanner-4.2.0.1873-windows\bin;C:\Program Files\Java\jdk-14.0.1\bin;C:\Users\Aboth\AppData\Roaming\npm;C:\Users\Aboth\AppData\Local\Microsoft\WindowsApps;
USERNAME=Aboth
OS=Windows_NT
PROCESSOR_IDENTIFIER=Intel64 Family 6 Model 42 Stepping 7, GenuineIntel



---------------  S Y S T E M  ---------------

OS: Windows 10 , 64 bit Build 19041 (10.0.19041.546)
OS uptime: 1 days 12:09 hours

CPU:total 4 (initial active 4) (4 cores per cpu, 1 threads per core) family 6 model 42 stepping 7, cmov, cx8, fxsr, mmx, sse, sse2, sse3, ssse3, sse4.1, sse4.2, popcnt, avx, aes, clmul, tsc, tscinvbit

Memory: 4k page, system-wide physical 8173M (3731M free)
TotalPageFile size 16365M (AvailPageFile size 11194M)
current process WorkingSet (physical memory assigned to process): 504M, peak: 509M
current process commit charge ("private bytes"): 547M, peak: 553M

vm_info: Java HotSpot(TM) 64-Bit Server VM (14.0.1+7) for windows-amd64 JRE (14.0.1+7), built on Mar  5 2020 10:30:14 by "mach5one" with MS VC++ 15.9 (VS2017)

END.
