#
# A fatal error has been detected by the Java Runtime Environment:
#
#  EXCEPTION_ACCESS_VIOLATION (0xc0000005) at pc=0x00007ff8741fd9aa, pid=15608, tid=7976
#
# JRE version: Java(TM) SE Runtime Environment (14.0.1+7) (build 14.0.1+7)
# Java VM: Java HotSpot(TM) 64-Bit Server VM (14.0.1+7, mixed mode, sharing, tiered, compressed oops, g1 gc, windows-amd64)
# Problematic frame:
# V  [jvm.dll+0x29d9aa]
#
# No core dump will be written. Minidumps are not enabled by default on client versions of Windows
#
# If you would like to submit a bug report, please visit:
#   https://bugreport.java.com/bugreport/crash.jsp
#

---------------  S U M M A R Y ------------

Command Line: --add-opens=java.base/java.util=ALL-UNNAMED --add-opens=java.base/java.lang=ALL-UNNAMED --add-opens=java.base/java.lang.invoke=ALL-UNNAMED --add-opens=java.prefs/java.util.prefs=ALL-UNNAMED -XX:MaxMetaspaceSize=256m -XX:+HeapDumpOnOutOfMemoryError -Xms256m -Xmx512m -Dfile.encoding=windows-1252 -Duser.country=FR -Duser.language=fr -Duser.variant org.gradle.launcher.daemon.bootstrap.GradleDaemon 6.4.1

Host: Intel(R) Core(TM) i5-2500K CPU @ 3.30GHz, 4 cores, 7G,  Windows 10 , 64 bit Build 19041 (10.0.19041.546)
Time: Fri Nov 13 12:37:26 2020 Paris, Madrid elapsed time: 5769 seconds (0d 1h 36m 9s)

---------------  T H R E A D  ---------------

Current thread (0x0000024caa66c000):  GCTaskThread "GC Thread#3" [stack: 0x000000d73c800000,0x000000d73c900000] [id=7976]

Stack: [0x000000d73c800000,0x000000d73c900000],  sp=0x000000d73c8ff530,  free space=1021k
Native frames: (J=compiled Java code, j=interpreted, Vv=VM code, C=native code)
V  [jvm.dll+0x29d9aa]
V  [jvm.dll+0x2c76bb]
V  [jvm.dll+0x2d4a87]
V  [jvm.dll+0x2d68cc]
V  [jvm.dll+0x2d5120]
V  [jvm.dll+0x2d6511]
V  [jvm.dll+0x2a45b5]
V  [jvm.dll+0x2a5dd7]
V  [jvm.dll+0x76e5d0]
V  [jvm.dll+0x6ff8ba]
V  [jvm.dll+0x5f72c6]
C  [ucrtbase.dll+0x214c2]
C  [KERNEL32.DLL+0x17034]
C  [ntdll.dll+0x4cec1]


siginfo: EXCEPTION_ACCESS_VIOLATION (0xc0000005), reading address 0x0000000000000002


Register to memory mapping:

RIP=0x00007ff8741fd9aa jvm.dll
RAX=0x0 is NULL
RBX=0x00000000ec44af10 is pointing into object: [Ljava.lang.Object; 
{0x00000000ec44a1c0} - klass: 'java/lang/Object'[]
 - length: 1678
RCX=0x0000000000000014 is an unknown value
RDX=0x0 is NULL
RSP=0x000000d73c8ff530 points into unknown readable memory: 02 00 40 f0 00 00 00 00
RBP=0x0000024ca5dc0600 points into unknown readable memory: ff ff ff ff ff ff ff ff
RSI=0x0000024cadef06f0 points into unknown readable memory: 08 12 7b 74 f8 7f 00 00
RDI=0x0000024cadef06f0 points into unknown readable memory: 08 12 7b 74 f8 7f 00 00
R8 =0x0000000000000002 is an unknown value
R9 =0x0000024c8e5eb0b0 points into unknown readable memory: 76 15 00 00 00 00 00 00
R10=0x000000000000000c is an unknown value
R11=0x0000000000000001 is an unknown value
R12=0x0 is NULL
R13=0x000000d73c8ff7d0 points into unknown readable memory: 78 22 7b 74 f8 7f 00 00
R14=0x0000024c8e5eb0b8 points into unknown readable memory: 76 15 00 00 d2 1d 00 00
R15=0x0000000000000040 is an unknown value


Registers:
RAX=0x0000000000000000, RBX=0x00000000ec44af10, RCX=0x0000000000000014, RDX=0x0000000000000000
RSP=0x000000d73c8ff530, RBP=0x0000024ca5dc0600, RSI=0x0000024cadef06f0, RDI=0x0000024cadef06f0
R8 =0x0000000000000002, R9 =0x0000024c8e5eb0b0, R10=0x000000000000000c, R11=0x0000000000000001
R12=0x0000000000000000, R13=0x000000d73c8ff7d0, R14=0x0000024c8e5eb0b8, R15=0x0000000000000040
RIP=0x00007ff8741fd9aa, EFLAGS=0x0000000000010246

Top of Stack: (sp=0x000000d73c8ff530)
0x000000d73c8ff530:   00000000f0400002 0000024cadef06f0
0x000000d73c8ff540:   0000000000000040 00007ff87423014d
0x000000d73c8ff550:   0000024c8e5eb0b0 00007ff8742276bb
0x000000d73c8ff560:   0000000000001576 000000d73c8ff640
0x000000d73c8ff570:   00000000e80acfe0 0000024ca5dc0500
0x000000d73c8ff580:   0000024c8e5de400 00007ff874233fd4
0x000000d73c8ff590:   00000000e80ad000 0000000d6f11dbb8
0x000000d73c8ff5a0:   00001145ff594106 0000000d6f11dbb8
0x000000d73c8ff5b0:   00001145ff594106 0000000000000080
0x000000d73c8ff5c0:   0000024ca9554760 00007ff87423957b
0x000000d73c8ff5d0:   0000024c8e5e6d80 0000024ca5dc0500
0x000000d73c8ff5e0:   000000d73c8ff7d0 0000024ca5dc0600
0x000000d73c8ff5f0:   00000000e80ad000 0000000000040500
0x000000d73c8ff600:   0000000000000001 00007ff874234a87
0x000000d73c8ff610:   00000000e80ace00 000000d73c8ff630
0x000000d73c8ff620:   000000d73c8ff640 00000000ec44af11 

Instructions: (pc=0x00007ff8741fd9aa)
0x00007ff8741fd8aa:   00 00 00 e8 ae 07 03 00 48 8b 4c 24 38 4c 8b cf
0x00007ff8741fd8ba:   48 89 4c 24 28 4c 8b c5 48 8b 4c 24 30 48 8b d6
0x00007ff8741fd8ca:   48 89 4c 24 20 48 8b d8 49 8b ce e8 a6 01 35 00
0x00007ff8741fd8da:   4c 8d 9c 24 90 00 00 00 48 8b c3 49 8b 5b 10 49
0x00007ff8741fd8ea:   8b 6b 18 49 8b 73 20 49 8b 7b 28 49 8b e3 41 5e
0x00007ff8741fd8fa:   c3 cc cc cc cc cc 48 8b 81 18 01 00 00 48 2b c2
0x00007ff8741fd90a:   48 89 81 18 01 00 00 c3 cc cc cc cc cc cc cc cc
0x00007ff8741fd91a:   cc cc cc cc cc cc 80 3d 21 d6 7b 00 00 74 08 48
0x00007ff8741fd92a:   8b ca e9 6f 44 3e 00 c3 cc cc cc cc cc cc cc cc
0x00007ff8741fd93a:   cc cc cc cc cc cc 66 c7 02 00 ff 48 8b c2 c3 cc
0x00007ff8741fd94a:   cc cc cc cc cc cc 48 89 5c 24 08 57 48 83 ec 20
0x00007ff8741fd95a:   48 8b da 48 8b f9 f6 c2 01 0f 84 00 01 00 00 8b
0x00007ff8741fd96a:   0d 21 1a 72 00 48 83 e3 fe 48 8b 47 08 44 8b 03
0x00007ff8741fd97a:   49 d3 e0 8b 88 48 04 00 00 48 8b 80 38 04 00 00
0x00007ff8741fd98a:   4c 03 05 f7 19 72 00 49 8b d0 48 d3 ea 0f b7 14
0x00007ff8741fd99a:   50 0f b7 c2 66 c1 e8 08 84 c0 0f 88 a3 01 00 00
0x00007ff8741fd9aa:   4d 8b 08 41 0f b6 c1 24 03 3c 03 75 1e 80 3d ca
0x00007ff8741fd9ba:   2c 72 00 00 74 0f 41 0f b6 c1 24 07 3c 05 75 05
0x00007ff8741fd9ca:   45 33 c9 eb 11 49 83 e1 fc eb 0b 48 8b cf e8 53
0x00007ff8741fd9da:   b8 02 00 4c 8b c8 8b 0d aa 19 72 00 49 8b c1 48
0x00007ff8741fd9ea:   2b 05 98 19 72 00 48 d3 e8 89 03 49 8b c1 8b 0d
0x00007ff8741fd9fa:   f2 30 7a 00 48 33 c3 48 d3 e8 48 85 c0 0f 84 40
0x00007ff8741fda0a:   01 00 00 48 8b 47 08 48 8b d3 48 8b 80 00 01 00
0x00007ff8741fda1a:   00 8b 48 68 48 8b 40 58 48 d3 ea 48 8b 0c d0 8b
0x00007ff8741fda2a:   81 cc 00 00 00 d1 e8 a8 01 0f 85 14 01 00 00 48
0x00007ff8741fda3a:   8b 47 08 49 8b d1 4c 8b c3 8b 88 48 04 00 00 48
0x00007ff8741fda4a:   8b 80 38 04 00 00 48 d3 ea 48 8b cf 0f b7 14 50
0x00007ff8741fda5a:   48 8b 5c 24 30 48 83 c4 20 5f e9 b7 d4 ff ff 0f
0x00007ff8741fda6a:   b6 c3 d0 e8 a8 01 0f 85 d2 00 00 00 4c 8b 02 48
0x00007ff8741fda7a:   8b 41 08 49 8b d0 8b 88 48 04 00 00 48 8b 80 38
0x00007ff8741fda8a:   04 00 00 48 d3 ea 0f b7 14 50 0f b7 c2 66 c1 e8
0x00007ff8741fda9a:   08 84 c0 0f 88 aa 00 00 00 4d 8b 08 41 0f b6 c1 


Stack slot to memory mapping:
stack at sp + 0 slots: 0x00000000f0400002 is pointing into object: [Ljava.lang.Object; 
{0x00000000f0400000} - klass: 'java/lang/Object'[]
 - length: 1678
stack at sp + 1 slots: 0x0000024cadef06f0 points into unknown readable memory: 08 12 7b 74 f8 7f 00 00
stack at sp + 2 slots: 0x0000000000000040 is an unknown value
stack at sp + 3 slots: 0x00007ff87423014d jvm.dll
stack at sp + 4 slots: 0x0000024c8e5eb0b0 points into unknown readable memory: 76 15 00 00 00 00 00 00
stack at sp + 5 slots: 0x00007ff8742276bb jvm.dll
stack at sp + 6 slots: 0x0000000000001576 is an unknown value
stack at sp + 7 slots: 0x000000d73c8ff640 points into unknown readable memory: 70 20 7b 74 f8 7f 00 00


---------------  P R O C E S S  ---------------

Threads class SMR info:
_java_thread_list=0x0000024cadf063e0, length=41, elements={
0x0000024c8e5cd800, 0x0000024ca9558800, 0x0000024ca9559800, 0x0000024ca9576800,
0x0000024ca9577800, 0x0000024ca957a800, 0x0000024ca957c000, 0x0000024ca957e000,
0x0000024ca9585000, 0x0000024ca9ffc800, 0x0000024caa01a800, 0x0000024caac13000,
0x0000024caac9e800, 0x0000024caa68f000, 0x0000024caadc7800, 0x0000024caadc8800,
0x0000024caadc6800, 0x0000024caadcb000, 0x0000024cadd63000, 0x0000024cadd60800,
0x0000024cadd6a000, 0x0000024cadd6f000, 0x0000024cafc60800, 0x0000024cafc5f000,
0x0000024cafc5b000, 0x0000024cafc5e000, 0x0000024cafc5d800, 0x0000024cafc5c800,
0x0000024cafc60000, 0x0000024cafc61800, 0x0000024cafc5b800, 0x0000024cafc67000,
0x0000024cafc65800, 0x0000024cafc64800, 0x0000024cafc62800, 0x0000024cafc68000,
0x0000024cadbd5800, 0x0000024cafc69000, 0x0000024cafc66800, 0x0000024cafc64000,
0x0000024cafc63000
}

Java Threads: ( => current thread )
  0x0000024c8e5cd800 JavaThread "main" [_thread_blocked, id=9908, stack(0x000000d73b300000,0x000000d73b400000)]
  0x0000024ca9558800 JavaThread "Reference Handler" daemon [_thread_blocked, id=10176, stack(0x000000d73ba00000,0x000000d73bb00000)]
  0x0000024ca9559800 JavaThread "Finalizer" daemon [_thread_blocked, id=6632, stack(0x000000d73bb00000,0x000000d73bc00000)]
  0x0000024ca9576800 JavaThread "Signal Dispatcher" daemon [_thread_blocked, id=3576, stack(0x000000d73bc00000,0x000000d73bd00000)]
  0x0000024ca9577800 JavaThread "Attach Listener" daemon [_thread_blocked, id=3848, stack(0x000000d73bd00000,0x000000d73be00000)]
  0x0000024ca957a800 JavaThread "Service Thread" daemon [_thread_blocked, id=11420, stack(0x000000d73be00000,0x000000d73bf00000)]
  0x0000024ca957c000 JavaThread "C2 CompilerThread0" daemon [_thread_blocked, id=10620, stack(0x000000d73bf00000,0x000000d73c000000)]
  0x0000024ca957e000 JavaThread "C1 CompilerThread0" daemon [_thread_blocked, id=12712, stack(0x000000d73c000000,0x000000d73c100000)]
  0x0000024ca9585000 JavaThread "Sweeper thread" daemon [_thread_blocked, id=11044, stack(0x000000d73c100000,0x000000d73c200000)]
  0x0000024ca9ffc800 JavaThread "Common-Cleaner" daemon [_thread_blocked, id=13920, stack(0x000000d73c200000,0x000000d73c300000)]
  0x0000024caa01a800 JavaThread "Notification Thread" daemon [_thread_blocked, id=1304, stack(0x000000d73c300000,0x000000d73c400000)]
  0x0000024caac13000 JavaThread "Daemon health stats" [_thread_blocked, id=8156, stack(0x000000d73c500000,0x000000d73c600000)]
  0x0000024caac9e800 JavaThread "Incoming local TCP Connector on port 58740" [_thread_in_native, id=15300, stack(0x000000d73cb00000,0x000000d73cc00000)]
  0x0000024caa68f000 JavaThread "Daemon periodic checks" [_thread_blocked, id=15116, stack(0x000000d73cc00000,0x000000d73cd00000)]
  0x0000024caadc7800 JavaThread "Cache worker for journal cache (C:\Users\Aboth\.gradle\caches\journal-1)" [_thread_blocked, id=12968, stack(0x000000d73d400000,0x000000d73d500000)]
  0x0000024caadc8800 JavaThread "File lock request listener" [_thread_in_native, id=8232, stack(0x000000d73d500000,0x000000d73d600000)]
  0x0000024caadc6800 JavaThread "Cache worker for file hash cache (C:\Users\Aboth\.gradle\caches\6.4.1\fileHashes)" [_thread_blocked, id=2896, stack(0x000000d73d600000,0x000000d73d700000)]
  0x0000024caadcb000 JavaThread "File watcher consumer" daemon [_thread_blocked, id=5840, stack(0x000000d73d700000,0x000000d73d800000)]
  0x0000024cadd63000 JavaThread "Cache worker for execution history cache (C:\Users\Aboth\.gradle\caches\6.4.1\executionHistory)" [_thread_blocked, id=16356, stack(0x000000d73dc00000,0x000000d73dd00000)]
  0x0000024cadd60800 JavaThread "Cache worker for file content cache (C:\Users\Aboth\.gradle\caches\6.4.1\fileContent)" [_thread_blocked, id=9028, stack(0x000000d73dd00000,0x000000d73de00000)]
  0x0000024cadd6a000 JavaThread "Memory manager" [_thread_blocked, id=14460, stack(0x000000d73e500000,0x000000d73e600000)]
  0x0000024cadd6f000 JavaThread "Monitor" [_thread_in_native, id=7468, stack(0x000000d73ee00000,0x000000d73ef00000)]
  0x0000024cafc60800 JavaThread "Device List Monitor" [_thread_in_native, id=15388, stack(0x000000d73ec00000,0x000000d73ed00000)]
  0x0000024cafc5f000 JavaThread "Java2D Disposer" daemon [_thread_blocked, id=8516, stack(0x000000d73f000000,0x000000d73f100000)]
  0x0000024cafc5b000 JavaThread "AWT-Windows" daemon [_thread_in_native, id=8040, stack(0x000000d73f200000,0x000000d73f300000)]
  0x0000024cafc5e000 JavaThread "Daemon Thread 6" [_thread_blocked, id=10312, stack(0x000000d73b000000,0x000000d73b100000)]
  0x0000024cafc5d800 JavaThread "Handler for socket connection from /127.0.0.1:58740 to /127.0.0.1:59550" [_thread_in_native, id=12016, stack(0x000000d73b200000,0x000000d73b300000)]
  0x0000024cafc5c800 JavaThread "Cancel handler" [_thread_blocked, id=8160, stack(0x000000d73c900000,0x000000d73ca00000)]
  0x0000024cafc60000 JavaThread "Daemon worker Thread 6" [_thread_blocked, id=2020, stack(0x000000d73ca00000,0x000000d73cb00000)]
  0x0000024cafc61800 JavaThread "Asynchronous log dispatcher for DefaultDaemonConnection: socket connection from /127.0.0.1:58740 to /127.0.0.1:59550" [_thread_blocked, id=12408, stack(0x000000d73cd00000,0x000000d73ce00000)]
  0x0000024cafc5b800 JavaThread "Stdin handler" [_thread_blocked, id=10252, stack(0x000000d73ce00000,0x000000d73cf00000)]
  0x0000024cafc67000 JavaThread "Thread-130" [_thread_blocked, id=13164, stack(0x000000d73cf00000,0x000000d73d000000)]
  0x0000024cafc65800 JavaThread "Cache worker for file hash cache (C:\Apotheose\SwordBloody\android\.gradle\6.4.1\fileHashes)" [_thread_blocked, id=12184, stack(0x000000d73d000000,0x000000d73d100000)]
  0x0000024cafc64800 JavaThread "Cache worker for checksums cache (C:\Apotheose\SwordBloody\android\.gradle\checksums)" [_thread_blocked, id=1704, stack(0x000000d73d100000,0x000000d73d200000)]
  0x0000024cafc62800 JavaThread "Cache worker for cache directory md-supplier (C:\Users\Aboth\.gradle\caches\6.4.1\md-supplier)" [_thread_blocked, id=4320, stack(0x000000d73d200000,0x000000d73d300000)]
  0x0000024cafc68000 JavaThread "Cache worker for cache directory md-rule (C:\Users\Aboth\.gradle\caches\6.4.1\md-rule)" [_thread_blocked, id=8120, stack(0x000000d73d300000,0x000000d73d400000)]
  0x0000024cadbd5800 JavaThread "C2 CompilerThread1" daemon [_thread_blocked, id=8764, stack(0x000000d73d800000,0x000000d73d900000)]
  0x0000024cafc69000 JavaThread "Build operations" [_thread_blocked, id=14340, stack(0x000000d73d900000,0x000000d73da00000)]
  0x0000024cafc66800 JavaThread "Build operations Thread 2" [_thread_blocked, id=3332, stack(0x000000d73da00000,0x000000d73db00000)]
  0x0000024cafc64000 JavaThread "Build operations Thread 3" [_thread_blocked, id=8072, stack(0x000000d73db00000,0x000000d73dc00000)]
  0x0000024cafc63000 JavaThread "Build operations Thread 4" [_thread_blocked, id=11144, stack(0x000000d73df00000,0x000000d73e000000)]

Other Threads:
  0x0000024ca9555000 VMThread "VM Thread" [stack: 0x000000d73b900000,0x000000d73ba00000] [id=16328]
  0x0000024caa020800 WatcherThread [stack: 0x000000d73c400000,0x000000d73c500000] [id=8768]
  0x0000024c8e5f7800 GCTaskThread "GC Thread#0" [stack: 0x000000d73b400000,0x000000d73b500000] [id=3204]
  0x0000024caa4e3000 GCTaskThread "GC Thread#1" [stack: 0x000000d73c600000,0x000000d73c700000] [id=8856]
  0x0000024caa367000 GCTaskThread "GC Thread#2" [stack: 0x000000d73c700000,0x000000d73c800000] [id=6276]
=>0x0000024caa66c000 GCTaskThread "GC Thread#3" [stack: 0x000000d73c800000,0x000000d73c900000] [id=7976]
  0x0000024c8e5fe000 ConcurrentGCThread "G1 Main Marker" [stack: 0x000000d73b500000,0x000000d73b600000] [id=1028]
  0x0000024c8e5ff000 ConcurrentGCThread "G1 Conc#0" [stack: 0x000000d73b600000,0x000000d73b700000] [id=13784]
  0x0000024c8e6ae000 ConcurrentGCThread "G1 Refine#0" [stack: 0x000000d73b700000,0x000000d73b800000] [id=5400]
  0x0000024caaacb000 ConcurrentGCThread "G1 Refine#1" [stack: 0x000000d73b100000,0x000000d73b200000] [id=12228]
  0x0000024cad020800 ConcurrentGCThread "G1 Refine#2" [stack: 0x000000d73de00000,0x000000d73df00000] [id=3760]
  0x0000024cad343800 ConcurrentGCThread "G1 Refine#3" [stack: 0x000000d73e400000,0x000000d73e500000] [id=9736]
  0x0000024ca9406800 ConcurrentGCThread "G1 Young RemSet Sampling" [stack: 0x000000d73b800000,0x000000d73b900000] [id=13488]

Threads with active compile tasks:
C2 CompilerThread0  5770013 18338       4       org.gradle.api.internal.artifacts.ivyservice.resolveengine.result.ComponentIdentifierSerializer::write (429 bytes)
C2 CompilerThread1  5770013 18335       4       org.gradle.api.internal.artifacts.ivyservice.resolveengine.graph.builder.EdgeState::computeHashCode (43 bytes)

VM state:at safepoint (normal execution)

VM Mutex/Monitor currently owned by a thread:  ([mutex/lock_event])
[0x0000024c8e5c9cd0] Threads_lock - owner thread: 0x0000024ca9555000
[0x0000024c8e5c8b60] Heap_lock - owner thread: 0x0000024cafc60000

Heap address: 0x00000000e0000000, size: 512 MB, Compressed Oops mode: 32-bit
Narrow klass base: 0x0000000800000000, Narrow klass shift: 3
Compressed class space size: 260046848 Address: 0x0000000800b30000

Heap:
 garbage-first heap   total 281600K, used 225280K [0x00000000e0000000, 0x0000000100000000)
  region size 1024K, 80 young (81920K), 3 survivors (3072K)
 Metaspace       used 82104K, capacity 85780K, committed 86016K, reserved 329728K
  class space    used 10431K, capacity 11745K, committed 11776K, reserved 253952K
Heap Regions: E=young(eden), S=young(survivor), O=old, HS=humongous(starts), HC=humongous(continues), CS=collection set, F=free, OA=open archive, CA=closed archive, TAMS=top-at-mark-start (previous, next)
|   0|0x00000000e0000000, 0x00000000e0100000, 0x00000000e0100000|100%| O|  |TAMS 0x00000000e0100000, 0x00000000e0100000| Untracked 
|   1|0x00000000e0100000, 0x00000000e0200000, 0x00000000e0200000|100%| O|  |TAMS 0x00000000e0200000, 0x00000000e0200000| Untracked 
|   2|0x00000000e0200000, 0x00000000e0300000, 0x00000000e0300000|100%| O|  |TAMS 0x00000000e0300000, 0x00000000e0300000| Untracked 
|   3|0x00000000e0300000, 0x00000000e0400000, 0x00000000e0400000|100%|HS|  |TAMS 0x00000000e0400000, 0x00000000e0400000| Complete 
|   4|0x00000000e0400000, 0x00000000e0500000, 0x00000000e0500000|100%|HC|  |TAMS 0x00000000e0500000, 0x00000000e0500000| Complete 
|   5|0x00000000e0500000, 0x00000000e0600000, 0x00000000e0600000|100%|HC|  |TAMS 0x00000000e0600000, 0x00000000e0600000| Complete 
|   6|0x00000000e0600000, 0x00000000e0700000, 0x00000000e0700000|100%| O|  |TAMS 0x00000000e0700000, 0x00000000e0700000| Untracked 
|   7|0x00000000e0700000, 0x00000000e0800000, 0x00000000e0800000|100%| O|  |TAMS 0x00000000e0800000, 0x00000000e0800000| Untracked 
|   8|0x00000000e0800000, 0x00000000e0900000, 0x00000000e0900000|100%| O|  |TAMS 0x00000000e0900000, 0x00000000e0900000| Untracked 
|   9|0x00000000e0900000, 0x00000000e0a00000, 0x00000000e0a00000|100%| O|  |TAMS 0x00000000e0a00000, 0x00000000e0a00000| Untracked 
|  10|0x00000000e0a00000, 0x00000000e0b00000, 0x00000000e0b00000|100%|HS|  |TAMS 0x00000000e0b00000, 0x00000000e0b00000| Complete 
|  11|0x00000000e0b00000, 0x00000000e0c00000, 0x00000000e0c00000|100%|HC|  |TAMS 0x00000000e0c00000, 0x00000000e0c00000| Complete 
|  12|0x00000000e0c00000, 0x00000000e0d00000, 0x00000000e0d00000|100%| O|  |TAMS 0x00000000e0d00000, 0x00000000e0d00000| Untracked 
|  13|0x00000000e0d00000, 0x00000000e0e00000, 0x00000000e0e00000|100%| O|  |TAMS 0x00000000e0e00000, 0x00000000e0e00000| Untracked 
|  14|0x00000000e0e00000, 0x00000000e0f00000, 0x00000000e0f00000|100%| O|  |TAMS 0x00000000e0f00000, 0x00000000e0f00000| Untracked 
|  15|0x00000000e0f00000, 0x00000000e1000000, 0x00000000e1000000|100%| O|  |TAMS 0x00000000e1000000, 0x00000000e1000000| Untracked 
|  16|0x00000000e1000000, 0x00000000e1100000, 0x00000000e1100000|100%| O|  |TAMS 0x00000000e1100000, 0x00000000e1100000| Untracked 
|  17|0x00000000e1100000, 0x00000000e1200000, 0x00000000e1200000|100%| O|  |TAMS 0x00000000e1200000, 0x00000000e1200000| Untracked 
|  18|0x00000000e1200000, 0x00000000e1300000, 0x00000000e1300000|100%| O|  |TAMS 0x00000000e1300000, 0x00000000e1300000| Untracked 
|  19|0x00000000e1300000, 0x00000000e1400000, 0x00000000e1400000|100%| O|  |TAMS 0x00000000e1400000, 0x00000000e1400000| Untracked 
|  20|0x00000000e1400000, 0x00000000e1500000, 0x00000000e1500000|100%| O|  |TAMS 0x00000000e1500000, 0x00000000e1500000| Untracked 
|  21|0x00000000e1500000, 0x00000000e1600000, 0x00000000e1600000|100%| O|  |TAMS 0x00000000e1600000, 0x00000000e1600000| Untracked 
|  22|0x00000000e1600000, 0x00000000e1700000, 0x00000000e1700000|100%| O|  |TAMS 0x00000000e1700000, 0x00000000e1700000| Untracked 
|  23|0x00000000e1700000, 0x00000000e1800000, 0x00000000e1800000|100%| O|  |TAMS 0x00000000e1800000, 0x00000000e1800000| Untracked 
|  24|0x00000000e1800000, 0x00000000e1900000, 0x00000000e1900000|100%| O|  |TAMS 0x00000000e1900000, 0x00000000e1900000| Untracked 
|  25|0x00000000e1900000, 0x00000000e1a00000, 0x00000000e1a00000|100%| O|  |TAMS 0x00000000e1a00000, 0x00000000e1a00000| Untracked 
|  26|0x00000000e1a00000, 0x00000000e1b00000, 0x00000000e1b00000|100%| O|  |TAMS 0x00000000e1b00000, 0x00000000e1b00000| Untracked 
|  27|0x00000000e1b00000, 0x00000000e1c00000, 0x00000000e1c00000|100%| O|  |TAMS 0x00000000e1c00000, 0x00000000e1c00000| Untracked 
|  28|0x00000000e1c00000, 0x00000000e1c00000, 0x00000000e1d00000|  0%| F|  |TAMS 0x00000000e1c00000, 0x00000000e1c00000| Untracked 
|  29|0x00000000e1d00000, 0x00000000e1d00000, 0x00000000e1e00000|  0%| F|  |TAMS 0x00000000e1d00000, 0x00000000e1d00000| Untracked 
|  30|0x00000000e1e00000, 0x00000000e1e00000, 0x00000000e1f00000|  0%| F|  |TAMS 0x00000000e1e00000, 0x00000000e1e00000| Untracked 
|  31|0x00000000e1f00000, 0x00000000e2000000, 0x00000000e2000000|100%| O|  |TAMS 0x00000000e2000000, 0x00000000e2000000| Untracked 
|  32|0x00000000e2000000, 0x00000000e2100000, 0x00000000e2100000|100%| O|  |TAMS 0x00000000e2100000, 0x00000000e2100000| Untracked 
|  33|0x00000000e2100000, 0x00000000e2200000, 0x00000000e2200000|100%| O|  |TAMS 0x00000000e2200000, 0x00000000e2200000| Untracked 
|  34|0x00000000e2200000, 0x00000000e2300000, 0x00000000e2300000|100%| O|  |TAMS 0x00000000e2300000, 0x00000000e2300000| Untracked 
|  35|0x00000000e2300000, 0x00000000e2400000, 0x00000000e2400000|100%| O|  |TAMS 0x00000000e2400000, 0x00000000e2400000| Untracked 
|  36|0x00000000e2400000, 0x00000000e2500000, 0x00000000e2500000|100%| O|  |TAMS 0x00000000e2500000, 0x00000000e2500000| Untracked 
|  37|0x00000000e2500000, 0x00000000e2600000, 0x00000000e2600000|100%| O|  |TAMS 0x00000000e2600000, 0x00000000e2600000| Untracked 
|  38|0x00000000e2600000, 0x00000000e2600000, 0x00000000e2700000|  0%| F|  |TAMS 0x00000000e2600000, 0x00000000e2600000| Untracked 
|  39|0x00000000e2700000, 0x00000000e2800000, 0x00000000e2800000|100%| O|  |TAMS 0x00000000e2800000, 0x00000000e2800000| Untracked 
|  40|0x00000000e2800000, 0x00000000e2900000, 0x00000000e2900000|100%| O|  |TAMS 0x00000000e2900000, 0x00000000e2900000| Untracked 
|  41|0x00000000e2900000, 0x00000000e2a00000, 0x00000000e2a00000|100%| O|  |TAMS 0x00000000e2a00000, 0x00000000e2a00000| Untracked 
|  42|0x00000000e2a00000, 0x00000000e2b00000, 0x00000000e2b00000|100%|HS|  |TAMS 0x00000000e2b00000, 0x00000000e2b00000| Complete 
|  43|0x00000000e2b00000, 0x00000000e2c00000, 0x00000000e2c00000|100%|HC|  |TAMS 0x00000000e2c00000, 0x00000000e2c00000| Complete 
|  44|0x00000000e2c00000, 0x00000000e2d00000, 0x00000000e2d00000|100%|HC|  |TAMS 0x00000000e2d00000, 0x00000000e2d00000| Complete 
|  45|0x00000000e2d00000, 0x00000000e2e00000, 0x00000000e2e00000|100%| O|  |TAMS 0x00000000e2e00000, 0x00000000e2e00000| Untracked 
|  46|0x00000000e2e00000, 0x00000000e2f00000, 0x00000000e2f00000|100%| O|  |TAMS 0x00000000e2f00000, 0x00000000e2f00000| Untracked 
|  47|0x00000000e2f00000, 0x00000000e3000000, 0x00000000e3000000|100%| O|  |TAMS 0x00000000e3000000, 0x00000000e3000000| Untracked 
|  48|0x00000000e3000000, 0x00000000e3000000, 0x00000000e3100000|  0%| F|  |TAMS 0x00000000e3000000, 0x00000000e3000000| Untracked 
|  49|0x00000000e3100000, 0x00000000e3100000, 0x00000000e3200000|  0%| F|  |TAMS 0x00000000e3100000, 0x00000000e3100000| Untracked 
|  50|0x00000000e3200000, 0x00000000e3300000, 0x00000000e3300000|100%| O|  |TAMS 0x00000000e3300000, 0x00000000e3300000| Untracked 
|  51|0x00000000e3300000, 0x00000000e3300000, 0x00000000e3400000|  0%| F|  |TAMS 0x00000000e3300000, 0x00000000e3300000| Untracked 
|  52|0x00000000e3400000, 0x00000000e3500000, 0x00000000e3500000|100%| O|  |TAMS 0x00000000e3500000, 0x00000000e3500000| Untracked 
|  53|0x00000000e3500000, 0x00000000e3600000, 0x00000000e3600000|100%| O|  |TAMS 0x00000000e3600000, 0x00000000e3600000| Untracked 
|  54|0x00000000e3600000, 0x00000000e3700000, 0x00000000e3700000|100%| O|  |TAMS 0x00000000e3700000, 0x00000000e3700000| Untracked 
|  55|0x00000000e3700000, 0x00000000e3800000, 0x00000000e3800000|100%| O|  |TAMS 0x00000000e3800000, 0x00000000e3800000| Untracked 
|  56|0x00000000e3800000, 0x00000000e3900000, 0x00000000e3900000|100%| O|  |TAMS 0x00000000e3900000, 0x00000000e3900000| Untracked 
|  57|0x00000000e3900000, 0x00000000e3a00000, 0x00000000e3a00000|100%| O|  |TAMS 0x00000000e3a00000, 0x00000000e3a00000| Untracked 
|  58|0x00000000e3a00000, 0x00000000e3a00000, 0x00000000e3b00000|  0%| F|  |TAMS 0x00000000e3a00000, 0x00000000e3a00000| Untracked 
|  59|0x00000000e3b00000, 0x00000000e3c00000, 0x00000000e3c00000|100%| O|  |TAMS 0x00000000e3c00000, 0x00000000e3c00000| Untracked 
|  60|0x00000000e3c00000, 0x00000000e3d00000, 0x00000000e3d00000|100%| O|  |TAMS 0x00000000e3c00000, 0x00000000e3d00000| Untracked 
|  61|0x00000000e3d00000, 0x00000000e3d00000, 0x00000000e3e00000|  0%| F|  |TAMS 0x00000000e3d00000, 0x00000000e3d00000| Untracked 
|  62|0x00000000e3e00000, 0x00000000e3f00000, 0x00000000e3f00000|100%| O|  |TAMS 0x00000000e3f00000, 0x00000000e3f00000| Untracked 
|  63|0x00000000e3f00000, 0x00000000e4000000, 0x00000000e4000000|100%| O|  |TAMS 0x00000000e3f00000, 0x00000000e4000000| Untracked 
|  64|0x00000000e4000000, 0x00000000e4100000, 0x00000000e4100000|100%| O|  |TAMS 0x00000000e4100000, 0x00000000e4100000| Untracked 
|  65|0x00000000e4100000, 0x00000000e4200000, 0x00000000e4200000|100%| O|  |TAMS 0x00000000e4200000, 0x00000000e4200000| Untracked 
|  66|0x00000000e4200000, 0x00000000e4300000, 0x00000000e4300000|100%| O|  |TAMS 0x00000000e4300000, 0x00000000e4300000| Untracked 
|  67|0x00000000e4300000, 0x00000000e4400000, 0x00000000e4400000|100%| O|  |TAMS 0x00000000e4300000, 0x00000000e4400000| Untracked 
|  68|0x00000000e4400000, 0x00000000e4500000, 0x00000000e4500000|100%| O|  |TAMS 0x00000000e4500000, 0x00000000e4500000| Untracked 
|  69|0x00000000e4500000, 0x00000000e4600000, 0x00000000e4600000|100%| O|  |TAMS 0x00000000e4600000, 0x00000000e4600000| Untracked 
|  70|0x00000000e4600000, 0x00000000e4700000, 0x00000000e4700000|100%| O|  |TAMS 0x00000000e4600000, 0x00000000e4700000| Untracked 
|  71|0x00000000e4700000, 0x00000000e4800000, 0x00000000e4800000|100%| O|  |TAMS 0x00000000e4700000, 0x00000000e4800000| Untracked 
|  72|0x00000000e4800000, 0x00000000e4900000, 0x00000000e4900000|100%| O|  |TAMS 0x00000000e4800000, 0x00000000e4900000| Untracked 
|  73|0x00000000e4900000, 0x00000000e4a00000, 0x00000000e4a00000|100%| O|  |TAMS 0x00000000e4a00000, 0x00000000e4a00000| Untracked 
|  74|0x00000000e4a00000, 0x00000000e4b00000, 0x00000000e4b00000|100%| O|  |TAMS 0x00000000e4b00000, 0x00000000e4b00000| Untracked 
|  75|0x00000000e4b00000, 0x00000000e4c00000, 0x00000000e4c00000|100%| O|  |TAMS 0x00000000e4c00000, 0x00000000e4c00000| Untracked 
|  76|0x00000000e4c00000, 0x00000000e4d00000, 0x00000000e4d00000|100%| O|  |TAMS 0x00000000e4d00000, 0x00000000e4d00000| Untracked 
|  77|0x00000000e4d00000, 0x00000000e4e00000, 0x00000000e4e00000|100%| O|  |TAMS 0x00000000e4e00000, 0x00000000e4e00000| Untracked 
|  78|0x00000000e4e00000, 0x00000000e4f00000, 0x00000000e4f00000|100%| O|  |TAMS 0x00000000e4f00000, 0x00000000e4f00000| Untracked 
|  79|0x00000000e4f00000, 0x00000000e5000000, 0x00000000e5000000|100%| O|  |TAMS 0x00000000e4f00000, 0x00000000e5000000| Untracked 
|  80|0x00000000e5000000, 0x00000000e5100000, 0x00000000e5100000|100%| O|  |TAMS 0x00000000e5000000, 0x00000000e5100000| Untracked 
|  81|0x00000000e5100000, 0x00000000e5100000, 0x00000000e5200000|  0%| F|  |TAMS 0x00000000e5100000, 0x00000000e5100000| Untracked 
|  82|0x00000000e5200000, 0x00000000e5300000, 0x00000000e5300000|100%| O|  |TAMS 0x00000000e5200000, 0x00000000e5300000| Untracked 
|  83|0x00000000e5300000, 0x00000000e5300000, 0x00000000e5400000|  0%| F|  |TAMS 0x00000000e5300000, 0x00000000e5300000| Untracked 
|  84|0x00000000e5400000, 0x00000000e5500000, 0x00000000e5500000|100%| O|  |TAMS 0x00000000e5500000, 0x00000000e5500000| Untracked 
|  85|0x00000000e5500000, 0x00000000e5500000, 0x00000000e5600000|  0%| F|  |TAMS 0x00000000e5500000, 0x00000000e5500000| Untracked 
|  86|0x00000000e5600000, 0x00000000e5700000, 0x00000000e5700000|100%| O|  |TAMS 0x00000000e5700000, 0x00000000e5700000| Untracked 
|  87|0x00000000e5700000, 0x00000000e5800000, 0x00000000e5800000|100%| O|  |TAMS 0x00000000e5700000, 0x00000000e5800000| Untracked 
|  88|0x00000000e5800000, 0x00000000e5900000, 0x00000000e5900000|100%| O|  |TAMS 0x00000000e5800000, 0x00000000e5900000| Untracked 
|  89|0x00000000e5900000, 0x00000000e5a00000, 0x00000000e5a00000|100%| O|  |TAMS 0x00000000e5900000, 0x00000000e5a00000| Untracked 
|  90|0x00000000e5a00000, 0x00000000e5b00000, 0x00000000e5b00000|100%| O|  |TAMS 0x00000000e5a00000, 0x00000000e5b00000| Untracked 
|  91|0x00000000e5b00000, 0x00000000e5c00000, 0x00000000e5c00000|100%| O|  |TAMS 0x00000000e5b00000, 0x00000000e5c00000| Untracked 
|  92|0x00000000e5c00000, 0x00000000e5d00000, 0x00000000e5d00000|100%| O|  |TAMS 0x00000000e5c00000, 0x00000000e5d00000| Untracked 
|  93|0x00000000e5d00000, 0x00000000e5e00000, 0x00000000e5e00000|100%| O|  |TAMS 0x00000000e5d00000, 0x00000000e5e00000| Untracked 
|  94|0x00000000e5e00000, 0x00000000e5f00000, 0x00000000e5f00000|100%| O|  |TAMS 0x00000000e5e00000, 0x00000000e5f00000| Untracked 
|  95|0x00000000e5f00000, 0x00000000e6000000, 0x00000000e6000000|100%| O|  |TAMS 0x00000000e5f00000, 0x00000000e6000000| Untracked 
|  96|0x00000000e6000000, 0x00000000e6100000, 0x00000000e6100000|100%| O|  |TAMS 0x00000000e6100000, 0x00000000e6100000| Untracked 
|  97|0x00000000e6100000, 0x00000000e6200000, 0x00000000e6200000|100%| O|  |TAMS 0x00000000e6200000, 0x00000000e6200000| Untracked 
|  98|0x00000000e6200000, 0x00000000e6300000, 0x00000000e6300000|100%| O|  |TAMS 0x00000000e6200000, 0x00000000e6300000| Untracked 
|  99|0x00000000e6300000, 0x00000000e6300000, 0x00000000e6400000|  0%| F|  |TAMS 0x00000000e6300000, 0x00000000e6300000| Untracked 
| 100|0x00000000e6400000, 0x00000000e6500000, 0x00000000e6500000|100%| O|  |TAMS 0x00000000e6400000, 0x00000000e6500000| Untracked 
| 101|0x00000000e6500000, 0x00000000e6600000, 0x00000000e6600000|100%| O|  |TAMS 0x00000000e6600000, 0x00000000e6600000| Untracked 
| 102|0x00000000e6600000, 0x00000000e6700000, 0x00000000e6700000|100%| O|  |TAMS 0x00000000e6700000, 0x00000000e6700000| Untracked 
| 103|0x00000000e6700000, 0x00000000e6800000, 0x00000000e6800000|100%| O|  |TAMS 0x00000000e6700000, 0x00000000e6800000| Untracked 
| 104|0x00000000e6800000, 0x00000000e6800000, 0x00000000e6900000|  0%| F|  |TAMS 0x00000000e6800000, 0x00000000e6800000| Untracked 
| 105|0x00000000e6900000, 0x00000000e6a00000, 0x00000000e6a00000|100%| O|  |TAMS 0x00000000e6a00000, 0x00000000e6a00000| Untracked 
| 106|0x00000000e6a00000, 0x00000000e6b00000, 0x00000000e6b00000|100%| O|  |TAMS 0x00000000e6b00000, 0x00000000e6b00000| Untracked 
| 107|0x00000000e6b00000, 0x00000000e6c00000, 0x00000000e6c00000|100%| O|  |TAMS 0x00000000e6c00000, 0x00000000e6c00000| Untracked 
| 108|0x00000000e6c00000, 0x00000000e6d00000, 0x00000000e6d00000|100%| O|  |TAMS 0x00000000e6d00000, 0x00000000e6d00000| Untracked 
| 109|0x00000000e6d00000, 0x00000000e6e00000, 0x00000000e6e00000|100%| O|  |TAMS 0x00000000e6e00000, 0x00000000e6e00000| Untracked 
| 110|0x00000000e6e00000, 0x00000000e6f00000, 0x00000000e6f00000|100%| O|  |TAMS 0x00000000e6e00000, 0x00000000e6f00000| Untracked 
| 111|0x00000000e6f00000, 0x00000000e7000000, 0x00000000e7000000|100%| O|  |TAMS 0x00000000e6f00000, 0x00000000e7000000| Untracked 
| 112|0x00000000e7000000, 0x00000000e7100000, 0x00000000e7100000|100%| O|  |TAMS 0x00000000e7000000, 0x00000000e7100000| Untracked 
| 113|0x00000000e7100000, 0x00000000e7100000, 0x00000000e7200000|  0%| F|  |TAMS 0x00000000e7100000, 0x00000000e7100000| Untracked 
| 114|0x00000000e7200000, 0x00000000e7300000, 0x00000000e7300000|100%| O|  |TAMS 0x00000000e7300000, 0x00000000e7300000| Untracked 
| 115|0x00000000e7300000, 0x00000000e7400000, 0x00000000e7400000|100%| O|  |TAMS 0x00000000e7400000, 0x00000000e7400000| Untracked 
| 116|0x00000000e7400000, 0x00000000e7500000, 0x00000000e7500000|100%| O|  |TAMS 0x00000000e7500000, 0x00000000e7500000| Untracked 
| 117|0x00000000e7500000, 0x00000000e7600000, 0x00000000e7600000|100%| O|  |TAMS 0x00000000e7600000, 0x00000000e7600000| Untracked 
| 118|0x00000000e7600000, 0x00000000e7700000, 0x00000000e7700000|100%| O|  |TAMS 0x00000000e7700000, 0x00000000e7700000| Untracked 
| 119|0x00000000e7700000, 0x00000000e7800000, 0x00000000e7800000|100%| O|  |TAMS 0x00000000e7800000, 0x00000000e7800000| Untracked 
| 120|0x00000000e7800000, 0x00000000e7900000, 0x00000000e7900000|100%| O|  |TAMS 0x00000000e7900000, 0x00000000e7900000| Untracked 
| 121|0x00000000e7900000, 0x00000000e7900000, 0x00000000e7a00000|  0%| F|  |TAMS 0x00000000e7900000, 0x00000000e7900000| Untracked 
| 122|0x00000000e7a00000, 0x00000000e7a00000, 0x00000000e7b00000|  0%| F|  |TAMS 0x00000000e7a00000, 0x00000000e7a00000| Untracked 
| 123|0x00000000e7b00000, 0x00000000e7c00000, 0x00000000e7c00000|100%| O|  |TAMS 0x00000000e7c00000, 0x00000000e7c00000| Untracked 
| 124|0x00000000e7c00000, 0x00000000e7c00000, 0x00000000e7d00000|  0%| F|  |TAMS 0x00000000e7c00000, 0x00000000e7c00000| Untracked 
| 125|0x00000000e7d00000, 0x00000000e7d00000, 0x00000000e7e00000|  0%| F|  |TAMS 0x00000000e7d00000, 0x00000000e7d00000| Untracked 
| 126|0x00000000e7e00000, 0x00000000e7e00000, 0x00000000e7f00000|  0%| F|  |TAMS 0x00000000e7e00000, 0x00000000e7e00000| Untracked 
| 127|0x00000000e7f00000, 0x00000000e7f00000, 0x00000000e8000000|  0%| F|  |TAMS 0x00000000e7f00000, 0x00000000e7f00000| Untracked 
| 128|0x00000000e8000000, 0x00000000e8100000, 0x00000000e8100000|100%| O|  |TAMS 0x00000000e8000000, 0x00000000e8100000| Untracked 
| 129|0x00000000e8100000, 0x00000000e8200000, 0x00000000e8200000|100%| O|  |TAMS 0x00000000e8100000, 0x00000000e8200000| Untracked 
| 130|0x00000000e8200000, 0x00000000e8300000, 0x00000000e8300000|100%| O|  |TAMS 0x00000000e8300000, 0x00000000e8300000| Untracked 
| 131|0x00000000e8300000, 0x00000000e8400000, 0x00000000e8400000|100%| O|  |TAMS 0x00000000e8400000, 0x00000000e8400000| Untracked 
| 132|0x00000000e8400000, 0x00000000e8500000, 0x00000000e8500000|100%| O|  |TAMS 0x00000000e8500000, 0x00000000e8500000| Untracked 
| 133|0x00000000e8500000, 0x00000000e8600000, 0x00000000e8600000|100%| O|  |TAMS 0x00000000e8600000, 0x00000000e8600000| Untracked 
| 134|0x00000000e8600000, 0x00000000e8600000, 0x00000000e8700000|  0%| F|  |TAMS 0x00000000e8600000, 0x00000000e8600000| Untracked 
| 135|0x00000000e8700000, 0x00000000e8700000, 0x00000000e8800000|  0%| F|  |TAMS 0x00000000e8700000, 0x00000000e8700000| Untracked 
| 136|0x00000000e8800000, 0x00000000e8900000, 0x00000000e8900000|100%| O|  |TAMS 0x00000000e8900000, 0x00000000e8900000| Untracked 
| 137|0x00000000e8900000, 0x00000000e8900000, 0x00000000e8a00000|  0%| F|  |TAMS 0x00000000e8900000, 0x00000000e8900000| Untracked 
| 138|0x00000000e8a00000, 0x00000000e8b00000, 0x00000000e8b00000|100%| O|  |TAMS 0x00000000e8b00000, 0x00000000e8b00000| Untracked 
| 139|0x00000000e8b00000, 0x00000000e8c00000, 0x00000000e8c00000|100%| O|  |TAMS 0x00000000e8c00000, 0x00000000e8c00000| Untracked 
| 140|0x00000000e8c00000, 0x00000000e8d00000, 0x00000000e8d00000|100%| O|  |TAMS 0x00000000e8d00000, 0x00000000e8d00000| Untracked 
| 141|0x00000000e8d00000, 0x00000000e8e00000, 0x00000000e8e00000|100%| O|  |TAMS 0x00000000e8e00000, 0x00000000e8e00000| Untracked 
| 142|0x00000000e8e00000, 0x00000000e8e00000, 0x00000000e8f00000|  0%| F|  |TAMS 0x00000000e8e00000, 0x00000000e8e00000| Untracked 
| 143|0x00000000e8f00000, 0x00000000e8f00000, 0x00000000e9000000|  0%| F|  |TAMS 0x00000000e8f00000, 0x00000000e8f00000| Untracked 
| 144|0x00000000e9000000, 0x00000000e9000000, 0x00000000e9100000|  0%| F|  |TAMS 0x00000000e9000000, 0x00000000e9000000| Untracked 
| 145|0x00000000e9100000, 0x00000000e9200000, 0x00000000e9200000|100%| O|  |TAMS 0x00000000e9100000, 0x00000000e9200000| Untracked 
| 146|0x00000000e9200000, 0x00000000e9200000, 0x00000000e9300000|  0%| F|  |TAMS 0x00000000e9200000, 0x00000000e9200000| Untracked 
| 147|0x00000000e9300000, 0x00000000e9400000, 0x00000000e9400000|100%| O|  |TAMS 0x00000000e9300000, 0x00000000e9400000| Untracked 
| 148|0x00000000e9400000, 0x00000000e9500000, 0x00000000e9500000|100%| O|  |TAMS 0x00000000e9400000, 0x00000000e9500000| Untracked 
| 149|0x00000000e9500000, 0x00000000e9600000, 0x00000000e9600000|100%| O|  |TAMS 0x00000000e9500000, 0x00000000e9600000| Untracked 
| 150|0x00000000e9600000, 0x00000000e9700000, 0x00000000e9700000|100%| O|  |TAMS 0x00000000e9600000, 0x00000000e9700000| Untracked 
| 151|0x00000000e9700000, 0x00000000e9800000, 0x00000000e9800000|100%| O|  |TAMS 0x00000000e9700000, 0x00000000e9800000| Untracked 
| 152|0x00000000e9800000, 0x00000000e9900000, 0x00000000e9900000|100%| O|  |TAMS 0x00000000e9800000, 0x00000000e9900000| Untracked 
| 153|0x00000000e9900000, 0x00000000e9a00000, 0x00000000e9a00000|100%| O|  |TAMS 0x00000000e9900000, 0x00000000e9a00000| Untracked 
| 154|0x00000000e9a00000, 0x00000000e9b00000, 0x00000000e9b00000|100%| O|  |TAMS 0x00000000e9a00000, 0x00000000e9b00000| Untracked 
| 155|0x00000000e9b00000, 0x00000000e9c00000, 0x00000000e9c00000|100%| O|  |TAMS 0x00000000e9b00000, 0x00000000e9c00000| Untracked 
| 156|0x00000000e9c00000, 0x00000000e9d00000, 0x00000000e9d00000|100%| O|  |TAMS 0x00000000e9c00000, 0x00000000e9d00000| Untracked 
| 157|0x00000000e9d00000, 0x00000000e9e00000, 0x00000000e9e00000|100%| O|  |TAMS 0x00000000e9d00000, 0x00000000e9e00000| Untracked 
| 158|0x00000000e9e00000, 0x00000000e9f00000, 0x00000000e9f00000|100%| O|  |TAMS 0x00000000e9e00000, 0x00000000e9f00000| Untracked 
| 159|0x00000000e9f00000, 0x00000000ea000000, 0x00000000ea000000|100%| O|  |TAMS 0x00000000e9f00000, 0x00000000ea000000| Untracked 
| 160|0x00000000ea000000, 0x00000000ea100000, 0x00000000ea100000|100%| O|  |TAMS 0x00000000ea000000, 0x00000000ea100000| Untracked 
| 161|0x00000000ea100000, 0x00000000ea200000, 0x00000000ea200000|100%| O|  |TAMS 0x00000000ea100000, 0x00000000ea200000| Untracked 
| 162|0x00000000ea200000, 0x00000000ea300000, 0x00000000ea300000|100%| O|  |TAMS 0x00000000ea200000, 0x00000000ea300000| Untracked 
| 163|0x00000000ea300000, 0x00000000ea400000, 0x00000000ea400000|100%| O|  |TAMS 0x00000000ea300000, 0x00000000ea400000| Untracked 
| 164|0x00000000ea400000, 0x00000000ea500000, 0x00000000ea500000|100%| O|  |TAMS 0x00000000ea400000, 0x00000000ea500000| Untracked 
| 165|0x00000000ea500000, 0x00000000ea600000, 0x00000000ea600000|100%| O|  |TAMS 0x00000000ea500000, 0x00000000ea600000| Untracked 
| 166|0x00000000ea600000, 0x00000000ea700000, 0x00000000ea700000|100%| O|  |TAMS 0x00000000ea600000, 0x00000000ea700000| Untracked 
| 167|0x00000000ea700000, 0x00000000ea800000, 0x00000000ea800000|100%| O|  |TAMS 0x00000000ea700000, 0x00000000ea800000| Untracked 
| 168|0x00000000ea800000, 0x00000000ea900000, 0x00000000ea900000|100%| O|  |TAMS 0x00000000ea800000, 0x00000000ea900000| Untracked 
| 169|0x00000000ea900000, 0x00000000eaa00000, 0x00000000eaa00000|100%| O|  |TAMS 0x00000000ea900000, 0x00000000eaa00000| Untracked 
| 170|0x00000000eaa00000, 0x00000000eaa00000, 0x00000000eab00000|  0%| F|  |TAMS 0x00000000eaa00000, 0x00000000eaa00000| Untracked 
| 171|0x00000000eab00000, 0x00000000eab00000, 0x00000000eac00000|  0%| F|  |TAMS 0x00000000eab00000, 0x00000000eab00000| Untracked 
| 172|0x00000000eac00000, 0x00000000eac00000, 0x00000000ead00000|  0%| F|  |TAMS 0x00000000eac00000, 0x00000000eac00000| Untracked 
| 173|0x00000000ead00000, 0x00000000ead00000, 0x00000000eae00000|  0%| F|  |TAMS 0x00000000ead00000, 0x00000000ead00000| Untracked 
| 174|0x00000000eae00000, 0x00000000eae00000, 0x00000000eaf00000|  0%| F|  |TAMS 0x00000000eae00000, 0x00000000eae00000| Untracked 
| 175|0x00000000eaf00000, 0x00000000eaf00000, 0x00000000eb000000|  0%| F|  |TAMS 0x00000000eaf00000, 0x00000000eaf00000| Untracked 
| 176|0x00000000eb000000, 0x00000000eb000000, 0x00000000eb100000|  0%| F|  |TAMS 0x00000000eb000000, 0x00000000eb000000| Untracked 
| 177|0x00000000eb100000, 0x00000000eb100000, 0x00000000eb200000|  0%| F|  |TAMS 0x00000000eb100000, 0x00000000eb100000| Untracked 
| 178|0x00000000eb200000, 0x00000000eb200000, 0x00000000eb300000|  0%| F|  |TAMS 0x00000000eb200000, 0x00000000eb200000| Untracked 
| 179|0x00000000eb300000, 0x00000000eb300000, 0x00000000eb400000|  0%| F|  |TAMS 0x00000000eb300000, 0x00000000eb300000| Untracked 
| 180|0x00000000eb400000, 0x00000000eb400000, 0x00000000eb500000|  0%| F|  |TAMS 0x00000000eb400000, 0x00000000eb400000| Untracked 
| 181|0x00000000eb500000, 0x00000000eb500000, 0x00000000eb600000|  0%| F|  |TAMS 0x00000000eb500000, 0x00000000eb500000| Untracked 
| 182|0x00000000eb600000, 0x00000000eb600000, 0x00000000eb700000|  0%| F|  |TAMS 0x00000000eb600000, 0x00000000eb600000| Untracked 
| 183|0x00000000eb700000, 0x00000000eb700000, 0x00000000eb800000|  0%| F|  |TAMS 0x00000000eb700000, 0x00000000eb700000| Untracked 
| 184|0x00000000eb800000, 0x00000000eb800000, 0x00000000eb900000|  0%| F|  |TAMS 0x00000000eb800000, 0x00000000eb800000| Untracked 
| 185|0x00000000eb900000, 0x00000000eb900000, 0x00000000eba00000|  0%| F|  |TAMS 0x00000000eb900000, 0x00000000eb900000| Untracked 
| 186|0x00000000eba00000, 0x00000000eba00000, 0x00000000ebb00000|  0%| F|  |TAMS 0x00000000eba00000, 0x00000000eba00000| Untracked 
| 187|0x00000000ebb00000, 0x00000000ebb00000, 0x00000000ebc00000|  0%| F|  |TAMS 0x00000000ebb00000, 0x00000000ebb00000| Untracked 
| 188|0x00000000ebc00000, 0x00000000ebc00000, 0x00000000ebd00000|  0%| F|  |TAMS 0x00000000ebc00000, 0x00000000ebc00000| Untracked 
| 189|0x00000000ebd00000, 0x00000000ebd00000, 0x00000000ebe00000|  0%| F|  |TAMS 0x00000000ebd00000, 0x00000000ebd00000| Untracked 
| 190|0x00000000ebe00000, 0x00000000ebe00000, 0x00000000ebf00000|  0%| F|  |TAMS 0x00000000ebe00000, 0x00000000ebe00000| Untracked 
| 191|0x00000000ebf00000, 0x00000000ebf00000, 0x00000000ec000000|  0%| F|  |TAMS 0x00000000ebf00000, 0x00000000ebf00000| Untracked 
| 192|0x00000000ec000000, 0x00000000ec000000, 0x00000000ec100000|  0%| F|  |TAMS 0x00000000ec000000, 0x00000000ec000000| Untracked 
| 193|0x00000000ec100000, 0x00000000ec100000, 0x00000000ec200000|  0%| F|  |TAMS 0x00000000ec100000, 0x00000000ec100000| Untracked 
| 194|0x00000000ec200000, 0x00000000ec2462a0, 0x00000000ec300000| 27%| S|  |TAMS 0x00000000ec200000, 0x00000000ec200000| Complete 
| 195|0x00000000ec300000, 0x00000000ec400000, 0x00000000ec400000|100%| S|  |TAMS 0x00000000ec300000, 0x00000000ec300000| Complete 
| 196|0x00000000ec400000, 0x00000000ec500000, 0x00000000ec500000|100%| S|  |TAMS 0x00000000ec400000, 0x00000000ec400000| Complete 
| 197|0x00000000ec500000, 0x00000000ec600000, 0x00000000ec600000|100%| E|CS|TAMS 0x00000000ec500000, 0x00000000ec600000| Complete 
| 198|0x00000000ec600000, 0x00000000ec700000, 0x00000000ec700000|100%| E|CS|TAMS 0x00000000ec600000, 0x00000000ec700000| Complete 
| 199|0x00000000ec700000, 0x00000000ec800000, 0x00000000ec800000|100%| E|CS|TAMS 0x00000000ec700000, 0x00000000ec800000| Complete 
| 200|0x00000000ec800000, 0x00000000ec900000, 0x00000000ec900000|100%| E|CS|TAMS 0x00000000ec800000, 0x00000000ec900000| Complete 
| 201|0x00000000ec900000, 0x00000000eca00000, 0x00000000eca00000|100%| E|CS|TAMS 0x00000000ec900000, 0x00000000eca00000| Complete 
| 202|0x00000000eca00000, 0x00000000ecb00000, 0x00000000ecb00000|100%| E|CS|TAMS 0x00000000eca00000, 0x00000000ecb00000| Complete 
| 203|0x00000000ecb00000, 0x00000000ecc00000, 0x00000000ecc00000|100%| E|CS|TAMS 0x00000000ecb00000, 0x00000000ecc00000| Complete 
| 204|0x00000000ecc00000, 0x00000000ecd00000, 0x00000000ecd00000|100%| E|CS|TAMS 0x00000000ecc00000, 0x00000000ecd00000| Complete 
| 205|0x00000000ecd00000, 0x00000000ece00000, 0x00000000ece00000|100%| E|CS|TAMS 0x00000000ecd00000, 0x00000000ece00000| Complete 
| 206|0x00000000ece00000, 0x00000000ecf00000, 0x00000000ecf00000|100%| E|CS|TAMS 0x00000000ece00000, 0x00000000ecf00000| Complete 
| 207|0x00000000ecf00000, 0x00000000ed000000, 0x00000000ed000000|100%| E|CS|TAMS 0x00000000ecf00000, 0x00000000ed000000| Complete 
| 208|0x00000000ed000000, 0x00000000ed100000, 0x00000000ed100000|100%| E|CS|TAMS 0x00000000ed000000, 0x00000000ed100000| Complete 
| 209|0x00000000ed100000, 0x00000000ed200000, 0x00000000ed200000|100%| E|CS|TAMS 0x00000000ed100000, 0x00000000ed200000| Complete 
| 210|0x00000000ed200000, 0x00000000ed300000, 0x00000000ed300000|100%| E|CS|TAMS 0x00000000ed200000, 0x00000000ed300000| Complete 
| 211|0x00000000ed300000, 0x00000000ed400000, 0x00000000ed400000|100%| E|CS|TAMS 0x00000000ed300000, 0x00000000ed400000| Complete 
| 212|0x00000000ed400000, 0x00000000ed500000, 0x00000000ed500000|100%| E|CS|TAMS 0x00000000ed400000, 0x00000000ed500000| Complete 
| 213|0x00000000ed500000, 0x00000000ed600000, 0x00000000ed600000|100%| E|CS|TAMS 0x00000000ed500000, 0x00000000ed600000| Complete 
| 214|0x00000000ed600000, 0x00000000ed700000, 0x00000000ed700000|100%| E|CS|TAMS 0x00000000ed600000, 0x00000000ed700000| Complete 
| 215|0x00000000ed700000, 0x00000000ed800000, 0x00000000ed800000|100%| E|CS|TAMS 0x00000000ed700000, 0x00000000ed800000| Complete 
| 216|0x00000000ed800000, 0x00000000ed900000, 0x00000000ed900000|100%| E|CS|TAMS 0x00000000ed800000, 0x00000000ed900000| Complete 
| 217|0x00000000ed900000, 0x00000000eda00000, 0x00000000eda00000|100%| E|CS|TAMS 0x00000000ed900000, 0x00000000eda00000| Complete 
| 218|0x00000000eda00000, 0x00000000edb00000, 0x00000000edb00000|100%| E|CS|TAMS 0x00000000eda00000, 0x00000000edb00000| Complete 
| 219|0x00000000edb00000, 0x00000000edc00000, 0x00000000edc00000|100%| E|CS|TAMS 0x00000000edb00000, 0x00000000edc00000| Complete 
| 220|0x00000000edc00000, 0x00000000edd00000, 0x00000000edd00000|100%| E|CS|TAMS 0x00000000edc00000, 0x00000000edd00000| Complete 
| 221|0x00000000edd00000, 0x00000000ede00000, 0x00000000ede00000|100%| E|CS|TAMS 0x00000000edd00000, 0x00000000ede00000| Complete 
| 222|0x00000000ede00000, 0x00000000edf00000, 0x00000000edf00000|100%| E|CS|TAMS 0x00000000ede00000, 0x00000000edf00000| Complete 
| 223|0x00000000edf00000, 0x00000000ee000000, 0x00000000ee000000|100%| E|CS|TAMS 0x00000000edf00000, 0x00000000ee000000| Complete 
| 224|0x00000000ee000000, 0x00000000ee100000, 0x00000000ee100000|100%| E|CS|TAMS 0x00000000ee000000, 0x00000000ee100000| Complete 
| 225|0x00000000ee100000, 0x00000000ee200000, 0x00000000ee200000|100%| E|CS|TAMS 0x00000000ee100000, 0x00000000ee200000| Complete 
| 226|0x00000000ee200000, 0x00000000ee300000, 0x00000000ee300000|100%| E|CS|TAMS 0x00000000ee200000, 0x00000000ee300000| Complete 
| 227|0x00000000ee300000, 0x00000000ee400000, 0x00000000ee400000|100%| E|CS|TAMS 0x00000000ee300000, 0x00000000ee400000| Complete 
| 228|0x00000000ee400000, 0x00000000ee500000, 0x00000000ee500000|100%| E|CS|TAMS 0x00000000ee400000, 0x00000000ee500000| Complete 
| 229|0x00000000ee500000, 0x00000000ee600000, 0x00000000ee600000|100%| E|CS|TAMS 0x00000000ee500000, 0x00000000ee600000| Complete 
| 230|0x00000000ee600000, 0x00000000ee700000, 0x00000000ee700000|100%| E|CS|TAMS 0x00000000ee600000, 0x00000000ee700000| Complete 
| 231|0x00000000ee700000, 0x00000000ee800000, 0x00000000ee800000|100%| E|CS|TAMS 0x00000000ee700000, 0x00000000ee800000| Complete 
| 232|0x00000000ee800000, 0x00000000ee900000, 0x00000000ee900000|100%| E|CS|TAMS 0x00000000ee800000, 0x00000000ee900000| Complete 
| 233|0x00000000ee900000, 0x00000000eea00000, 0x00000000eea00000|100%| E|CS|TAMS 0x00000000ee900000, 0x00000000eea00000| Complete 
| 234|0x00000000eea00000, 0x00000000eeb00000, 0x00000000eeb00000|100%| E|CS|TAMS 0x00000000eea00000, 0x00000000eeb00000| Complete 
| 235|0x00000000eeb00000, 0x00000000eec00000, 0x00000000eec00000|100%| E|CS|TAMS 0x00000000eeb00000, 0x00000000eec00000| Complete 
| 236|0x00000000eec00000, 0x00000000eed00000, 0x00000000eed00000|100%| E|CS|TAMS 0x00000000eec00000, 0x00000000eed00000| Complete 
| 237|0x00000000eed00000, 0x00000000eee00000, 0x00000000eee00000|100%| E|CS|TAMS 0x00000000eed00000, 0x00000000eee00000| Complete 
| 238|0x00000000eee00000, 0x00000000eef00000, 0x00000000eef00000|100%| E|CS|TAMS 0x00000000eee00000, 0x00000000eef00000| Complete 
| 239|0x00000000eef00000, 0x00000000ef000000, 0x00000000ef000000|100%| E|CS|TAMS 0x00000000eef00000, 0x00000000ef000000| Complete 
| 240|0x00000000ef000000, 0x00000000ef100000, 0x00000000ef100000|100%| E|CS|TAMS 0x00000000ef000000, 0x00000000ef100000| Complete 
| 241|0x00000000ef100000, 0x00000000ef200000, 0x00000000ef200000|100%| E|CS|TAMS 0x00000000ef100000, 0x00000000ef200000| Complete 
| 242|0x00000000ef200000, 0x00000000ef300000, 0x00000000ef300000|100%| E|CS|TAMS 0x00000000ef200000, 0x00000000ef300000| Complete 
| 243|0x00000000ef300000, 0x00000000ef400000, 0x00000000ef400000|100%| E|CS|TAMS 0x00000000ef300000, 0x00000000ef400000| Complete 
| 244|0x00000000ef400000, 0x00000000ef500000, 0x00000000ef500000|100%| E|CS|TAMS 0x00000000ef400000, 0x00000000ef500000| Complete 
| 245|0x00000000ef500000, 0x00000000ef600000, 0x00000000ef600000|100%| E|CS|TAMS 0x00000000ef500000, 0x00000000ef600000| Complete 
| 246|0x00000000ef600000, 0x00000000ef700000, 0x00000000ef700000|100%| E|CS|TAMS 0x00000000ef600000, 0x00000000ef700000| Complete 
| 247|0x00000000ef700000, 0x00000000ef800000, 0x00000000ef800000|100%| E|CS|TAMS 0x00000000ef700000, 0x00000000ef800000| Complete 
| 248|0x00000000ef800000, 0x00000000ef900000, 0x00000000ef900000|100%| E|CS|TAMS 0x00000000ef800000, 0x00000000ef900000| Complete 
| 249|0x00000000ef900000, 0x00000000efa00000, 0x00000000efa00000|100%| E|CS|TAMS 0x00000000ef900000, 0x00000000efa00000| Complete 
| 250|0x00000000efa00000, 0x00000000efb00000, 0x00000000efb00000|100%| E|CS|TAMS 0x00000000efa00000, 0x00000000efb00000| Complete 
| 251|0x00000000efb00000, 0x00000000efc00000, 0x00000000efc00000|100%| E|CS|TAMS 0x00000000efb00000, 0x00000000efc00000| Complete 
| 252|0x00000000efc00000, 0x00000000efd00000, 0x00000000efd00000|100%| E|CS|TAMS 0x00000000efc00000, 0x00000000efd00000| Complete 
| 253|0x00000000efd00000, 0x00000000efe00000, 0x00000000efe00000|100%| E|CS|TAMS 0x00000000efd00000, 0x00000000efe00000| Complete 
| 254|0x00000000efe00000, 0x00000000eff00000, 0x00000000eff00000|100%| E|CS|TAMS 0x00000000efe00000, 0x00000000eff00000| Complete 
| 255|0x00000000eff00000, 0x00000000f0000000, 0x00000000f0000000|100%| E|CS|TAMS 0x00000000eff00000, 0x00000000f0000000| Complete 
| 256|0x00000000f0000000, 0x00000000f0100000, 0x00000000f0100000|100%| E|CS|TAMS 0x00000000f0000000, 0x00000000f0100000| Complete 
| 257|0x00000000f0100000, 0x00000000f0200000, 0x00000000f0200000|100%| E|CS|TAMS 0x00000000f0100000, 0x00000000f0200000| Complete 
| 258|0x00000000f0200000, 0x00000000f0300000, 0x00000000f0300000|100%| E|CS|TAMS 0x00000000f0200000, 0x00000000f0300000| Complete 
| 259|0x00000000f0300000, 0x00000000f0400000, 0x00000000f0400000|100%| E|CS|TAMS 0x00000000f0300000, 0x00000000f0400000| Complete 
| 260|0x00000000f0400000, 0x00000000f0500000, 0x00000000f0500000|100%| E|CS|TAMS 0x00000000f0400000, 0x00000000f0500000| Complete 
| 261|0x00000000f0500000, 0x00000000f0600000, 0x00000000f0600000|100%| E|CS|TAMS 0x00000000f0500000, 0x00000000f0600000| Complete 
| 262|0x00000000f0600000, 0x00000000f0700000, 0x00000000f0700000|100%| E|CS|TAMS 0x00000000f0600000, 0x00000000f0700000| Complete 
| 263|0x00000000f0700000, 0x00000000f0800000, 0x00000000f0800000|100%| E|CS|TAMS 0x00000000f0700000, 0x00000000f0800000| Complete 
| 264|0x00000000f0800000, 0x00000000f0900000, 0x00000000f0900000|100%| E|CS|TAMS 0x00000000f0800000, 0x00000000f0900000| Complete 
| 265|0x00000000f0900000, 0x00000000f0a00000, 0x00000000f0a00000|100%| E|CS|TAMS 0x00000000f0900000, 0x00000000f0a00000| Complete 
| 266|0x00000000f0a00000, 0x00000000f0b00000, 0x00000000f0b00000|100%| E|CS|TAMS 0x00000000f0a00000, 0x00000000f0b00000| Complete 
| 267|0x00000000f0b00000, 0x00000000f0c00000, 0x00000000f0c00000|100%| E|CS|TAMS 0x00000000f0b00000, 0x00000000f0c00000| Complete 
| 268|0x00000000f0c00000, 0x00000000f0d00000, 0x00000000f0d00000|100%| E|CS|TAMS 0x00000000f0c00000, 0x00000000f0d00000| Complete 
| 269|0x00000000f0d00000, 0x00000000f0e00000, 0x00000000f0e00000|100%| E|CS|TAMS 0x00000000f0d00000, 0x00000000f0e00000| Complete 
| 270|0x00000000f0e00000, 0x00000000f0f00000, 0x00000000f0f00000|100%| E|CS|TAMS 0x00000000f0e00000, 0x00000000f0f00000| Complete 
| 271|0x00000000f0f00000, 0x00000000f1000000, 0x00000000f1000000|100%| E|CS|TAMS 0x00000000f0f00000, 0x00000000f1000000| Complete 
| 272|0x00000000f1000000, 0x00000000f1100000, 0x00000000f1100000|100%| E|CS|TAMS 0x00000000f1000000, 0x00000000f1100000| Complete 
| 273|0x00000000f1100000, 0x00000000f1200000, 0x00000000f1200000|100%| E|CS|TAMS 0x00000000f1100000, 0x00000000f1200000| Complete 
| 274|0x00000000f1200000, 0x00000000f1300000, 0x00000000f1300000|100%| E|CS|TAMS 0x00000000f1200000, 0x00000000f1300000| Complete 

Card table byte_map: [0x0000024ca5d80000,0x0000024ca5e80000] _byte_map_base: 0x0000024ca5680000

Marking Bits (Prev, Next): (CMBitMap*) 0x0000024c8e5f9088, (CMBitMap*) 0x0000024c8e5f90c8
 Prev Bits: [0x0000024ca5f80000, 0x0000024ca6780000)
 Next Bits: [0x0000024ca6780000, 0x0000024ca6f80000)

Polling page: 0x0000024c8c5c0000

Metaspace:

Usage:
  Non-class:     72.30 MB capacity,    69.99 MB ( 97%) used,     2.03 MB (  3%) free+waste,   284.88 KB ( <1%) overhead. 
      Class:     11.47 MB capacity,    10.19 MB ( 89%) used,     1.16 MB ( 10%) free+waste,   130.31 KB (  1%) overhead. 
       Both:     83.77 MB capacity,    80.18 MB ( 96%) used,     3.18 MB (  4%) free+waste,   415.19 KB ( <1%) overhead. 

Virtual space:
  Non-class space:       74.00 MB reserved,      72.50 MB ( 98%) committed 
      Class space:      248.00 MB reserved,      11.50 MB (  5%) committed 
             Both:      322.00 MB reserved,      84.00 MB ( 26%) committed 

Chunk freelists:
   Non-Class:  13.00 KB
       Class:  0 bytes
        Both:  13.00 KB

MaxMetaspaceSize: 256.00 MB
CompressedClassSpaceSize: 248.00 MB

CodeHeap 'non-profiled nmethods': size=120000Kb used=14178Kb max_used=14178Kb free=105821Kb
 bounds [0x0000024c9e850000, 0x0000024c9f630000, 0x0000024ca5d80000]
CodeHeap 'profiled nmethods': size=120000Kb used=32081Kb max_used=32081Kb free=87919Kb
 bounds [0x0000024c97320000, 0x0000024c99280000, 0x0000024c9e850000]
CodeHeap 'non-nmethods': size=5760Kb used=2424Kb max_used=2492Kb free=3335Kb
 bounds [0x0000024c96d80000, 0x0000024c97000000, 0x0000024c97320000]
 total_blobs=25549 nmethods=15442 adapters=830
 compilation: enabled
              stopped_count=0, restarted_count=0
 full_count=0

Compilation events (20 events):
Event: 5769.748 Thread 0x0000024ca957e000 18326       3       org.gradle.api.internal.artifacts.repositories.DefaultMavenArtifactRepository_Decorated::<init> (38 bytes)
Event: 5769.748 Thread 0x0000024ca957e000 nmethod 18326 0x0000024c99273810 code [0x0000024c99273a00, 0x0000024c992741c8]
Event: 5769.750 Thread 0x0000024ca957c000 18328       4       org.gradle.internal.component.local.model.DslOriginDependencyMetadataWrapper::getSelector (10 bytes)
Event: 5769.750 Thread 0x0000024ca957c000 nmethod 18328 0x0000024c9f621b90 code [0x0000024c9f621d20, 0x0000024c9f621df8]
Event: 5769.755 Thread 0x0000024ca957c000 18329       4       org.gradle.internal.component.external.model.DefaultConfigurationMetadata$DependencyFilter::dependenciesOnly (60 bytes)
Event: 5769.755 Thread 0x0000024ca957c000 nmethod 18329 0x0000024c9f621e90 code [0x0000024c9f622020, 0x0000024c9f622118]
Event: 5769.755 Thread 0x0000024ca957c000 18331       4       org.gradle.api.internal.artifacts.ivyservice.resolveengine.graph.builder.DefaultPendingDependenciesVisitor::maybeAddAsPendingDependency (73 bytes)
Event: 5769.772 Thread 0x0000024ca957c000 nmethod 18331 0x0000024c9f622210 code [0x0000024c9f622620, 0x0000024c9f6237a0]
Event: 5769.772 Thread 0x0000024ca957c000 18333       4       org.gradle.api.internal.artifacts.ivyservice.resolveengine.graph.builder.NodeState$$Lambda$247/0x0000000800ff9040::apply (16 bytes)
Event: 5769.772 Thread 0x0000024cadbd5800 18334       4       org.gradle.api.internal.artifacts.ivyservice.resolveengine.graph.builder.EdgeState::<init> (90 bytes)
Event: 5769.780 Thread 0x0000024cadbd5800 nmethod 18334 0x0000024c9f624290 code [0x0000024c9f624480, 0x0000024c9f624ce8]
Event: 5769.781 Thread 0x0000024cadbd5800 18337       4       org.gradle.internal.Describables$FixedDescribable::hashCode (15 bytes)
Event: 5769.781 Thread 0x0000024ca957c000 nmethod 18333 0x0000024c9f625010 code [0x0000024c9f625220, 0x0000024c9f625d68]
Event: 5769.781 Thread 0x0000024ca957c000 18338       4       org.gradle.api.internal.artifacts.ivyservice.resolveengine.result.ComponentIdentifierSerializer::write (429 bytes)
Event: 5769.782 Thread 0x0000024cadbd5800 nmethod 18337 0x0000024c9f626110 code [0x0000024c9f6262a0, 0x0000024c9f626398]
Event: 5769.782 Thread 0x0000024cadbd5800 18339       4       org.gradle.api.internal.artifacts.ivyservice.resolveengine.result.ComponentIdentifierSerializer::resolveImplementation (171 bytes)
Event: 5769.795 Thread 0x0000024cadbd5800 nmethod 18339 0x0000024c9f626490 code [0x0000024c9f626780, 0x0000024c9f627598]
Event: 5769.795 Thread 0x0000024cadbd5800 18332       4       org.gradle.api.internal.artifacts.ivyservice.resolveengine.graph.builder.NodeState::maybeCollectStrictVersions (68 bytes)
Event: 5769.800 Thread 0x0000024cadbd5800 nmethod 18332 0x0000024c9f627b90 code [0x0000024c9f627e00, 0x0000024c9f6284d8]
Event: 5769.800 Thread 0x0000024cadbd5800 18335       4       org.gradle.api.internal.artifacts.ivyservice.resolveengine.graph.builder.EdgeState::computeHashCode (43 bytes)

GC Heap History (20 events):
Event: 3555.660 GC heap after
{Heap after GC invocations=31 (full 0):
 garbage-first heap   total 281600K, used 112893K [0x00000000e0000000, 0x0000000100000000)
  region size 1024K, 1 young (1024K), 1 survivors (1024K)
 Metaspace       used 81064K, capacity 84646K, committed 84992K, reserved 327680K
  class space    used 10392K, capacity 11650K, committed 11776K, reserved 253952K
}
Event: 5299.500 GC heap before
{Heap before GC invocations=31 (full 0):
 garbage-first heap   total 281600K, used 224509K [0x00000000e0000000, 0x0000000100000000)
  region size 1024K, 111 young (113664K), 1 survivors (1024K)
 Metaspace       used 81478K, capacity 85029K, committed 85248K, reserved 327680K
  class space    used 10423K, capacity 11737K, committed 11776K, reserved 253952K
}
Event: 5299.520 GC heap after
{Heap after GC invocations=32 (full 0):
 garbage-first heap   total 281600K, used 131357K [0x00000000e0000000, 0x0000000100000000)
  region size 1024K, 14 young (14336K), 14 survivors (14336K)
 Metaspace       used 81478K, capacity 85029K, committed 85248K, reserved 327680K
  class space    used 10423K, capacity 11737K, committed 11776K, reserved 253952K
}
Event: 5300.201 GC heap before
{Heap before GC invocations=32 (full 0):
 garbage-first heap   total 281600K, used 220445K [0x00000000e0000000, 0x0000000100000000)
  region size 1024K, 101 young (103424K), 14 survivors (14336K)
 Metaspace       used 81526K, capacity 85225K, committed 85504K, reserved 327680K
  class space    used 10424K, capacity 11738K, committed 11776K, reserved 253952K
}
Event: 5300.230 GC heap after
{Heap after GC invocations=33 (full 0):
 garbage-first heap   total 281600K, used 148391K [0x00000000e0000000, 0x0000000100000000)
  region size 1024K, 13 young (13312K), 13 survivors (13312K)
 Metaspace       used 81526K, capacity 85225K, committed 85504K, reserved 327680K
  class space    used 10424K, capacity 11738K, committed 11776K, reserved 253952K
}
Event: 5301.260 GC heap before
{Heap before GC invocations=33 (full 0):
 garbage-first heap   total 281600K, used 221095K [0x00000000e0000000, 0x0000000100000000)
  region size 1024K, 85 young (87040K), 13 survivors (13312K)
 Metaspace       used 81640K, capacity 85371K, committed 85504K, reserved 327680K
  class space    used 10426K, capacity 11742K, committed 11776K, reserved 253952K
}
Event: 5301.276 GC heap after
{Heap after GC invocations=34 (full 0):
 garbage-first heap   total 281600K, used 151552K [0x00000000e0000000, 0x0000000100000000)
  region size 1024K, 3 young (3072K), 3 survivors (3072K)
 Metaspace       used 81640K, capacity 85371K, committed 85504K, reserved 327680K
  class space    used 10426K, capacity 11742K, committed 11776K, reserved 253952K
}
Event: 5378.448 GC heap before
{Heap before GC invocations=35 (full 0):
 garbage-first heap   total 281600K, used 209920K [0x00000000e0000000, 0x0000000100000000)
  region size 1024K, 76 young (77824K), 3 survivors (3072K)
 Metaspace       used 81502K, capacity 85083K, committed 85504K, reserved 327680K
  class space    used 10363K, capacity 11618K, committed 11776K, reserved 253952K
}
Event: 5378.453 GC heap after
{Heap after GC invocations=36 (full 0):
 garbage-first heap   total 281600K, used 134888K [0x00000000e0000000, 0x0000000100000000)
  region size 1024K, 3 young (3072K), 3 survivors (3072K)
 Metaspace       used 81502K, capacity 85083K, committed 85504K, reserved 327680K
  class space    used 10363K, capacity 11618K, committed 11776K, reserved 253952K
}
Event: 5498.654 GC heap before
{Heap before GC invocations=36 (full 0):
 garbage-first heap   total 281600K, used 145128K [0x00000000e0000000, 0x0000000100000000)
  region size 1024K, 13 young (13312K), 3 survivors (3072K)
 Metaspace       used 81542K, capacity 85109K, committed 85504K, reserved 327680K
  class space    used 10371K, capacity 11628K, committed 11776K, reserved 253952K
}
Event: 5498.670 GC heap after
{Heap after GC invocations=37 (full 0):
 garbage-first heap   total 281600K, used 113467K [0x00000000e0000000, 0x0000000100000000)
  region size 1024K, 2 young (2048K), 2 survivors (2048K)
 Metaspace       used 81542K, capacity 85109K, committed 85504K, reserved 327680K
  class space    used 10371K, capacity 11628K, committed 11776K, reserved 253952K
}
Event: 5503.114 GC heap before
{Heap before GC invocations=37 (full 0):
 garbage-first heap   total 281600K, used 224059K [0x00000000e0000000, 0x0000000100000000)
  region size 1024K, 110 young (112640K), 2 survivors (2048K)
 Metaspace       used 81990K, capacity 85577K, committed 85760K, reserved 329728K
  class space    used 10429K, capacity 11743K, committed 11776K, reserved 253952K
}
Event: 5503.140 GC heap after
{Heap after GC invocations=38 (full 0):
 garbage-first heap   total 281600K, used 136487K [0x00000000e0000000, 0x0000000100000000)
  region size 1024K, 14 young (14336K), 14 survivors (14336K)
 Metaspace       used 81990K, capacity 85577K, committed 85760K, reserved 329728K
  class space    used 10429K, capacity 11743K, committed 11776K, reserved 253952K
}
Event: 5503.643 GC heap before
{Heap before GC invocations=38 (full 0):
 garbage-first heap   total 281600K, used 220455K [0x00000000e0000000, 0x0000000100000000)
  region size 1024K, 96 young (98304K), 14 survivors (14336K)
 Metaspace       used 82015K, capacity 85705K, committed 85760K, reserved 329728K
  class space    used 10429K, capacity 11743K, committed 11776K, reserved 253952K
}
Event: 5503.675 GC heap after
{Heap after GC invocations=39 (full 0):
 garbage-first heap   total 281600K, used 152474K [0x00000000e0000000, 0x0000000100000000)
  region size 1024K, 12 young (12288K), 12 survivors (12288K)
 Metaspace       used 82015K, capacity 85705K, committed 85760K, reserved 329728K
  class space    used 10429K, capacity 11743K, committed 11776K, reserved 253952K
}
Event: 5504.843 GC heap before
{Heap before GC invocations=40 (full 0):
 garbage-first heap   total 281600K, used 221082K [0x00000000e0000000, 0x0000000100000000)
  region size 1024K, 80 young (81920K), 12 survivors (12288K)
 Metaspace       used 82070K, capacity 85771K, committed 86016K, reserved 329728K
  class space    used 10429K, capacity 11743K, committed 11776K, reserved 253952K
}
Event: 5504.858 GC heap after
{Heap after GC invocations=41 (full 0):
 garbage-first heap   total 281600K, used 155648K [0x00000000e0000000, 0x0000000100000000)
  region size 1024K, 3 young (3072K), 3 survivors (3072K)
 Metaspace       used 82070K, capacity 85771K, committed 86016K, reserved 329728K
  class space    used 10429K, capacity 11743K, committed 11776K, reserved 253952K
}
Event: 5505.165 GC heap before
{Heap before GC invocations=41 (full 0):
 garbage-first heap   total 281600K, used 164864K [0x00000000e0000000, 0x0000000100000000)
  region size 1024K, 13 young (13312K), 3 survivors (3072K)
 Metaspace       used 82070K, capacity 85771K, committed 86016K, reserved 329728K
  class space    used 10429K, capacity 11743K, committed 11776K, reserved 253952K
}
Event: 5505.210 GC heap after
{Heap after GC invocations=42 (full 0):
 garbage-first heap   total 281600K, used 146432K [0x00000000e0000000, 0x0000000100000000)
  region size 1024K, 1 young (1024K), 1 survivors (1024K)
 Metaspace       used 82070K, capacity 85771K, committed 86016K, reserved 329728K
  class space    used 10429K, capacity 11743K, committed 11776K, reserved 253952K
}
Event: 5769.801 GC heap before
{Heap before GC invocations=42 (full 0):
 garbage-first heap   total 281600K, used 225280K [0x00000000e0000000, 0x0000000100000000)
  region size 1024K, 78 young (79872K), 1 survivors (1024K)
 Metaspace       used 82104K, capacity 85780K, committed 86016K, reserved 329728K
  class space    used 10431K, capacity 11745K, committed 11776K, reserved 253952K
}

Deoptimization events (20 events):
Event: 5503.034 Thread 0x0000024cadd66000 DEOPT PACKING pc=0x0000024c9f5052b0 sp=0x000000d73caf9c30
Event: 5503.034 Thread 0x0000024cadd66000 DEOPT UNPACKING pc=0x0000024c96dc912f sp=0x000000d73caf9c40 mode 2
Event: 5503.323 Thread 0x0000024cadd66000 DEOPT PACKING pc=0x0000024c9908df11 sp=0x000000d73cafbf10
Event: 5503.323 Thread 0x0000024cadd66000 DEOPT UNPACKING pc=0x0000024c96dc964e sp=0x000000d73cafb468 mode 0
Event: 5503.366 Thread 0x0000024cadd66000 Uncommon trap: trap_request=0xfffffff4 fr.pc=0x0000024c9f3fd120 relative=0x0000000000000300
Event: 5503.366 Thread 0x0000024cadd66000 Uncommon trap: reason=null_check action=make_not_entrant pc=0x0000024c9f3fd120 method=com.google.common.collect.AbstractMultimap.remove(Ljava/lang/Object;Ljava/lang/Object;)Z @ 10 c2
Event: 5503.366 Thread 0x0000024cadd66000 DEOPT PACKING pc=0x0000024c9f3fd120 sp=0x000000d73cafc560
Event: 5503.366 Thread 0x0000024cadd66000 DEOPT UNPACKING pc=0x0000024c96dc912f sp=0x000000d73cafc500 mode 2
Event: 5503.367 Thread 0x0000024cadd66000 DEOPT PACKING pc=0x0000024c9904c326 sp=0x000000d73cafc5b0
Event: 5503.367 Thread 0x0000024cadd66000 DEOPT UNPACKING pc=0x0000024c96dc964e sp=0x000000d73cafbbc8 mode 0
Event: 5503.381 Thread 0x0000024cadd66000 DEOPT PACKING pc=0x0000024c9903e717 sp=0x000000d73cafc580
Event: 5503.381 Thread 0x0000024cadd66000 DEOPT UNPACKING pc=0x0000024c96dc964e sp=0x000000d73cafbbc0 mode 0
Event: 5503.686 Thread 0x0000024cadd66000 Uncommon trap: trap_request=0xffffff54 fr.pc=0x0000024c9f1a4504 relative=0x0000000000003c84
Event: 5503.686 Thread 0x0000024cadd66000 Uncommon trap: reason=speculate_null_assert action=make_not_entrant pc=0x0000024c9f1a4504 method=com.google.common.collect.Interners$InternerImpl.intern(Ljava/lang/Object;)Ljava/lang/Object; @ 42 c2
Event: 5503.686 Thread 0x0000024cadd66000 DEOPT PACKING pc=0x0000024c9f1a4504 sp=0x000000d73cafab80
Event: 5503.686 Thread 0x0000024cadd66000 DEOPT UNPACKING pc=0x0000024c96dc912f sp=0x000000d73cafac20 mode 2
Event: 5503.740 Thread 0x0000024cafc60000 Uncommon trap: trap_request=0xffffff76 fr.pc=0x0000024c9f48c868 relative=0x0000000000001768
Event: 5503.740 Thread 0x0000024cafc60000 Uncommon trap: reason=predicate action=maybe_recompile pc=0x0000024c9f48c868 method=java.util.TimSort.reverseRange([Ljava/lang/Object;II)V @ 5 c2
Event: 5503.740 Thread 0x0000024cafc60000 DEOPT PACKING pc=0x0000024c9f48c868 sp=0x000000d73e2fb6f0
Event: 5503.740 Thread 0x0000024cafc60000 DEOPT UNPACKING pc=0x0000024c96dc912f sp=0x000000d73e2fb5b0 mode 2

Classes unloaded (20 events):
Event: 5301.459 Thread 0x0000024ca9555000 Unloading class 0x0000000801697840 'org/gradle/api/DomainObjectCollection$all'
Event: 5301.459 Thread 0x0000024ca9555000 Unloading class 0x0000000801357040 'java_lang_System$getenv'
Event: 5301.459 Thread 0x0000024ca9555000 Unloading class 0x0000000801369040 'react_3v17dgr1b4ig5dgh7hb2oyn3n$detectEntryFile'
Event: 5301.459 Thread 0x0000024ca9555000 Unloading class 0x000000080136f040 'java_nio_file_Path$getParent$2'
Event: 5301.459 Thread 0x0000024ca9555000 Unloading class 0x000000080136e040 'java_nio_file_Path$toFile$1'
Event: 5301.459 Thread 0x0000024ca9555000 Unloading class 0x000000080136d840 'java_nio_file_Path$toString$0'
Event: 5301.459 Thread 0x0000024ca9555000 Unloading class 0x000000080136c840 'java_nio_file_Path$normalize'
Event: 5301.459 Thread 0x0000024ca9555000 Unloading class 0x000000080136c040 'org/gradle/api/plugins/ExtraPropertiesExtension$get$0'
Event: 5301.459 Thread 0x0000024ca9555000 Unloading class 0x000000080136b040 'org/gradle/api/plugins/ExtraPropertiesExtension$has'
Event: 5301.460 Thread 0x0000024ca9555000 Unloading class 0x0000000801460840 'org/gradle/api/Project$getConfigurations$2'
Event: 5301.460 Thread 0x0000024ca9555000 Unloading class 0x0000000801317040 'org/gradle/api/Project$dependencies$1'
Event: 5301.460 Thread 0x0000024ca9555000 Unloading class 0x0000000801697040 'org/gradle/api/Project$getProperties$0'
Event: 5301.460 Thread 0x0000024ca9555000 Unloading class 0x0000000801460040 'org/gradle/api/Project$hasProperty'
Event: 5301.460 Thread 0x0000024ca9555000 Unloading class 0x0000000801696840 'java_util_Map$get$0'
Event: 5301.460 Thread 0x0000024ca9555000 Unloading class 0x0000000801552840 'java_util_Map$put'
Event: 5301.460 Thread 0x0000024ca9555000 Unloading class 0x0000000801698040 'org/gradle/api/Script$file$3'
Event: 5301.460 Thread 0x0000024ca9555000 Unloading class 0x00000008013a7840 'org/gradle/api/Script$apply$2'
Event: 5301.460 Thread 0x0000024ca9555000 Unloading class 0x0000000801550040 'org/gradle/api/Script$buildscript$1'
Event: 5301.460 Thread 0x0000024ca9555000 Unloading class 0x00000008015e1840 'org/gradle/api/Script$apply$0'
Event: 5301.460 Thread 0x0000024ca9555000 Unloading class 0x000000080165e040 'org/gradle/api/Script$file'

Classes redefined (0 events):
No events

Internal exceptions (20 events):
Event: 5504.615 Thread 0x0000024cafc60000 Exception <a 'sun/nio/fs/WindowsException'{0x00000000ee179ba8}> (0x00000000ee179ba8) 
thrown [./open/src/hotspot/share/prims/jni.cpp, line 599]
Event: 5504.655 Thread 0x0000024cafc62800 Exception <a 'sun/nio/fs/WindowsException'{0x00000000edf57490}> (0x00000000edf57490) 
thrown [./open/src/hotspot/share/prims/jni.cpp, line 599]
Event: 5504.655 Thread 0x0000024cafc62800 Exception <a 'sun/nio/fs/WindowsException'{0x00000000edf57dc0}> (0x00000000edf57dc0) 
thrown [./open/src/hotspot/share/prims/jni.cpp, line 599]
Event: 5504.655 Thread 0x0000024cafc62800 Exception <a 'sun/nio/fs/WindowsException'{0x00000000edf58788}> (0x00000000edf58788) 
thrown [./open/src/hotspot/share/prims/jni.cpp, line 599]
Event: 5504.656 Thread 0x0000024cafc62800 Exception <a 'sun/nio/fs/WindowsException'{0x00000000edf5e120}> (0x00000000edf5e120) 
thrown [./open/src/hotspot/share/prims/jni.cpp, line 599]
Event: 5504.656 Thread 0x0000024cafc62800 Exception <a 'sun/nio/fs/WindowsException'{0x00000000edf5ea50}> (0x00000000edf5ea50) 
thrown [./open/src/hotspot/share/prims/jni.cpp, line 599]
Event: 5504.656 Thread 0x0000024cafc62800 Exception <a 'sun/nio/fs/WindowsException'{0x00000000edf5f418}> (0x00000000edf5f418) 
thrown [./open/src/hotspot/share/prims/jni.cpp, line 599]
Event: 5505.599 Thread 0x0000024cadd66000 Exception <a 'java/io/FileNotFoundException'{0x00000000ed505498}> (0x00000000ed505498) 
thrown [./open/src/hotspot/share/prims/jni.cpp, line 599]
Event: 5516.562 Thread 0x0000024cadd66000 Exception <a 'sun/nio/fs/WindowsException'{0x00000000ed5cf060}> (0x00000000ed5cf060) 
thrown [./open/src/hotspot/share/prims/jni.cpp, line 599]
Event: 5516.563 Thread 0x0000024cadd66000 Exception <a 'sun/nio/fs/WindowsException'{0x00000000ed5d00c0}> (0x00000000ed5d00c0) 
thrown [./open/src/hotspot/share/prims/jni.cpp, line 599]
Event: 5516.563 Thread 0x0000024cadd66000 Exception <a 'sun/nio/fs/WindowsException'{0x00000000ed5d1158}> (0x00000000ed5d1158) 
thrown [./open/src/hotspot/share/prims/jni.cpp, line 599]
Event: 5516.564 Thread 0x0000024cadd66000 Exception <a 'sun/nio/fs/WindowsException'{0x00000000ed5d2188}> (0x00000000ed5d2188) 
thrown [./open/src/hotspot/share/prims/jni.cpp, line 599]
Event: 5516.564 Thread 0x0000024cadd66000 Exception <a 'sun/nio/fs/WindowsException'{0x00000000ed5d3218}> (0x00000000ed5d3218) 
thrown [./open/src/hotspot/share/prims/jni.cpp, line 599]
Event: 5516.565 Thread 0x0000024cadd66000 Exception <a 'sun/nio/fs/WindowsException'{0x00000000ed5d4278}> (0x00000000ed5d4278) 
thrown [./open/src/hotspot/share/prims/jni.cpp, line 599]
Event: 5516.566 Thread 0x0000024cadd66000 Exception <a 'sun/nio/fs/WindowsException'{0x00000000ed5d52f8}> (0x00000000ed5d52f8) 
thrown [./open/src/hotspot/share/prims/jni.cpp, line 599]
Event: 5516.566 Thread 0x0000024cadd66000 Exception <a 'sun/nio/fs/WindowsException'{0x00000000ed5d6358}> (0x00000000ed5d6358) 
thrown [./open/src/hotspot/share/prims/jni.cpp, line 599]
Event: 5516.567 Thread 0x0000024cadd66000 Exception <a 'sun/nio/fs/WindowsException'{0x00000000ed5d73b8}> (0x00000000ed5d73b8) 
thrown [./open/src/hotspot/share/prims/jni.cpp, line 599]
Event: 5516.567 Thread 0x0000024cadd66000 Exception <a 'sun/nio/fs/WindowsException'{0x00000000ed5d8408}> (0x00000000ed5d8408) 
thrown [./open/src/hotspot/share/prims/jni.cpp, line 599]
Event: 5516.568 Thread 0x0000024cadd66000 Exception <a 'sun/nio/fs/WindowsException'{0x00000000ed5d9478}> (0x00000000ed5d9478) 
thrown [./open/src/hotspot/share/prims/jni.cpp, line 599]
Event: 5516.569 Thread 0x0000024cadd66000 Exception <a 'sun/nio/fs/WindowsException'{0x00000000ed5da4b8}> (0x00000000ed5da4b8) 
thrown [./open/src/hotspot/share/prims/jni.cpp, line 599]

Events (20 events):
Event: 5766.610 Thread 0x0000024cafc60000 Thread added: 0x0000024cafc60000
Event: 5766.611 Executing VM operation: HandshakeOneThread
Event: 5766.611 Executing VM operation: HandshakeOneThread done
Event: 5766.613 Thread 0x0000024cafc61800 Thread added: 0x0000024cafc61800
Event: 5766.613 Thread 0x0000024cafc5b800 Thread added: 0x0000024cafc5b800
Event: 5766.614 Thread 0x0000024cafc67000 Thread added: 0x0000024cafc67000
Event: 5766.617 Thread 0x0000024cafc65800 Thread added: 0x0000024cafc65800
Event: 5766.623 Thread 0x0000024cafc64800 Thread added: 0x0000024cafc64800
Event: 5766.625 Thread 0x0000024cafc62800 Thread added: 0x0000024cafc62800
Event: 5766.627 Thread 0x0000024cafc68000 Thread added: 0x0000024cafc68000
Event: 5769.744 Executing VM operation: BulkRevokeBias
Event: 5769.744 Executing VM operation: BulkRevokeBias done
Event: 5769.772 Thread 0x0000024cadbd5800 Thread added: 0x0000024cadbd5800
Event: 5769.778 Thread 0x0000024cafc69000 Thread added: 0x0000024cafc69000
Event: 5769.778 Thread 0x0000024cafc66800 Thread added: 0x0000024cafc66800
Event: 5769.778 Thread 0x0000024cafc64000 Thread added: 0x0000024cafc64000
Event: 5769.778 Thread 0x0000024cafc63000 Thread added: 0x0000024cafc63000
Event: 5769.778 Executing VM operation: HandshakeOneThread
Event: 5769.779 Executing VM operation: HandshakeOneThread done
Event: 5769.801 Executing VM operation: G1CollectForAllocation


Dynamic libraries:
0x00007ff63d740000 - 0x00007ff63d74f000 	C:\Program Files\Java\jdk-14.0.1\bin\java.exe
0x00007ff8b3d30000 - 0x00007ff8b3f26000 	C:\WINDOWS\SYSTEM32\ntdll.dll
0x00007ff8b2bb0000 - 0x00007ff8b2c6d000 	C:\WINDOWS\System32\KERNEL32.DLL
0x00007ff8b14d0000 - 0x00007ff8b1798000 	C:\WINDOWS\System32\KERNELBASE.dll
0x00007ff8b17a0000 - 0x00007ff8b18a0000 	C:\WINDOWS\System32\ucrtbase.dll
0x00007ff8a2200000 - 0x00007ff8a2218000 	C:\Program Files\Java\jdk-14.0.1\bin\jli.dll
0x00007ff89df40000 - 0x00007ff89df55000 	C:\Program Files\Java\jdk-14.0.1\bin\VCRUNTIME140.dll
0x00007ff8b2a50000 - 0x00007ff8b2afc000 	C:\WINDOWS\System32\ADVAPI32.dll
0x00007ff8b1f60000 - 0x00007ff8b1ffe000 	C:\WINDOWS\System32\msvcrt.dll
0x00007ff8b2e40000 - 0x00007ff8b2edb000 	C:\WINDOWS\System32\sechost.dll
0x00007ff8b2470000 - 0x00007ff8b2594000 	C:\WINDOWS\System32\RPCRT4.dll
0x00007ff8b2c70000 - 0x00007ff8b2e10000 	C:\WINDOWS\System32\USER32.dll
0x00007ff8b14a0000 - 0x00007ff8b14c2000 	C:\WINDOWS\System32\win32u.dll
0x00007ff8b3c60000 - 0x00007ff8b3c8a000 	C:\WINDOWS\System32\GDI32.dll
0x00007ff898d80000 - 0x00007ff89901b000 	C:\WINDOWS\WinSxS\amd64_microsoft.windows.common-controls_6595b64144ccf1df_6.0.19041.488_none_ca04af081b815d21\COMCTL32.dll
0x00007ff8b1940000 - 0x00007ff8b1a49000 	C:\WINDOWS\System32\gdi32full.dll
0x00007ff8b18a0000 - 0x00007ff8b193d000 	C:\WINDOWS\System32\msvcp_win.dll
0x00007ff8a8cd0000 - 0x00007ff8a8cda000 	C:\WINDOWS\SYSTEM32\VERSION.dll
0x00007ff8b2e10000 - 0x00007ff8b2e40000 	C:\WINDOWS\System32\IMM32.DLL
0x00007ff88d770000 - 0x00007ff88d80b000 	C:\Program Files\Java\jdk-14.0.1\bin\msvcp140.dll
0x00007ff873f60000 - 0x00007ff874a7e000 	C:\Program Files\Java\jdk-14.0.1\bin\server\jvm.dll
0x00007ff8b2750000 - 0x00007ff8b2758000 	C:\WINDOWS\System32\PSAPI.DLL
0x00007ff8a51d0000 - 0x00007ff8a51d9000 	C:\WINDOWS\SYSTEM32\WSOCK32.dll
0x00007ff8a7e70000 - 0x00007ff8a7e97000 	C:\WINDOWS\SYSTEM32\WINMM.dll
0x00007ff8b33b0000 - 0x00007ff8b341b000 	C:\WINDOWS\System32\WS2_32.dll
0x00007ff8af3e0000 - 0x00007ff8af3f2000 	C:\WINDOWS\SYSTEM32\kernel.appcore.dll
0x00007ff8ad2e0000 - 0x00007ff8ad2ea000 	C:\Program Files\Java\jdk-14.0.1\bin\jimage.dll
0x00007ff8ac610000 - 0x00007ff8ac7f4000 	C:\WINDOWS\SYSTEM32\DBGHELP.DLL
0x00007ff8ac5e0000 - 0x00007ff8ac60c000 	C:\WINDOWS\SYSTEM32\dbgcore.DLL
0x00007ff8b1b00000 - 0x00007ff8b1b7f000 	C:\WINDOWS\System32\bcryptPrimitives.dll
0x00007ff8968d0000 - 0x00007ff8968f5000 	C:\Program Files\Java\jdk-14.0.1\bin\java.dll
0x00007ff896510000 - 0x00007ff896526000 	C:\Program Files\Java\jdk-14.0.1\bin\zip.dll
0x00007ff8b3420000 - 0x00007ff8b3b61000 	C:\WINDOWS\System32\SHELL32.dll
0x00007ff8af5e0000 - 0x00007ff8afd75000 	C:\WINDOWS\SYSTEM32\windows.storage.dll
0x00007ff8b3050000 - 0x00007ff8b33a5000 	C:\WINDOWS\System32\combase.dll
0x00007ff8b0ee0000 - 0x00007ff8b0f0c000 	C:\WINDOWS\SYSTEM32\Wldp.dll
0x00007ff8b2b00000 - 0x00007ff8b2bae000 	C:\WINDOWS\System32\SHCORE.dll
0x00007ff8b3c90000 - 0x00007ff8b3ce5000 	C:\WINDOWS\System32\shlwapi.dll
0x00007ff8b13a0000 - 0x00007ff8b13c6000 	C:\WINDOWS\SYSTEM32\profapi.dll
0x00007ff896470000 - 0x00007ff896489000 	C:\Program Files\Java\jdk-14.0.1\bin\net.dll
0x00007ff8a9e30000 - 0x00007ff8a9f30000 	C:\WINDOWS\SYSTEM32\WINHTTP.dll
0x00007ff8b0c60000 - 0x00007ff8b0cca000 	C:\WINDOWS\system32\mswsock.dll
0x00007ff895ec0000 - 0x00007ff895ed2000 	C:\Program Files\Java\jdk-14.0.1\bin\nio.dll
0x00007ff8acf10000 - 0x00007ff8acf20000 	C:\Program Files\Java\jdk-14.0.1\bin\verify.dll
0x00007ff893cd0000 - 0x00007ff893cf7000 	C:\Users\Aboth\.gradle\native\481b90ef2c2b5ab96622bab5346fdaaafe5c91895d4d4de1c4fe4b2e89a8011f\windows-amd64\native-platform.dll
0x00007ff8ab7c0000 - 0x00007ff8ab7c9000 	C:\Program Files\Java\jdk-14.0.1\bin\management.dll
0x00007ff8a4bb0000 - 0x00007ff8a4bbb000 	C:\Program Files\Java\jdk-14.0.1\bin\management_ext.dll
0x00007ff8b0e30000 - 0x00007ff8b0e48000 	C:\WINDOWS\SYSTEM32\CRYPTSP.dll
0x00007ff8b0580000 - 0x00007ff8b05b4000 	C:\WINDOWS\system32\rsaenh.dll
0x00007ff8b1470000 - 0x00007ff8b1497000 	C:\WINDOWS\System32\bcrypt.dll
0x00007ff8b1360000 - 0x00007ff8b138e000 	C:\WINDOWS\SYSTEM32\USERENV.dll
0x00007ff8b0e50000 - 0x00007ff8b0e5c000 	C:\WINDOWS\SYSTEM32\CRYPTBASE.dll
0x00007ff8b0900000 - 0x00007ff8b093b000 	C:\WINDOWS\SYSTEM32\IPHLPAPI.DLL
0x00007ff8b1f50000 - 0x00007ff8b1f58000 	C:\WINDOWS\System32\NSI.dll
0x00007ff8ac170000 - 0x00007ff8ac187000 	C:\WINDOWS\SYSTEM32\dhcpcsvc6.DLL
0x00007ff8ac150000 - 0x00007ff8ac16d000 	C:\WINDOWS\SYSTEM32\dhcpcsvc.DLL
0x00007ff8b0940000 - 0x00007ff8b0a0b000 	C:\WINDOWS\SYSTEM32\DNSAPI.dll
0x00007ff8ac200000 - 0x00007ff8ac20b000 	C:\WINDOWS\SYSTEM32\WINNSI.DLL
0x00007ff886510000 - 0x00007ff8866a8000 	C:\Program Files\Java\jdk-14.0.1\bin\awt.dll
0x00007ff8b2860000 - 0x00007ff8b292d000 	C:\WINDOWS\System32\OLEAUT32.dll
0x00007ff8aed60000 - 0x00007ff8aedf0000 	C:\WINDOWS\SYSTEM32\apphelp.dll
0x00007ff8aef00000 - 0x00007ff8aef9e000 	C:\WINDOWS\system32\uxtheme.dll
0x00007ff8b2930000 - 0x00007ff8b2a45000 	C:\WINDOWS\System32\MSCTF.dll
0x00007ff8b1e20000 - 0x00007ff8b1f4a000 	C:\WINDOWS\System32\ole32.dll

dbghelp: loaded successfully - version: 4.0.5 - missing functions: none
symbol engine: initialized successfully - sym options: 0x614 - pdb path: .;C:\Program Files\Java\jdk-14.0.1\bin;C:\WINDOWS\SYSTEM32;C:\WINDOWS\WinSxS\amd64_microsoft.windows.common-controls_6595b64144ccf1df_6.0.19041.488_none_ca04af081b815d21;C:\Program Files\Java\jdk-14.0.1\bin\server;C:\Users\Aboth\.gradle\native\481b90ef2c2b5ab96622bab5346fdaaafe5c91895d4d4de1c4fe4b2e89a8011f\windows-amd64

VM Arguments:
jvm_args: --add-opens=java.base/java.util=ALL-UNNAMED --add-opens=java.base/java.lang=ALL-UNNAMED --add-opens=java.base/java.lang.invoke=ALL-UNNAMED --add-opens=java.prefs/java.util.prefs=ALL-UNNAMED -XX:MaxMetaspaceSize=256m -XX:+HeapDumpOnOutOfMemoryError -Xms256m -Xmx512m -Dfile.encoding=windows-1252 -Duser.country=FR -Duser.language=fr -Duser.variant 
java_command: org.gradle.launcher.daemon.bootstrap.GradleDaemon 6.4.1
java_class_path (initial): C:\Users\Aboth\.gradle\wrapper\dists\gradle-6.4.1-all\13imxtezgn9nwzqt8rgtkunh1\gradle-6.4.1\lib\gradle-launcher-6.4.1.jar
Launcher Type: SUN_STANDARD

[Global flags]
     intx CICompilerCount                          = 3                                         {product} {ergonomic}
   size_t CompressedClassSpaceSize                 = 260046848                                 {product} {ergonomic}
     uint ConcGCThreads                            = 1                                         {product} {ergonomic}
     uint G1ConcRefinementThreads                  = 4                                         {product} {ergonomic}
   size_t G1HeapRegionSize                         = 1048576                                   {product} {ergonomic}
    uintx GCDrainStackTargetSize                   = 64                                        {product} {ergonomic}
     bool HeapDumpOnOutOfMemoryError               = true                                   {manageable} {command line}
   size_t InitialHeapSize                          = 268435456                                 {product} {command line}
   size_t MarkStackSize                            = 4194304                                   {product} {ergonomic}
   size_t MaxHeapSize                              = 536870912                                 {product} {command line}
   size_t MaxMetaspaceSize                         = 268435456                                 {product} {command line}
   size_t MaxNewSize                               = 321912832                                 {product} {ergonomic}
   size_t MinHeapDeltaBytes                        = 1048576                                   {product} {ergonomic}
   size_t MinHeapSize                              = 268435456                                 {product} {command line}
    uintx NonNMethodCodeHeapSize                   = 5832780                                {pd product} {ergonomic}
    uintx NonProfiledCodeHeapSize                  = 122912730                              {pd product} {ergonomic}
    uintx ProfiledCodeHeapSize                     = 122912730                              {pd product} {ergonomic}
    uintx ReservedCodeCacheSize                    = 251658240                              {pd product} {ergonomic}
     bool SegmentedCodeCache                       = true                                      {product} {ergonomic}
   size_t SoftMaxHeapSize                          = 536870912                              {manageable} {ergonomic}
     bool UseCompressedClassPointers               = true                                 {lp64_product} {ergonomic}
     bool UseCompressedOops                        = true                                 {lp64_product} {ergonomic}
     bool UseG1GC                                  = true                                      {product} {ergonomic}
     bool UseLargePagesIndividualAllocation        = false                                  {pd product} {ergonomic}

Logging:
Log output configuration:
 #0: stdout all=warning uptime,level,tags
 #1: stderr all=off uptime,level,tags

Environment Variables:
JAVA_HOME=C:\Program Files\Java\jdk-14.0.1
CLASSPATH=C:\Apotheose\SwordBloody\android\\gradle\wrapper\gradle-wrapper.jar
PATH=C:\Apotheose\SwordBloody\android\node_modules\.bin;C:\Apotheose\SwordBloody\node_modules\.bin;C:\Apotheose\node_modules\.bin;C:\node_modules\.bin;C:\Program Files\nodejs;C:\Apotheose\SwordBloody\node_modules\.bin;C:\Python27\;C:\Python27\Scripts;C:\Program Files\Common Files\Microsoft Shared\Windows Live;C:\Program Files (x86)\Common Files\Microsoft Shared\Windows Live;C:\Windows\system32;C:\Windows;C:\Windows\System32\Wbem;C:\Windows\System32\WindowsPowerShell\v1.0\;C:\Program Files (x86)\Windows Live\Shared;C:\Program Files (x86)\QuickTime\QTSystem\;C:\Program Files (x86)\Calibre2\;C:\Program Files (x86)\NVIDIA Corporation\PhysX\Common;C:\Program Files\Git\cmd;C:\xampp2\php;C:\ProgramData\ComposerSetup\bin;C:\WINDOWS\system32;C:\WINDOWS;C:\WINDOWS\System32\Wbem;C:\WINDOWS\System32\WindowsPowerShell\v1.0\;C:\WINDOWS\System32\OpenSSH\;C:\ProgramData\chocolatey\bin;C:\Program Files\Java\jdk1.8.0_211\bin;C:\Program Files (x86)\Yarn\bin\;c:\sonar-scanner-4.2.0.1873-windows\bin;c:\Programmes\Java\jdk-14.0.1\bin;C:\Program Files\PuTTY\;C:\Program Files\nodejs\;c:\Users\Aboth\AppData\Local\Android\Sdk\platform-tools;C:\Users\Aboth\AppData\Local\Programs\Microsoft VS Code\bin;c:\Users\Aboth\AppData\Local\Programs\Microsoft VS Code\bin;c:\sonar-scanner-4.2.0.1873-windows\bin;C:\Program Files\Java\jdk-14.0.1\bin;C:\Users\Aboth\AppData\Roaming\npm;C:\Users\Aboth\AppData\Local\Microsoft\WindowsApps;
USERNAME=Aboth
OS=Windows_NT
PROCESSOR_IDENTIFIER=Intel64 Family 6 Model 42 Stepping 7, GenuineIntel



---------------  S Y S T E M  ---------------

OS: Windows 10 , 64 bit Build 19041 (10.0.19041.546)
OS uptime: 0 days 19:38 hours

CPU:total 4 (initial active 4) (4 cores per cpu, 1 threads per core) family 6 model 42 stepping 7, cmov, cx8, fxsr, mmx, sse, sse2, sse3, ssse3, sse4.1, sse4.2, popcnt, avx, aes, clmul, tsc, tscinvbit

Memory: 4k page, system-wide physical 8173M (2474M free)
TotalPageFile size 16365M (AvailPageFile size 9089M)
current process WorkingSet (physical memory assigned to process): 510M, peak: 527M
current process commit charge ("private bytes"): 589M, peak: 609M

vm_info: Java HotSpot(TM) 64-Bit Server VM (14.0.1+7) for windows-amd64 JRE (14.0.1+7), built on Mar  5 2020 10:30:14 by "mach5one" with MS VC++ 15.9 (VS2017)

END.
